This file contains any messages produced by compilers while
running configure, to aid debugging if configure makes a mistake.

It was created by openvswitch configure 2.14.1, which was
generated by GNU Autoconf 2.69.  Invocation command line was

  $ ./configure --with-linux=/lib/modules/4.19.90-2102.2.0.0068.ctl2.x86_64/build

## --------- ##
## Platform. ##
## --------- ##

hostname = testovs
uname -m = x86_64
uname -r = 4.19.90-2102.2.0.0068.ctl2.x86_64
uname -s = Linux
uname -v = #1 SMP Tue Aug 22 10:54:58 UTC 2023

/usr/bin/uname -p = x86_64
/bin/uname -X     = unknown

/bin/arch              = x86_64
/usr/bin/arch -k       = unknown
/usr/convex/getsysinfo = unknown
/usr/bin/hostinfo      = unknown
/bin/machine           = unknown
/usr/bin/oslevel       = unknown
/bin/universe          = unknown

PATH: /usr/local/sbin
PATH: /usr/local/bin
PATH: /usr/sbin
PATH: /usr/bin
PATH: /root/bin


## ----------- ##
## Core tests. ##
## ----------- ##

configure:3014: checking for a BSD-compatible install
configure:3082: result: /usr/bin/install -c
configure:3093: checking whether build environment is sane
configure:3148: result: yes
configure:3297: checking for a thread-safe mkdir -p
configure:3336: result: /usr/bin/mkdir -p
configure:3343: checking for gawk
configure:3359: found /usr/bin/gawk
configure:3370: result: gawk
configure:3381: checking whether make sets $(MAKE)
configure:3403: result: yes
configure:3432: checking whether make supports nested variables
configure:3449: result: yes
configure:3528: checking how to create a pax tar archive
configure:3539: tar --version
tar (GNU tar) 1.32
Copyright (C) 2019 Free Software Foundation, Inc.
License GPLv3+: GNU GPL version 3 or later <https://gnu.org/licenses/gpl.html>.
This is free software: you are free to change and redistribute it.
There is NO WARRANTY, to the extent permitted by law.

Written by John Gilmore and Jay Fenlason.
configure:3542: $? = 0
configure:3582: tardir=conftest.dir && eval tar --format=posix -chf - "$tardir" >conftest.tar
configure:3585: $? = 0
configure:3589: tar -xf - <conftest.tar
configure:3592: $? = 0
configure:3594: cat conftest.dir/file
GrepMe
configure:3597: $? = 0
configure:3610: result: gnutar
configure:3665: checking whether make supports the include directive
configure:3680: make -f confmf.GNU && cat confinc.out
this is the am__doit target
configure:3683: $? = 0
configure:3702: result: yes (GNU style)
configure:3772: checking for gcc
configure:3788: found /usr/bin/gcc
configure:3799: result: gcc
configure:4028: checking for C compiler version
configure:4037: gcc --version >&5
gcc (GCC) 7.3.0
Copyright (C) 2017 Free Software Foundation, Inc.
This is free software; see the source for copying conditions.  There is NO
warranty; not even for MERCHANTABILITY or FITNESS FOR A PARTICULAR PURPOSE.

configure:4048: $? = 0
configure:4037: gcc -v >&5
Using built-in specs.
COLLECT_GCC=gcc
COLLECT_LTO_WRAPPER=/usr/libexec/gcc/x86_64-linux-gnu/7.3.0/lto-wrapper
Target: x86_64-linux-gnu
Configured with: ../configure --prefix=/usr --mandir=/usr/share/man --infodir=/usr/share/info --enable-shared --enable-threads=posix --enable-checking=release --with-system-zlib --enable-__cxa_atexit --disable-libunwind-exceptions --enable-gnu-unique-object --enable-linker-build-id --with-linker-hash-style=gnu --enable-languages=c,c++,objc,obj-c++,fortran,lto --enable-plugin --enable-initfini-array --disable-libgcj --without-isl --without-cloog --enable-gnu-indirect-function --build=x86_64-linux-gnu --with-stage1-ldflags=' -Wl,-z,relro,-z,now' --with-boot-ldflags=' -Wl,-z,relro,-z,now' --with-tune=generic --with-arch_32=x86-64 --disable-multilib
Thread model: posix
gcc version 7.3.0 (GCC) 
configure:4048: $? = 0
configure:4037: gcc -V >&5
gcc: error: unrecognized command line option '-V'
gcc: fatal error: no input files
compilation terminated.
configure:4048: $? = 1
configure:4037: gcc -qversion >&5
gcc: error: unrecognized command line option '-qversion'; did you mean '--version'?
gcc: fatal error: no input files
compilation terminated.
configure:4048: $? = 1
configure:4068: checking whether the C compiler works
configure:4090: gcc    conftest.c  >&5
configure:4094: $? = 0
configure:4142: result: yes
configure:4145: checking for C compiler default output file name
configure:4147: result: a.out
configure:4153: checking for suffix of executables
configure:4160: gcc -o conftest    conftest.c  >&5
configure:4164: $? = 0
configure:4186: result: 
configure:4208: checking whether we are cross compiling
configure:4216: gcc -o conftest    conftest.c  >&5
configure:4220: $? = 0
configure:4227: ./conftest
configure:4231: $? = 0
configure:4219: result: no
configure:4224: checking for suffix of object files
configure:4246: gcc -c   conftest.c >&5
configure:4250: $? = 0
configure:4271: result: o
configure:4275: checking whether we are using the GNU C compiler
configure:4294: gcc -c   conftest.c >&5
configure:4294: $? = 0
configure:4303: result: yes
configure:4312: checking whether gcc accepts -g
configure:4332: gcc -c -g  conftest.c >&5
configure:4332: $? = 0
configure:4373: result: yes
configure:4390: checking for gcc option to accept ISO C89
configure:4453: gcc  -c -g -O2  conftest.c >&5
configure:4453: $? = 0
configure:4466: result: none needed
configure:4491: checking whether gcc understands -c and -o together
configure:4513: gcc -c conftest.c -o conftest2.o
configure:4516: $? = 0
configure:4513: gcc -c conftest.c -o conftest2.o
configure:4516: $? = 0
configure:4528: result: yes
configure:4547: checking dependency style of gcc
configure:4658: result: gcc3
configure:4673: checking for gcc option to accept ISO C99
configure:4822: gcc  -c -g -O2  conftest.c >&5
configure:4822: $? = 0
configure:4835: result: none needed
configure:4909: checking for g++
configure:4939: result: no
configure:4909: checking for c++
configure:4939: result: no
configure:4909: checking for gpp
configure:4939: result: no
configure:4909: checking for aCC
configure:4939: result: no
configure:4909: checking for CC
configure:4939: result: no
configure:4909: checking for cxx
configure:4939: result: no
configure:4909: checking for cc++
configure:4939: result: no
configure:4909: checking for cl.exe
configure:4939: result: no
configure:4909: checking for FCC
configure:4939: result: no
configure:4909: checking for KCC
configure:4939: result: no
configure:4909: checking for RCC
configure:4939: result: no
configure:4909: checking for xlC_r
configure:4939: result: no
configure:4909: checking for xlC
configure:4939: result: no
configure:4963: checking for C++ compiler version
configure:4972: g++ --version >&5
./configure: line 4974: g++: command not found
configure:4983: $? = 127
configure:4972: g++ -v >&5
./configure: line 4974: g++: command not found
configure:4983: $? = 127
configure:4972: g++ -V >&5
./configure: line 4974: g++: command not found
configure:4983: $? = 127
configure:4972: g++ -qversion >&5
./configure: line 4974: g++: command not found
configure:4983: $? = 127
configure:4987: checking whether we are using the GNU C++ compiler
configure:5006: g++ -c   conftest.cpp >&5
./configure: line 1758: g++: command not found
configure:5006: $? = 127
configure: failed program was:
| /* confdefs.h */
| #define PACKAGE_NAME "openvswitch"
| #define PACKAGE_TARNAME "openvswitch"
| #define PACKAGE_VERSION "2.14.1"
| #define PACKAGE_STRING "openvswitch 2.14.1"
| #define PACKAGE_BUGREPORT "bugs@openvswitch.org"
| #define PACKAGE_URL ""
| #define PACKAGE "openvswitch"
| #define VERSION "2.14.1"
| /* end confdefs.h.  */
| 
| int
| main ()
| {
| #ifndef __GNUC__
|        choke me
| #endif
| 
|   ;
|   return 0;
| }
configure:5015: result: no
configure:5024: checking whether g++ accepts -g
configure:5044: g++ -c -g  conftest.cpp >&5
./configure: line 1758: g++: command not found
configure:5044: $? = 127
configure: failed program was:
| /* confdefs.h */
| #define PACKAGE_NAME "openvswitch"
| #define PACKAGE_TARNAME "openvswitch"
| #define PACKAGE_VERSION "2.14.1"
| #define PACKAGE_STRING "openvswitch 2.14.1"
| #define PACKAGE_BUGREPORT "bugs@openvswitch.org"
| #define PACKAGE_URL ""
| #define PACKAGE "openvswitch"
| #define VERSION "2.14.1"
| /* end confdefs.h.  */
| 
| int
| main ()
| {
| 
|   ;
|   return 0;
| }
configure:5059: g++ -c   conftest.cpp >&5
./configure: line 1758: g++: command not found
configure:5059: $? = 127
configure: failed program was:
| /* confdefs.h */
| #define PACKAGE_NAME "openvswitch"
| #define PACKAGE_TARNAME "openvswitch"
| #define PACKAGE_VERSION "2.14.1"
| #define PACKAGE_STRING "openvswitch 2.14.1"
| #define PACKAGE_BUGREPORT "bugs@openvswitch.org"
| #define PACKAGE_URL ""
| #define PACKAGE "openvswitch"
| #define VERSION "2.14.1"
| /* end confdefs.h.  */
| 
| int
| main ()
| {
| 
|   ;
|   return 0;
| }
configure:5075: g++ -c -g  conftest.cpp >&5
./configure: line 1758: g++: command not found
configure:5075: $? = 127
configure: failed program was:
| /* confdefs.h */
| #define PACKAGE_NAME "openvswitch"
| #define PACKAGE_TARNAME "openvswitch"
| #define PACKAGE_VERSION "2.14.1"
| #define PACKAGE_STRING "openvswitch 2.14.1"
| #define PACKAGE_BUGREPORT "bugs@openvswitch.org"
| #define PACKAGE_URL ""
| #define PACKAGE "openvswitch"
| #define VERSION "2.14.1"
| /* end confdefs.h.  */
| 
| int
| main ()
| {
| 
|   ;
|   return 0;
| }
configure:5085: result: no
configure:5110: checking dependency style of g++
configure:5221: result: none
configure:5241: checking how to run the C preprocessor
configure:5272: gcc -E  conftest.c
configure:5272: $? = 0
configure:5286: gcc -E  conftest.c
conftest.c:11:10: fatal error: ac_nonexistent.h: No such file or directory
 #include <ac_nonexistent.h>
          ^~~~~~~~~~~~~~~~~~
compilation terminated.
configure:5286: $? = 1
configure: failed program was:
| /* confdefs.h */
| #define PACKAGE_NAME "openvswitch"
| #define PACKAGE_TARNAME "openvswitch"
| #define PACKAGE_VERSION "2.14.1"
| #define PACKAGE_STRING "openvswitch 2.14.1"
| #define PACKAGE_BUGREPORT "bugs@openvswitch.org"
| #define PACKAGE_URL ""
| #define PACKAGE "openvswitch"
| #define VERSION "2.14.1"
| /* end confdefs.h.  */
| #include <ac_nonexistent.h>
configure:5311: result: gcc -E
configure:5331: gcc -E  conftest.c
configure:5331: $? = 0
configure:5345: gcc -E  conftest.c
conftest.c:11:10: fatal error: ac_nonexistent.h: No such file or directory
 #include <ac_nonexistent.h>
          ^~~~~~~~~~~~~~~~~~
compilation terminated.
configure:5345: $? = 1
configure: failed program was:
| /* confdefs.h */
| #define PACKAGE_NAME "openvswitch"
| #define PACKAGE_TARNAME "openvswitch"
| #define PACKAGE_VERSION "2.14.1"
| #define PACKAGE_STRING "openvswitch 2.14.1"
| #define PACKAGE_BUGREPORT "bugs@openvswitch.org"
| #define PACKAGE_URL ""
| #define PACKAGE "openvswitch"
| #define VERSION "2.14.1"
| /* end confdefs.h.  */
| #include <ac_nonexistent.h>
configure:5374: checking for grep that handles long lines and -e
configure:5432: result: /usr/bin/grep
configure:5437: checking for fgrep
configure:5499: result: /usr/bin/grep -F
configure:5504: checking for egrep
configure:5566: result: /usr/bin/grep -E
configure:5625: checking for pkg-config
configure:5643: found /usr/bin/pkg-config
configure:5655: result: /usr/bin/pkg-config
configure:5680: checking pkg-config is at least version 0.9.0
configure:5683: result: yes
configure:5698: checking for ANSI C header files
configure:5718: gcc -c -g -O2  conftest.c >&5
configure:5718: $? = 0
configure:5791: gcc -o conftest -g -O2   conftest.c  >&5
configure:5791: $? = 0
configure:5791: ./conftest
configure:5791: $? = 0
configure:5802: result: yes
configure:5815: checking for sys/types.h
configure:5815: gcc -c -g -O2  conftest.c >&5
configure:5815: $? = 0
configure:5815: result: yes
configure:5815: checking for sys/stat.h
configure:5815: gcc -c -g -O2  conftest.c >&5
configure:5815: $? = 0
configure:5815: result: yes
configure:5815: checking for stdlib.h
configure:5815: gcc -c -g -O2  conftest.c >&5
configure:5815: $? = 0
configure:5815: result: yes
configure:5815: checking for string.h
configure:5815: gcc -c -g -O2  conftest.c >&5
configure:5815: $? = 0
configure:5815: result: yes
configure:5815: checking for memory.h
configure:5815: gcc -c -g -O2  conftest.c >&5
configure:5815: $? = 0
configure:5815: result: yes
configure:5815: checking for strings.h
configure:5815: gcc -c -g -O2  conftest.c >&5
configure:5815: $? = 0
configure:5815: result: yes
configure:5815: checking for inttypes.h
configure:5815: gcc -c -g -O2  conftest.c >&5
configure:5815: $? = 0
configure:5815: result: yes
configure:5815: checking for stdint.h
configure:5815: gcc -c -g -O2  conftest.c >&5
configure:5815: $? = 0
configure:5815: result: yes
configure:5815: checking for unistd.h
configure:5815: gcc -c -g -O2  conftest.c >&5
configure:5815: $? = 0
configure:5815: result: yes
configure:5828: checking minix/config.h usability
configure:5828: gcc -c -g -O2  conftest.c >&5
conftest.c:54:10: fatal error: minix/config.h: No such file or directory
 #include <minix/config.h>
          ^~~~~~~~~~~~~~~~
compilation terminated.
configure:5828: $? = 1
configure: failed program was:
| /* confdefs.h */
| #define PACKAGE_NAME "openvswitch"
| #define PACKAGE_TARNAME "openvswitch"
| #define PACKAGE_VERSION "2.14.1"
| #define PACKAGE_STRING "openvswitch 2.14.1"
| #define PACKAGE_BUGREPORT "bugs@openvswitch.org"
| #define PACKAGE_URL ""
| #define PACKAGE "openvswitch"
| #define VERSION "2.14.1"
| #define STDC_HEADERS 1
| #define HAVE_SYS_TYPES_H 1
| #define HAVE_SYS_STAT_H 1
| #define HAVE_STDLIB_H 1
| #define HAVE_STRING_H 1
| #define HAVE_MEMORY_H 1
| #define HAVE_STRINGS_H 1
| #define HAVE_INTTYPES_H 1
| #define HAVE_STDINT_H 1
| #define HAVE_UNISTD_H 1
| /* end confdefs.h.  */
| #include <stdio.h>
| #ifdef HAVE_SYS_TYPES_H
| # include <sys/types.h>
| #endif
| #ifdef HAVE_SYS_STAT_H
| # include <sys/stat.h>
| #endif
| #ifdef STDC_HEADERS
| # include <stdlib.h>
| # include <stddef.h>
| #else
| # ifdef HAVE_STDLIB_H
| #  include <stdlib.h>
| # endif
| #endif
| #ifdef HAVE_STRING_H
| # if !defined STDC_HEADERS && defined HAVE_MEMORY_H
| #  include <memory.h>
| # endif
| # include <string.h>
| #endif
| #ifdef HAVE_STRINGS_H
| # include <strings.h>
| #endif
| #ifdef HAVE_INTTYPES_H
| # include <inttypes.h>
| #endif
| #ifdef HAVE_STDINT_H
| # include <stdint.h>
| #endif
| #ifdef HAVE_UNISTD_H
| # include <unistd.h>
| #endif
| #include <minix/config.h>
configure:5828: result: no
configure:5828: checking minix/config.h presence
configure:5828: gcc -E  conftest.c
conftest.c:21:10: fatal error: minix/config.h: No such file or directory
 #include <minix/config.h>
          ^~~~~~~~~~~~~~~~
compilation terminated.
configure:5828: $? = 1
configure: failed program was:
| /* confdefs.h */
| #define PACKAGE_NAME "openvswitch"
| #define PACKAGE_TARNAME "openvswitch"
| #define PACKAGE_VERSION "2.14.1"
| #define PACKAGE_STRING "openvswitch 2.14.1"
| #define PACKAGE_BUGREPORT "bugs@openvswitch.org"
| #define PACKAGE_URL ""
| #define PACKAGE "openvswitch"
| #define VERSION "2.14.1"
| #define STDC_HEADERS 1
| #define HAVE_SYS_TYPES_H 1
| #define HAVE_SYS_STAT_H 1
| #define HAVE_STDLIB_H 1
| #define HAVE_STRING_H 1
| #define HAVE_MEMORY_H 1
| #define HAVE_STRINGS_H 1
| #define HAVE_INTTYPES_H 1
| #define HAVE_STDINT_H 1
| #define HAVE_UNISTD_H 1
| /* end confdefs.h.  */
| #include <minix/config.h>
configure:5828: result: no
configure:5828: checking for minix/config.h
configure:5828: result: no
configure:5849: checking whether it is safe to define __EXTENSIONS__
configure:5867: gcc -c -g -O2  conftest.c >&5
configure:5867: $? = 0
configure:5874: result: yes
configure:5888: checking whether byte ordering is bigendian
configure:5903: gcc -c -g -O2  conftest.c >&5
conftest.c:27:9: error: unknown type name 'not'
         not a universal capable compiler
         ^~~
conftest.c:27:15: error: expected '=', ',', ';', 'asm' or '__attribute__' before 'universal'
         not a universal capable compiler
               ^~~~~~~~~
conftest.c:27:15: error: unknown type name 'universal'
configure:5903: $? = 1
configure: failed program was:
| /* confdefs.h */
| #define PACKAGE_NAME "openvswitch"
| #define PACKAGE_TARNAME "openvswitch"
| #define PACKAGE_VERSION "2.14.1"
| #define PACKAGE_STRING "openvswitch 2.14.1"
| #define PACKAGE_BUGREPORT "bugs@openvswitch.org"
| #define PACKAGE_URL ""
| #define PACKAGE "openvswitch"
| #define VERSION "2.14.1"
| #define STDC_HEADERS 1
| #define HAVE_SYS_TYPES_H 1
| #define HAVE_SYS_STAT_H 1
| #define HAVE_STDLIB_H 1
| #define HAVE_STRING_H 1
| #define HAVE_MEMORY_H 1
| #define HAVE_STRINGS_H 1
| #define HAVE_INTTYPES_H 1
| #define HAVE_STDINT_H 1
| #define HAVE_UNISTD_H 1
| #define __EXTENSIONS__ 1
| #define _ALL_SOURCE 1
| #define _GNU_SOURCE 1
| #define _POSIX_PTHREAD_SEMANTICS 1
| #define _TANDEM_SOURCE 1
| /* end confdefs.h.  */
| #ifndef __APPLE_CC__
| 	       not a universal capable compiler
| 	     #endif
| 	     typedef int dummy;
| 
configure:5948: gcc -c -g -O2  conftest.c >&5
configure:5948: $? = 0
configure:5966: gcc -c -g -O2  conftest.c >&5
conftest.c: In function 'main':
conftest.c:33:4: error: unknown type name 'not'; did you mean 'ino_t'?
    not big endian
    ^~~
    ino_t
conftest.c:33:12: error: expected '=', ',', ';', 'asm' or '__attribute__' before 'endian'
    not big endian
            ^~~~~~
configure:5966: $? = 1
configure: failed program was:
| /* confdefs.h */
| #define PACKAGE_NAME "openvswitch"
| #define PACKAGE_TARNAME "openvswitch"
| #define PACKAGE_VERSION "2.14.1"
| #define PACKAGE_STRING "openvswitch 2.14.1"
| #define PACKAGE_BUGREPORT "bugs@openvswitch.org"
| #define PACKAGE_URL ""
| #define PACKAGE "openvswitch"
| #define VERSION "2.14.1"
| #define STDC_HEADERS 1
| #define HAVE_SYS_TYPES_H 1
| #define HAVE_SYS_STAT_H 1
| #define HAVE_STDLIB_H 1
| #define HAVE_STRING_H 1
| #define HAVE_MEMORY_H 1
| #define HAVE_STRINGS_H 1
| #define HAVE_INTTYPES_H 1
| #define HAVE_STDINT_H 1
| #define HAVE_UNISTD_H 1
| #define __EXTENSIONS__ 1
| #define _ALL_SOURCE 1
| #define _GNU_SOURCE 1
| #define _POSIX_PTHREAD_SEMANTICS 1
| #define _TANDEM_SOURCE 1
| /* end confdefs.h.  */
| #include <sys/types.h>
| 		#include <sys/param.h>
| 
| int
| main ()
| {
| #if BYTE_ORDER != BIG_ENDIAN
| 		 not big endian
| 		#endif
| 
|   ;
|   return 0;
| }
configure:6094: result: no
configure:6119: checking for special C compiler options needed for large files
configure:6164: result: no
configure:6170: checking for _FILE_OFFSET_BITS value needed for large files
configure:6195: gcc -c -g -O2  conftest.c >&5
configure:6195: $? = 0
configure:6227: result: no
configure:6342: checking build system type
configure:6356: result: x86_64-pc-linux-gnu
configure:6376: checking host system type
configure:6389: result: x86_64-pc-linux-gnu
configure:6430: checking how to print strings
configure:6457: result: printf
configure:6478: checking for a sed that does not truncate output
configure:6542: result: /usr/bin/sed
configure:6590: checking for ld used by gcc
configure:6657: result: /usr/bin/ld
configure:6664: checking if the linker (/usr/bin/ld) is GNU ld
configure:6679: result: yes
configure:6691: checking for BSD- or MS-compatible name lister (nm)
configure:6745: result: /usr/bin/nm -B
configure:6875: checking the name lister (/usr/bin/nm -B) interface
configure:6882: gcc -c -g -O2  conftest.c >&5
configure:6885: /usr/bin/nm -B "conftest.o"
configure:6888: output
0000000000000000 B some_variable
configure:6889: result: BSD nm
configure:6892: checking whether ln -s works
configure:6896: result: yes
configure:6904: checking the maximum length of command line arguments
configure:7035: result: 1572864
configure:7083: checking how to convert x86_64-pc-linux-gnu file names to x86_64-pc-linux-gnu format
configure:7123: result: func_convert_file_noop
configure:7130: checking how to convert x86_64-pc-linux-gnu file names to toolchain format
configure:7150: result: func_convert_file_noop
configure:7157: checking for /usr/bin/ld option to reload object files
configure:7164: result: -r
configure:7238: checking for objdump
configure:7254: found /usr/bin/objdump
configure:7265: result: objdump
configure:7297: checking how to recognize dependent libraries
configure:7497: result: pass_all
configure:7582: checking for dlltool
configure:7612: result: no
configure:7642: checking how to associate runtime and link libraries
configure:7669: result: printf %s\n
configure:7729: checking for ar
configure:7745: found /usr/bin/ar
configure:7756: result: ar
configure:7793: checking for archiver @FILE support
configure:7810: gcc -c -g -O2  conftest.c >&5
configure:7810: $? = 0
configure:7813: ar cru libconftest.a @conftest.lst >&5
configure:7816: $? = 0
configure:7821: ar cru libconftest.a @conftest.lst >&5
ar: conftest.o: No such file or directory
configure:7824: $? = 1
configure:7823: result: @
configure:7881: checking for strip
configure:7897: found /usr/bin/strip
configure:7908: result: strip
configure:7980: checking for ranlib
configure:7996: found /usr/bin/ranlib
configure:8007: result: ranlib
configure:8109: checking command to parse /usr/bin/nm -B output from gcc object
configure:8262: gcc -c -g -O2  conftest.c >&5
configure:8265: $? = 0
configure:8269: /usr/bin/nm -B conftest.o \| sed -n -e 's/^.*[ ]\([ABCDGIRSTW][ABCDGIRSTW]*\)[ ][ ]*\([_A-Za-z][_A-Za-z0-9]*\)$/\1 \2 \2/p' | sed '/ __gnu_lto/d' \> conftest.nm
configure:8272: $? = 0
configure:8338: gcc -o conftest -g -O2   conftest.c conftstm.o >&5
configure:8341: $? = 0
configure:8379: result: ok
configure:8426: checking for sysroot
configure:8456: result: no
configure:8463: checking for a working dd
configure:8501: result: /usr/bin/dd
configure:8505: checking how to truncate binary pipes
configure:8520: result: /usr/bin/dd bs=4096 count=1
configure:8656: gcc -c -g -O2  conftest.c >&5
configure:8659: $? = 0
configure:8849: checking for mt
configure:8879: result: no
configure:8899: checking if : is a manifest tool
configure:8905: : '-?'
configure:8913: result: no
configure:9587: checking for dlfcn.h
configure:9587: gcc -c -g -O2  conftest.c >&5
configure:9587: $? = 0
configure:9587: result: yes
configure:9853: checking for objdir
configure:9868: result: .libs
configure:10132: checking if gcc supports -fno-rtti -fno-exceptions
configure:10150: gcc -c -g -O2  -fno-rtti -fno-exceptions conftest.c >&5
cc1: warning: command line option '-fno-rtti' is valid for C++/ObjC++ but not for C
configure:10154: $? = 0
configure:10167: result: no
configure:10525: checking for gcc option to produce PIC
configure:10532: result: -fPIC -DPIC
configure:10540: checking if gcc PIC flag -fPIC -DPIC works
configure:10558: gcc -c -g -O2  -fPIC -DPIC -DPIC conftest.c >&5
configure:10562: $? = 0
configure:10575: result: yes
configure:10604: checking if gcc static flag -static works
configure:10632: result: yes
configure:10647: checking if gcc supports -c -o file.o
configure:10668: gcc -c -g -O2  -o out/conftest2.o conftest.c >&5
configure:10672: $? = 0
configure:10694: result: yes
configure:10702: checking if gcc supports -c -o file.o
configure:10749: result: yes
configure:10782: checking whether the gcc linker (/usr/bin/ld -m elf_x86_64) supports shared libraries
configure:12041: result: yes
configure:12281: checking dynamic linker characteristics
configure:12862: gcc -o conftest -g -O2   -Wl,-rpath -Wl,/foo conftest.c  >&5
configure:12862: $? = 0
configure:13102: result: GNU/Linux ld.so
configure:13224: checking how to hardcode library paths into programs
configure:13249: result: immediate
configure:13797: checking whether stripping libraries is possible
configure:13802: result: yes
configure:13837: checking if libtool supports shared libraries
configure:13839: result: yes
configure:13842: checking whether to build shared libraries
configure:13867: result: no
configure:13870: checking whether to build static libraries
configure:13874: result: yes
configure:14043: checking for library containing pow
configure:14074: gcc -o conftest -g -O2   conftest.c  >&5
conftest.c:35:6: warning: conflicting types for built-in function 'pow' [-Wbuiltin-declaration-mismatch]
 char pow ();
      ^~~
/usr/bin/ld: /tmp/ccopWeQ3.o: in function `main':
/root/ovsgw/openvswitch-2.14.1/conftest.c:39: undefined reference to `pow'
collect2: error: ld returned 1 exit status
configure:14074: $? = 1
configure: failed program was:
| /* confdefs.h */
| #define PACKAGE_NAME "openvswitch"
| #define PACKAGE_TARNAME "openvswitch"
| #define PACKAGE_VERSION "2.14.1"
| #define PACKAGE_STRING "openvswitch 2.14.1"
| #define PACKAGE_BUGREPORT "bugs@openvswitch.org"
| #define PACKAGE_URL ""
| #define PACKAGE "openvswitch"
| #define VERSION "2.14.1"
| #define STDC_HEADERS 1
| #define HAVE_SYS_TYPES_H 1
| #define HAVE_SYS_STAT_H 1
| #define HAVE_STDLIB_H 1
| #define HAVE_STRING_H 1
| #define HAVE_MEMORY_H 1
| #define HAVE_STRINGS_H 1
| #define HAVE_INTTYPES_H 1
| #define HAVE_STDINT_H 1
| #define HAVE_UNISTD_H 1
| #define __EXTENSIONS__ 1
| #define _ALL_SOURCE 1
| #define _GNU_SOURCE 1
| #define _POSIX_PTHREAD_SEMANTICS 1
| #define _TANDEM_SOURCE 1
| #define HAVE_DLFCN_H 1
| #define LT_OBJDIR ".libs/"
| /* end confdefs.h.  */
| 
| /* Override any GCC internal prototype to avoid an error.
|    Use char because int might match the return type of a GCC
|    builtin and then its argument prototype would still apply.  */
| #ifdef __cplusplus
| extern "C"
| #endif
| char pow ();
| int
| main ()
| {
| return pow ();
|   ;
|   return 0;
| }
configure:14074: gcc -o conftest -g -O2   conftest.c -lm   >&5
conftest.c:35:6: warning: conflicting types for built-in function 'pow' [-Wbuiltin-declaration-mismatch]
 char pow ();
      ^~~
configure:14074: $? = 0
configure:14091: result: -lm
configure:14099: checking for library containing clock_gettime
configure:14130: gcc -o conftest -g -O2   conftest.c -lm  >&5
configure:14130: $? = 0
configure:14147: result: none required
configure:14155: checking for library containing timer_create
configure:14186: gcc -o conftest -g -O2   conftest.c -lm  >&5
/usr/bin/ld: /tmp/ccXA77o2.o: in function `main':
/root/ovsgw/openvswitch-2.14.1/conftest.c:39: undefined reference to `timer_create'
collect2: error: ld returned 1 exit status
configure:14186: $? = 1
configure: failed program was:
| /* confdefs.h */
| #define PACKAGE_NAME "openvswitch"
| #define PACKAGE_TARNAME "openvswitch"
| #define PACKAGE_VERSION "2.14.1"
| #define PACKAGE_STRING "openvswitch 2.14.1"
| #define PACKAGE_BUGREPORT "bugs@openvswitch.org"
| #define PACKAGE_URL ""
| #define PACKAGE "openvswitch"
| #define VERSION "2.14.1"
| #define STDC_HEADERS 1
| #define HAVE_SYS_TYPES_H 1
| #define HAVE_SYS_STAT_H 1
| #define HAVE_STDLIB_H 1
| #define HAVE_STRING_H 1
| #define HAVE_MEMORY_H 1
| #define HAVE_STRINGS_H 1
| #define HAVE_INTTYPES_H 1
| #define HAVE_STDINT_H 1
| #define HAVE_UNISTD_H 1
| #define __EXTENSIONS__ 1
| #define _ALL_SOURCE 1
| #define _GNU_SOURCE 1
| #define _POSIX_PTHREAD_SEMANTICS 1
| #define _TANDEM_SOURCE 1
| #define HAVE_DLFCN_H 1
| #define LT_OBJDIR ".libs/"
| /* end confdefs.h.  */
| 
| /* Override any GCC internal prototype to avoid an error.
|    Use char because int might match the return type of a GCC
|    builtin and then its argument prototype would still apply.  */
| #ifdef __cplusplus
| extern "C"
| #endif
| char timer_create ();
| int
| main ()
| {
| return timer_create ();
|   ;
|   return 0;
| }
configure:14186: gcc -o conftest -g -O2   conftest.c -lrt  -lm  >&5
configure:14186: $? = 0
configure:14203: result: -lrt
configure:14211: checking for library containing pthread_rwlock_tryrdlock
configure:14242: gcc -o conftest -g -O2   conftest.c -lrt -lm  >&5
/usr/bin/ld: /tmp/ccbt36b6.o: undefined reference to symbol 'pthread_rwlock_tryrdlock@@GLIBC_2.2.5'
/usr/bin/ld: /usr/lib64/libpthread.so.0: error adding symbols: DSO missing from command line
collect2: error: ld returned 1 exit status
configure:14242: $? = 1
configure: failed program was:
| /* confdefs.h */
| #define PACKAGE_NAME "openvswitch"
| #define PACKAGE_TARNAME "openvswitch"
| #define PACKAGE_VERSION "2.14.1"
| #define PACKAGE_STRING "openvswitch 2.14.1"
| #define PACKAGE_BUGREPORT "bugs@openvswitch.org"
| #define PACKAGE_URL ""
| #define PACKAGE "openvswitch"
| #define VERSION "2.14.1"
| #define STDC_HEADERS 1
| #define HAVE_SYS_TYPES_H 1
| #define HAVE_SYS_STAT_H 1
| #define HAVE_STDLIB_H 1
| #define HAVE_STRING_H 1
| #define HAVE_MEMORY_H 1
| #define HAVE_STRINGS_H 1
| #define HAVE_INTTYPES_H 1
| #define HAVE_STDINT_H 1
| #define HAVE_UNISTD_H 1
| #define __EXTENSIONS__ 1
| #define _ALL_SOURCE 1
| #define _GNU_SOURCE 1
| #define _POSIX_PTHREAD_SEMANTICS 1
| #define _TANDEM_SOURCE 1
| #define HAVE_DLFCN_H 1
| #define LT_OBJDIR ".libs/"
| /* end confdefs.h.  */
| 
| /* Override any GCC internal prototype to avoid an error.
|    Use char because int might match the return type of a GCC
|    builtin and then its argument prototype would still apply.  */
| #ifdef __cplusplus
| extern "C"
| #endif
| char pthread_rwlock_tryrdlock ();
| int
| main ()
| {
| return pthread_rwlock_tryrdlock ();
|   ;
|   return 0;
| }
configure:14242: gcc -o conftest -g -O2   conftest.c -lpthread  -lrt -lm  >&5
configure:14242: $? = 0
configure:14259: result: -lpthread
configure:14267: checking for library containing pthread_rwlockattr_destroy
configure:14298: gcc -o conftest -g -O2   conftest.c -lpthread -lrt -lm  >&5
configure:14298: $? = 0
configure:14315: result: none required
configure:14323: checking for library containing pthread_spin_lock
configure:14354: gcc -o conftest -g -O2   conftest.c -lpthread -lrt -lm  >&5
configure:14354: $? = 0
configure:14371: result: none required
configure:14381: checking for pthread_spin_lock
configure:14381: gcc -o conftest -g -O2   conftest.c -lpthread -lrt -lm  >&5
configure:14381: $? = 0
configure:14381: result: yes
configure:14390: checking whether strerror_r is declared
configure:14390: gcc -c -g -O2  conftest.c >&5
configure:14390: $? = 0
configure:14390: result: yes
configure:14403: checking for strerror_r
configure:14403: gcc -o conftest -g -O2   conftest.c -lpthread -lrt -lm  >&5
configure:14403: $? = 0
configure:14403: result: yes
configure:14412: checking whether strerror_r returns char *
configure:14436: gcc -c -g -O2  conftest.c >&5
configure:14436: $? = 0
configure:14474: result: yes
configure:14483: checking for MSVC x64 compiler
configure:14498: result: no
configure:14503: checking windows.h usability
configure:14503: gcc -c -g -O2  conftest.c >&5
conftest.c:65:10: fatal error: windows.h: No such file or directory
 #include <windows.h>
          ^~~~~~~~~~~
compilation terminated.
configure:14503: $? = 1
configure: failed program was:
| /* confdefs.h */
| #define PACKAGE_NAME "openvswitch"
| #define PACKAGE_TARNAME "openvswitch"
| #define PACKAGE_VERSION "2.14.1"
| #define PACKAGE_STRING "openvswitch 2.14.1"
| #define PACKAGE_BUGREPORT "bugs@openvswitch.org"
| #define PACKAGE_URL ""
| #define PACKAGE "openvswitch"
| #define VERSION "2.14.1"
| #define STDC_HEADERS 1
| #define HAVE_SYS_TYPES_H 1
| #define HAVE_SYS_STAT_H 1
| #define HAVE_STDLIB_H 1
| #define HAVE_STRING_H 1
| #define HAVE_MEMORY_H 1
| #define HAVE_STRINGS_H 1
| #define HAVE_INTTYPES_H 1
| #define HAVE_STDINT_H 1
| #define HAVE_UNISTD_H 1
| #define __EXTENSIONS__ 1
| #define _ALL_SOURCE 1
| #define _GNU_SOURCE 1
| #define _POSIX_PTHREAD_SEMANTICS 1
| #define _TANDEM_SOURCE 1
| #define HAVE_DLFCN_H 1
| #define LT_OBJDIR ".libs/"
| #define HAVE_PTHREAD_SPIN_LOCK 1
| #define HAVE_DECL_STRERROR_R 1
| #define HAVE_STRERROR_R 1
| #define STRERROR_R_CHAR_P 1
| /* end confdefs.h.  */
| #include <stdio.h>
| #ifdef HAVE_SYS_TYPES_H
| # include <sys/types.h>
| #endif
| #ifdef HAVE_SYS_STAT_H
| # include <sys/stat.h>
| #endif
| #ifdef STDC_HEADERS
| # include <stdlib.h>
| # include <stddef.h>
| #else
| # ifdef HAVE_STDLIB_H
| #  include <stdlib.h>
| # endif
| #endif
| #ifdef HAVE_STRING_H
| # if !defined STDC_HEADERS && defined HAVE_MEMORY_H
| #  include <memory.h>
| # endif
| # include <string.h>
| #endif
| #ifdef HAVE_STRINGS_H
| # include <strings.h>
| #endif
| #ifdef HAVE_INTTYPES_H
| # include <inttypes.h>
| #endif
| #ifdef HAVE_STDINT_H
| # include <stdint.h>
| #endif
| #ifdef HAVE_UNISTD_H
| # include <unistd.h>
| #endif
| #include <windows.h>
configure:14503: result: no
configure:14503: checking windows.h presence
configure:14503: gcc -E  conftest.c
conftest.c:32:10: fatal error: windows.h: No such file or directory
 #include <windows.h>
          ^~~~~~~~~~~
compilation terminated.
configure:14503: $? = 1
configure: failed program was:
| /* confdefs.h */
| #define PACKAGE_NAME "openvswitch"
| #define PACKAGE_TARNAME "openvswitch"
| #define PACKAGE_VERSION "2.14.1"
| #define PACKAGE_STRING "openvswitch 2.14.1"
| #define PACKAGE_BUGREPORT "bugs@openvswitch.org"
| #define PACKAGE_URL ""
| #define PACKAGE "openvswitch"
| #define VERSION "2.14.1"
| #define STDC_HEADERS 1
| #define HAVE_SYS_TYPES_H 1
| #define HAVE_SYS_STAT_H 1
| #define HAVE_STDLIB_H 1
| #define HAVE_STRING_H 1
| #define HAVE_MEMORY_H 1
| #define HAVE_STRINGS_H 1
| #define HAVE_INTTYPES_H 1
| #define HAVE_STDINT_H 1
| #define HAVE_UNISTD_H 1
| #define __EXTENSIONS__ 1
| #define _ALL_SOURCE 1
| #define _GNU_SOURCE 1
| #define _POSIX_PTHREAD_SEMANTICS 1
| #define _TANDEM_SOURCE 1
| #define HAVE_DLFCN_H 1
| #define LT_OBJDIR ".libs/"
| #define HAVE_PTHREAD_SPIN_LOCK 1
| #define HAVE_DECL_STRERROR_R 1
| #define HAVE_STRERROR_R 1
| #define STRERROR_R_CHAR_P 1
| /* end confdefs.h.  */
| #include <windows.h>
configure:14503: result: no
configure:14503: checking for windows.h
configure:14503: result: no
configure:14725: checking for linux/netlink.h
configure:14725: gcc -c -g -O2  conftest.c >&5
configure:14725: $? = 0
configure:14725: result: yes
configure:14781: checking for pkg-config
configure:14811: result: /usr/bin/pkg-config
configure:14873: checking whether compiling and linking against OpenSSL works
Trying link with SSL_LDFLAGS=; SSL_LIBS=-lssl -lcrypto ; SSL_INCLUDES=
configure:14895: gcc -o conftest -g -O2     conftest.c -lssl -lcrypto  -lpthread -lrt -lm  >&5
configure:14895: $? = 0
configure:14897: result: yes
configure:14957: checking whether SSL_set_tlsext_host_name is declared
configure:14957: gcc -c -g -O2   conftest.c >&5
configure:14957: $? = 0
configure:14957: result: yes
configure:14986: checking for capng_clear in -lcap-ng
configure:15011: gcc -o conftest -g -O2   conftest.c -lcap-ng  -lpthread -lrt -lm  >&5
configure:15011: $? = 0
configure:15020: result: yes
configure:15067: checking for Python 3 (version 3.4 or later)
configure:15093: result: /usr/bin/python3
configure:15100: checking for flake8
configure:15111: result: no
configure:15125: checking for sphinx-build-3
configure:15155: result: no
configure:15125: checking for sphinx-build-2
configure:15155: result: no
configure:15125: checking for sphinx-build
configure:15155: result: no
configure:15173: checking for dot
configure:15184: result: no
configure:15194: checking net/if_dl.h usability
configure:15194: gcc -c -g -O2  conftest.c >&5
conftest.c:70:10: fatal error: net/if_dl.h: No such file or directory
 #include <net/if_dl.h>
          ^~~~~~~~~~~~~
compilation terminated.
configure:15194: $? = 1
configure: failed program was:
| /* confdefs.h */
| #define PACKAGE_NAME "openvswitch"
| #define PACKAGE_TARNAME "openvswitch"
| #define PACKAGE_VERSION "2.14.1"
| #define PACKAGE_STRING "openvswitch 2.14.1"
| #define PACKAGE_BUGREPORT "bugs@openvswitch.org"
| #define PACKAGE_URL ""
| #define PACKAGE "openvswitch"
| #define VERSION "2.14.1"
| #define STDC_HEADERS 1
| #define HAVE_SYS_TYPES_H 1
| #define HAVE_SYS_STAT_H 1
| #define HAVE_STDLIB_H 1
| #define HAVE_STRING_H 1
| #define HAVE_MEMORY_H 1
| #define HAVE_STRINGS_H 1
| #define HAVE_INTTYPES_H 1
| #define HAVE_STDINT_H 1
| #define HAVE_UNISTD_H 1
| #define __EXTENSIONS__ 1
| #define _ALL_SOURCE 1
| #define _GNU_SOURCE 1
| #define _POSIX_PTHREAD_SEMANTICS 1
| #define _TANDEM_SOURCE 1
| #define HAVE_DLFCN_H 1
| #define LT_OBJDIR ".libs/"
| #define HAVE_PTHREAD_SPIN_LOCK 1
| #define HAVE_DECL_STRERROR_R 1
| #define HAVE_STRERROR_R 1
| #define STRERROR_R_CHAR_P 1
| #define VSTUDIO_DDK 1
| #define HAVE_NETLINK 1
| #define HAVE_OPENSSL 1
| #define OPENSSL_SUPPORTS_SNI 1
| #define HAVE_LIBCAPNG 1
| /* end confdefs.h.  */
| #include <stdio.h>
| #ifdef HAVE_SYS_TYPES_H
| # include <sys/types.h>
| #endif
| #ifdef HAVE_SYS_STAT_H
| # include <sys/stat.h>
| #endif
| #ifdef STDC_HEADERS
| # include <stdlib.h>
| # include <stddef.h>
| #else
| # ifdef HAVE_STDLIB_H
| #  include <stdlib.h>
| # endif
| #endif
| #ifdef HAVE_STRING_H
| # if !defined STDC_HEADERS && defined HAVE_MEMORY_H
| #  include <memory.h>
| # endif
| # include <string.h>
| #endif
| #ifdef HAVE_STRINGS_H
| # include <strings.h>
| #endif
| #ifdef HAVE_INTTYPES_H
| # include <inttypes.h>
| #endif
| #ifdef HAVE_STDINT_H
| # include <stdint.h>
| #endif
| #ifdef HAVE_UNISTD_H
| # include <unistd.h>
| #endif
| #include <net/if_dl.h>
configure:15194: result: no
configure:15194: checking net/if_dl.h presence
configure:15194: gcc -E  conftest.c
conftest.c:37:10: fatal error: net/if_dl.h: No such file or directory
 #include <net/if_dl.h>
          ^~~~~~~~~~~~~
compilation terminated.
configure:15194: $? = 1
configure: failed program was:
| /* confdefs.h */
| #define PACKAGE_NAME "openvswitch"
| #define PACKAGE_TARNAME "openvswitch"
| #define PACKAGE_VERSION "2.14.1"
| #define PACKAGE_STRING "openvswitch 2.14.1"
| #define PACKAGE_BUGREPORT "bugs@openvswitch.org"
| #define PACKAGE_URL ""
| #define PACKAGE "openvswitch"
| #define VERSION "2.14.1"
| #define STDC_HEADERS 1
| #define HAVE_SYS_TYPES_H 1
| #define HAVE_SYS_STAT_H 1
| #define HAVE_STDLIB_H 1
| #define HAVE_STRING_H 1
| #define HAVE_MEMORY_H 1
| #define HAVE_STRINGS_H 1
| #define HAVE_INTTYPES_H 1
| #define HAVE_STDINT_H 1
| #define HAVE_UNISTD_H 1
| #define __EXTENSIONS__ 1
| #define _ALL_SOURCE 1
| #define _GNU_SOURCE 1
| #define _POSIX_PTHREAD_SEMANTICS 1
| #define _TANDEM_SOURCE 1
| #define HAVE_DLFCN_H 1
| #define LT_OBJDIR ".libs/"
| #define HAVE_PTHREAD_SPIN_LOCK 1
| #define HAVE_DECL_STRERROR_R 1
| #define HAVE_STRERROR_R 1
| #define STRERROR_R_CHAR_P 1
| #define VSTUDIO_DDK 1
| #define HAVE_NETLINK 1
| #define HAVE_OPENSSL 1
| #define OPENSSL_SUPPORTS_SNI 1
| #define HAVE_LIBCAPNG 1
| /* end confdefs.h.  */
| #include <net/if_dl.h>
configure:15194: result: no
configure:15194: checking for net/if_dl.h
configure:15194: result: no
configure:15273: checking whether strtok_r macro segfaults on some inputs
configure:15309: gcc -o conftest -g -O2   conftest.c -lpthread -lrt -lm  >&5
configure:15309: $? = 0
configure:15309: ./conftest
configure:15309: $? = 0
configure:15319: result: no
configure:15335: checking whether AF_XDP is enabled
configure:15338: result: no
configure:15476: checking whether sys_siglist is declared
configure:15476: gcc -c -g -O2  conftest.c >&5
configure:15476: $? = 0
configure:15476: result: yes
configure:15488: checking whether malloc_trim is declared
configure:15488: gcc -c -g -O2  conftest.c >&5
configure:15488: $? = 0
configure:15488: result: yes
configure:15500: checking for struct stat.st_mtim.tv_nsec
configure:15500: gcc -c -g -O2  conftest.c >&5
configure:15500: $? = 0
configure:15500: result: yes
configure:15510: checking for struct stat.st_mtimensec
configure:15510: gcc -c -g -O2  conftest.c >&5
conftest.c: In function 'main':
conftest.c:46:13: error: 'struct stat' has no member named 'st_mtimensec'; did you mean 'st_mtim'?
 if (ac_aggr.st_mtimensec)
             ^~~~~~~~~~~~
             st_mtim
configure:15510: $? = 1
configure: failed program was:
| /* confdefs.h */
| #define PACKAGE_NAME "openvswitch"
| #define PACKAGE_TARNAME "openvswitch"
| #define PACKAGE_VERSION "2.14.1"
| #define PACKAGE_STRING "openvswitch 2.14.1"
| #define PACKAGE_BUGREPORT "bugs@openvswitch.org"
| #define PACKAGE_URL ""
| #define PACKAGE "openvswitch"
| #define VERSION "2.14.1"
| #define STDC_HEADERS 1
| #define HAVE_SYS_TYPES_H 1
| #define HAVE_SYS_STAT_H 1
| #define HAVE_STDLIB_H 1
| #define HAVE_STRING_H 1
| #define HAVE_MEMORY_H 1
| #define HAVE_STRINGS_H 1
| #define HAVE_INTTYPES_H 1
| #define HAVE_STDINT_H 1
| #define HAVE_UNISTD_H 1
| #define __EXTENSIONS__ 1
| #define _ALL_SOURCE 1
| #define _GNU_SOURCE 1
| #define _POSIX_PTHREAD_SEMANTICS 1
| #define _TANDEM_SOURCE 1
| #define HAVE_DLFCN_H 1
| #define LT_OBJDIR ".libs/"
| #define HAVE_PTHREAD_SPIN_LOCK 1
| #define HAVE_DECL_STRERROR_R 1
| #define HAVE_STRERROR_R 1
| #define STRERROR_R_CHAR_P 1
| #define VSTUDIO_DDK 1
| #define HAVE_NETLINK 1
| #define HAVE_OPENSSL 1
| #define OPENSSL_SUPPORTS_SNI 1
| #define HAVE_LIBCAPNG 1
| #define HAVE_DECL_SYS_SIGLIST 1
| #define HAVE_DECL_MALLOC_TRIM 1
| #define HAVE_STRUCT_STAT_ST_MTIM_TV_NSEC 1
| /* end confdefs.h.  */
| #include <sys/stat.h>
| 
| int
| main ()
| {
| static struct stat ac_aggr;
| if (ac_aggr.st_mtimensec)
| return 0;
|   ;
|   return 0;
| }
configure:15510: gcc -c -g -O2  conftest.c >&5
conftest.c: In function 'main':
conftest.c:46:20: error: 'struct stat' has no member named 'st_mtimensec'; did you mean 'st_mtim'?
 if (sizeof ac_aggr.st_mtimensec)
                    ^~~~~~~~~~~~
                    st_mtim
configure:15510: $? = 1
configure: failed program was:
| /* confdefs.h */
| #define PACKAGE_NAME "openvswitch"
| #define PACKAGE_TARNAME "openvswitch"
| #define PACKAGE_VERSION "2.14.1"
| #define PACKAGE_STRING "openvswitch 2.14.1"
| #define PACKAGE_BUGREPORT "bugs@openvswitch.org"
| #define PACKAGE_URL ""
| #define PACKAGE "openvswitch"
| #define VERSION "2.14.1"
| #define STDC_HEADERS 1
| #define HAVE_SYS_TYPES_H 1
| #define HAVE_SYS_STAT_H 1
| #define HAVE_STDLIB_H 1
| #define HAVE_STRING_H 1
| #define HAVE_MEMORY_H 1
| #define HAVE_STRINGS_H 1
| #define HAVE_INTTYPES_H 1
| #define HAVE_STDINT_H 1
| #define HAVE_UNISTD_H 1
| #define __EXTENSIONS__ 1
| #define _ALL_SOURCE 1
| #define _GNU_SOURCE 1
| #define _POSIX_PTHREAD_SEMANTICS 1
| #define _TANDEM_SOURCE 1
| #define HAVE_DLFCN_H 1
| #define LT_OBJDIR ".libs/"
| #define HAVE_PTHREAD_SPIN_LOCK 1
| #define HAVE_DECL_STRERROR_R 1
| #define HAVE_STRERROR_R 1
| #define STRERROR_R_CHAR_P 1
| #define VSTUDIO_DDK 1
| #define HAVE_NETLINK 1
| #define HAVE_OPENSSL 1
| #define OPENSSL_SUPPORTS_SNI 1
| #define HAVE_LIBCAPNG 1
| #define HAVE_DECL_SYS_SIGLIST 1
| #define HAVE_DECL_MALLOC_TRIM 1
| #define HAVE_STRUCT_STAT_ST_MTIM_TV_NSEC 1
| /* end confdefs.h.  */
| #include <sys/stat.h>
| 
| int
| main ()
| {
| static struct stat ac_aggr;
| if (sizeof ac_aggr.st_mtimensec)
| return 0;
|   ;
|   return 0;
| }
configure:15510: result: no
configure:15521: checking for struct ifreq.ifr_flagshigh
configure:15521: gcc -c -g -O2  conftest.c >&5
conftest.c: In function 'main':
conftest.c:46:12: error: 'struct ifreq' has no member named 'ifr_flagshigh'
 if (ac_aggr.ifr_flagshigh)
            ^
configure:15521: $? = 1
configure: failed program was:
| /* confdefs.h */
| #define PACKAGE_NAME "openvswitch"
| #define PACKAGE_TARNAME "openvswitch"
| #define PACKAGE_VERSION "2.14.1"
| #define PACKAGE_STRING "openvswitch 2.14.1"
| #define PACKAGE_BUGREPORT "bugs@openvswitch.org"
| #define PACKAGE_URL ""
| #define PACKAGE "openvswitch"
| #define VERSION "2.14.1"
| #define STDC_HEADERS 1
| #define HAVE_SYS_TYPES_H 1
| #define HAVE_SYS_STAT_H 1
| #define HAVE_STDLIB_H 1
| #define HAVE_STRING_H 1
| #define HAVE_MEMORY_H 1
| #define HAVE_STRINGS_H 1
| #define HAVE_INTTYPES_H 1
| #define HAVE_STDINT_H 1
| #define HAVE_UNISTD_H 1
| #define __EXTENSIONS__ 1
| #define _ALL_SOURCE 1
| #define _GNU_SOURCE 1
| #define _POSIX_PTHREAD_SEMANTICS 1
| #define _TANDEM_SOURCE 1
| #define HAVE_DLFCN_H 1
| #define LT_OBJDIR ".libs/"
| #define HAVE_PTHREAD_SPIN_LOCK 1
| #define HAVE_DECL_STRERROR_R 1
| #define HAVE_STRERROR_R 1
| #define STRERROR_R_CHAR_P 1
| #define VSTUDIO_DDK 1
| #define HAVE_NETLINK 1
| #define HAVE_OPENSSL 1
| #define OPENSSL_SUPPORTS_SNI 1
| #define HAVE_LIBCAPNG 1
| #define HAVE_DECL_SYS_SIGLIST 1
| #define HAVE_DECL_MALLOC_TRIM 1
| #define HAVE_STRUCT_STAT_ST_MTIM_TV_NSEC 1
| /* end confdefs.h.  */
| #include <net/if.h>
| 
| int
| main ()
| {
| static struct ifreq ac_aggr;
| if (ac_aggr.ifr_flagshigh)
| return 0;
|   ;
|   return 0;
| }
configure:15521: gcc -c -g -O2  conftest.c >&5
conftest.c: In function 'main':
conftest.c:46:19: error: 'struct ifreq' has no member named 'ifr_flagshigh'
 if (sizeof ac_aggr.ifr_flagshigh)
                   ^
configure:15521: $? = 1
configure: failed program was:
| /* confdefs.h */
| #define PACKAGE_NAME "openvswitch"
| #define PACKAGE_TARNAME "openvswitch"
| #define PACKAGE_VERSION "2.14.1"
| #define PACKAGE_STRING "openvswitch 2.14.1"
| #define PACKAGE_BUGREPORT "bugs@openvswitch.org"
| #define PACKAGE_URL ""
| #define PACKAGE "openvswitch"
| #define VERSION "2.14.1"
| #define STDC_HEADERS 1
| #define HAVE_SYS_TYPES_H 1
| #define HAVE_SYS_STAT_H 1
| #define HAVE_STDLIB_H 1
| #define HAVE_STRING_H 1
| #define HAVE_MEMORY_H 1
| #define HAVE_STRINGS_H 1
| #define HAVE_INTTYPES_H 1
| #define HAVE_STDINT_H 1
| #define HAVE_UNISTD_H 1
| #define __EXTENSIONS__ 1
| #define _ALL_SOURCE 1
| #define _GNU_SOURCE 1
| #define _POSIX_PTHREAD_SEMANTICS 1
| #define _TANDEM_SOURCE 1
| #define HAVE_DLFCN_H 1
| #define LT_OBJDIR ".libs/"
| #define HAVE_PTHREAD_SPIN_LOCK 1
| #define HAVE_DECL_STRERROR_R 1
| #define HAVE_STRERROR_R 1
| #define STRERROR_R_CHAR_P 1
| #define VSTUDIO_DDK 1
| #define HAVE_NETLINK 1
| #define HAVE_OPENSSL 1
| #define OPENSSL_SUPPORTS_SNI 1
| #define HAVE_LIBCAPNG 1
| #define HAVE_DECL_SYS_SIGLIST 1
| #define HAVE_DECL_MALLOC_TRIM 1
| #define HAVE_STRUCT_STAT_ST_MTIM_TV_NSEC 1
| /* end confdefs.h.  */
| #include <net/if.h>
| 
| int
| main ()
| {
| static struct ifreq ac_aggr;
| if (sizeof ac_aggr.ifr_flagshigh)
| return 0;
|   ;
|   return 0;
| }
configure:15521: result: no
configure:15532: checking for struct mmsghdr.msg_len
configure:15532: gcc -c -g -O2  conftest.c >&5
configure:15532: $? = 0
configure:15532: result: yes
configure:15543: checking for struct sockaddr_in6.sin6_scope_id
configure:15543: gcc -c -g -O2  conftest.c >&5
configure:15543: $? = 0
configure:15543: result: yes
configure:15559: checking for mlockall
configure:15559: gcc -o conftest -g -O2   conftest.c -lpthread -lrt -lm  >&5
configure:15559: $? = 0
configure:15559: result: yes
configure:15559: checking for strnlen
configure:15559: gcc -o conftest -g -O2   conftest.c -lpthread -lrt -lm  >&5
configure:15559: $? = 0
configure:15559: result: yes
configure:15559: checking for getloadavg
configure:15559: gcc -o conftest -g -O2   conftest.c -lpthread -lrt -lm  >&5
configure:15559: $? = 0
configure:15559: result: yes
configure:15559: checking for statvfs
configure:15559: gcc -o conftest -g -O2   conftest.c -lpthread -lrt -lm  >&5
configure:15559: $? = 0
configure:15559: result: yes
configure:15559: checking for getmntent_r
configure:15559: gcc -o conftest -g -O2   conftest.c -lpthread -lrt -lm  >&5
configure:15559: $? = 0
configure:15559: result: yes
configure:15559: checking for sendmmsg
configure:15559: gcc -o conftest -g -O2   conftest.c -lpthread -lrt -lm  >&5
configure:15559: $? = 0
configure:15559: result: yes
configure:15559: checking for clock_gettime
configure:15559: gcc -o conftest -g -O2   conftest.c -lpthread -lrt -lm  >&5
configure:15559: $? = 0
configure:15559: result: yes
configure:15571: checking mntent.h usability
configure:15571: gcc -c -g -O2  conftest.c >&5
configure:15571: $? = 0
configure:15571: result: yes
configure:15571: checking mntent.h presence
configure:15571: gcc -E  conftest.c
configure:15571: $? = 0
configure:15571: result: yes
configure:15571: checking for mntent.h
configure:15571: result: yes
configure:15571: checking sys/statvfs.h usability
configure:15571: gcc -c -g -O2  conftest.c >&5
configure:15571: $? = 0
configure:15571: result: yes
configure:15571: checking sys/statvfs.h presence
configure:15571: gcc -E  conftest.c
configure:15571: $? = 0
configure:15571: result: yes
configure:15571: checking for sys/statvfs.h
configure:15571: result: yes
configure:15571: checking linux/types.h usability
configure:15571: gcc -c -g -O2  conftest.c >&5
configure:15571: $? = 0
configure:15571: result: yes
configure:15571: checking linux/types.h presence
configure:15571: gcc -E  conftest.c
configure:15571: $? = 0
configure:15571: result: yes
configure:15571: checking for linux/types.h
configure:15571: result: yes
configure:15571: checking linux/if_ether.h usability
configure:15571: gcc -c -g -O2  conftest.c >&5
configure:15571: $? = 0
configure:15571: result: yes
configure:15571: checking linux/if_ether.h presence
configure:15571: gcc -E  conftest.c
configure:15571: $? = 0
configure:15571: result: yes
configure:15571: checking for linux/if_ether.h
configure:15571: result: yes
configure:15584: checking linux/net_namespace.h usability
configure:15584: gcc -c -g -O2  conftest.c >&5
configure:15584: $? = 0
configure:15584: result: yes
configure:15584: checking linux/net_namespace.h presence
configure:15584: gcc -E  conftest.c
configure:15584: $? = 0
configure:15584: result: yes
configure:15584: checking for linux/net_namespace.h
configure:15584: result: yes
configure:15584: checking stdatomic.h usability
configure:15584: gcc -c -g -O2  conftest.c >&5
configure:15584: $? = 0
configure:15584: result: yes
configure:15584: checking stdatomic.h presence
configure:15584: gcc -E  conftest.c
configure:15584: $? = 0
configure:15584: result: yes
configure:15584: checking for stdatomic.h
configure:15584: result: yes
configure:15584: checking bits/floatn-common.h usability
configure:15584: gcc -c -g -O2  conftest.c >&5
configure:15584: $? = 0
configure:15584: result: yes
configure:15584: checking bits/floatn-common.h presence
configure:15584: gcc -E  conftest.c
configure:15584: $? = 0
configure:15584: result: yes
configure:15584: checking for bits/floatn-common.h
configure:15584: result: yes
configure:15596: checking for net/if_mib.h
configure:15596: gcc -c -g -O2  conftest.c >&5
conftest.c:59:10: fatal error: net/if_mib.h: No such file or directory
 #include <net/if_mib.h>
          ^~~~~~~~~~~~~~
compilation terminated.
configure:15596: $? = 1
configure: failed program was:
| /* confdefs.h */
| #define PACKAGE_NAME "openvswitch"
| #define PACKAGE_TARNAME "openvswitch"
| #define PACKAGE_VERSION "2.14.1"
| #define PACKAGE_STRING "openvswitch 2.14.1"
| #define PACKAGE_BUGREPORT "bugs@openvswitch.org"
| #define PACKAGE_URL ""
| #define PACKAGE "openvswitch"
| #define VERSION "2.14.1"
| #define STDC_HEADERS 1
| #define HAVE_SYS_TYPES_H 1
| #define HAVE_SYS_STAT_H 1
| #define HAVE_STDLIB_H 1
| #define HAVE_STRING_H 1
| #define HAVE_MEMORY_H 1
| #define HAVE_STRINGS_H 1
| #define HAVE_INTTYPES_H 1
| #define HAVE_STDINT_H 1
| #define HAVE_UNISTD_H 1
| #define __EXTENSIONS__ 1
| #define _ALL_SOURCE 1
| #define _GNU_SOURCE 1
| #define _POSIX_PTHREAD_SEMANTICS 1
| #define _TANDEM_SOURCE 1
| #define HAVE_DLFCN_H 1
| #define LT_OBJDIR ".libs/"
| #define HAVE_PTHREAD_SPIN_LOCK 1
| #define HAVE_DECL_STRERROR_R 1
| #define HAVE_STRERROR_R 1
| #define STRERROR_R_CHAR_P 1
| #define VSTUDIO_DDK 1
| #define HAVE_NETLINK 1
| #define HAVE_OPENSSL 1
| #define OPENSSL_SUPPORTS_SNI 1
| #define HAVE_LIBCAPNG 1
| #define HAVE_DECL_SYS_SIGLIST 1
| #define HAVE_DECL_MALLOC_TRIM 1
| #define HAVE_STRUCT_STAT_ST_MTIM_TV_NSEC 1
| #define HAVE_STRUCT_MMSGHDR_MSG_LEN 1
| #define HAVE_STRUCT_SOCKADDR_IN6_SIN6_SCOPE_ID 1
| #define HAVE_MLOCKALL 1
| #define HAVE_STRNLEN 1
| #define HAVE_GETLOADAVG 1
| #define HAVE_STATVFS 1
| #define HAVE_GETMNTENT_R 1
| #define HAVE_SENDMMSG 1
| #define HAVE_CLOCK_GETTIME 1
| #define HAVE_MNTENT_H 1
| #define HAVE_SYS_STATVFS_H 1
| #define HAVE_LINUX_TYPES_H 1
| #define HAVE_LINUX_IF_ETHER_H 1
| #define HAVE_LINUX_NET_NAMESPACE_H 1
| #define HAVE_STDATOMIC_H 1
| #define HAVE_BITS_FLOATN_COMMON_H 1
| /* end confdefs.h.  */
| #include <sys/types.h>
| #include <net/if.h>
| 
| #include <net/if_mib.h>
configure:15596: result: no
configure:15636: checking for library containing backtrace
configure:15667: gcc -o conftest -g -O2   conftest.c -lpthread -lrt -lm  >&5
configure:15667: $? = 0
configure:15684: result: none required
configure:15696: checking linux/perf_event.h usability
configure:15696: gcc -c -g -O2  conftest.c >&5
configure:15696: $? = 0
configure:15696: result: yes
configure:15696: checking linux/perf_event.h presence
configure:15696: gcc -E  conftest.c
configure:15696: $? = 0
configure:15696: result: yes
configure:15696: checking for linux/perf_event.h
configure:15696: result: yes
configure:15708: checking valgrind/valgrind.h usability
configure:15708: gcc -c -g -O2  conftest.c >&5
conftest.c:91:10: fatal error: valgrind/valgrind.h: No such file or directory
 #include <valgrind/valgrind.h>
          ^~~~~~~~~~~~~~~~~~~~~
compilation terminated.
configure:15708: $? = 1
configure: failed program was:
| /* confdefs.h */
| #define PACKAGE_NAME "openvswitch"
| #define PACKAGE_TARNAME "openvswitch"
| #define PACKAGE_VERSION "2.14.1"
| #define PACKAGE_STRING "openvswitch 2.14.1"
| #define PACKAGE_BUGREPORT "bugs@openvswitch.org"
| #define PACKAGE_URL ""
| #define PACKAGE "openvswitch"
| #define VERSION "2.14.1"
| #define STDC_HEADERS 1
| #define HAVE_SYS_TYPES_H 1
| #define HAVE_SYS_STAT_H 1
| #define HAVE_STDLIB_H 1
| #define HAVE_STRING_H 1
| #define HAVE_MEMORY_H 1
| #define HAVE_STRINGS_H 1
| #define HAVE_INTTYPES_H 1
| #define HAVE_STDINT_H 1
| #define HAVE_UNISTD_H 1
| #define __EXTENSIONS__ 1
| #define _ALL_SOURCE 1
| #define _GNU_SOURCE 1
| #define _POSIX_PTHREAD_SEMANTICS 1
| #define _TANDEM_SOURCE 1
| #define HAVE_DLFCN_H 1
| #define LT_OBJDIR ".libs/"
| #define HAVE_PTHREAD_SPIN_LOCK 1
| #define HAVE_DECL_STRERROR_R 1
| #define HAVE_STRERROR_R 1
| #define STRERROR_R_CHAR_P 1
| #define VSTUDIO_DDK 1
| #define HAVE_NETLINK 1
| #define HAVE_OPENSSL 1
| #define OPENSSL_SUPPORTS_SNI 1
| #define HAVE_LIBCAPNG 1
| #define HAVE_DECL_SYS_SIGLIST 1
| #define HAVE_DECL_MALLOC_TRIM 1
| #define HAVE_STRUCT_STAT_ST_MTIM_TV_NSEC 1
| #define HAVE_STRUCT_MMSGHDR_MSG_LEN 1
| #define HAVE_STRUCT_SOCKADDR_IN6_SIN6_SCOPE_ID 1
| #define HAVE_MLOCKALL 1
| #define HAVE_STRNLEN 1
| #define HAVE_GETLOADAVG 1
| #define HAVE_STATVFS 1
| #define HAVE_GETMNTENT_R 1
| #define HAVE_SENDMMSG 1
| #define HAVE_CLOCK_GETTIME 1
| #define HAVE_MNTENT_H 1
| #define HAVE_SYS_STATVFS_H 1
| #define HAVE_LINUX_TYPES_H 1
| #define HAVE_LINUX_IF_ETHER_H 1
| #define HAVE_LINUX_NET_NAMESPACE_H 1
| #define HAVE_STDATOMIC_H 1
| #define HAVE_BITS_FLOATN_COMMON_H 1
| #define HAVE_BACKTRACE 1
| #define HAVE_LINUX_PERF_EVENT_H 1
| /* end confdefs.h.  */
| #include <stdio.h>
| #ifdef HAVE_SYS_TYPES_H
| # include <sys/types.h>
| #endif
| #ifdef HAVE_SYS_STAT_H
| # include <sys/stat.h>
| #endif
| #ifdef STDC_HEADERS
| # include <stdlib.h>
| # include <stddef.h>
| #else
| # ifdef HAVE_STDLIB_H
| #  include <stdlib.h>
| # endif
| #endif
| #ifdef HAVE_STRING_H
| # if !defined STDC_HEADERS && defined HAVE_MEMORY_H
| #  include <memory.h>
| # endif
| # include <string.h>
| #endif
| #ifdef HAVE_STRINGS_H
| # include <strings.h>
| #endif
| #ifdef HAVE_INTTYPES_H
| # include <inttypes.h>
| #endif
| #ifdef HAVE_STDINT_H
| # include <stdint.h>
| #endif
| #ifdef HAVE_UNISTD_H
| # include <unistd.h>
| #endif
| #include <valgrind/valgrind.h>
configure:15708: result: no
configure:15708: checking valgrind/valgrind.h presence
configure:15708: gcc -E  conftest.c
conftest.c:58:10: fatal error: valgrind/valgrind.h: No such file or directory
 #include <valgrind/valgrind.h>
          ^~~~~~~~~~~~~~~~~~~~~
compilation terminated.
configure:15708: $? = 1
configure: failed program was:
| /* confdefs.h */
| #define PACKAGE_NAME "openvswitch"
| #define PACKAGE_TARNAME "openvswitch"
| #define PACKAGE_VERSION "2.14.1"
| #define PACKAGE_STRING "openvswitch 2.14.1"
| #define PACKAGE_BUGREPORT "bugs@openvswitch.org"
| #define PACKAGE_URL ""
| #define PACKAGE "openvswitch"
| #define VERSION "2.14.1"
| #define STDC_HEADERS 1
| #define HAVE_SYS_TYPES_H 1
| #define HAVE_SYS_STAT_H 1
| #define HAVE_STDLIB_H 1
| #define HAVE_STRING_H 1
| #define HAVE_MEMORY_H 1
| #define HAVE_STRINGS_H 1
| #define HAVE_INTTYPES_H 1
| #define HAVE_STDINT_H 1
| #define HAVE_UNISTD_H 1
| #define __EXTENSIONS__ 1
| #define _ALL_SOURCE 1
| #define _GNU_SOURCE 1
| #define _POSIX_PTHREAD_SEMANTICS 1
| #define _TANDEM_SOURCE 1
| #define HAVE_DLFCN_H 1
| #define LT_OBJDIR ".libs/"
| #define HAVE_PTHREAD_SPIN_LOCK 1
| #define HAVE_DECL_STRERROR_R 1
| #define HAVE_STRERROR_R 1
| #define STRERROR_R_CHAR_P 1
| #define VSTUDIO_DDK 1
| #define HAVE_NETLINK 1
| #define HAVE_OPENSSL 1
| #define OPENSSL_SUPPORTS_SNI 1
| #define HAVE_LIBCAPNG 1
| #define HAVE_DECL_SYS_SIGLIST 1
| #define HAVE_DECL_MALLOC_TRIM 1
| #define HAVE_STRUCT_STAT_ST_MTIM_TV_NSEC 1
| #define HAVE_STRUCT_MMSGHDR_MSG_LEN 1
| #define HAVE_STRUCT_SOCKADDR_IN6_SIN6_SCOPE_ID 1
| #define HAVE_MLOCKALL 1
| #define HAVE_STRNLEN 1
| #define HAVE_GETLOADAVG 1
| #define HAVE_STATVFS 1
| #define HAVE_GETMNTENT_R 1
| #define HAVE_SENDMMSG 1
| #define HAVE_CLOCK_GETTIME 1
| #define HAVE_MNTENT_H 1
| #define HAVE_SYS_STATVFS_H 1
| #define HAVE_LINUX_TYPES_H 1
| #define HAVE_LINUX_IF_ETHER_H 1
| #define HAVE_LINUX_NET_NAMESPACE_H 1
| #define HAVE_STDATOMIC_H 1
| #define HAVE_BITS_FLOATN_COMMON_H 1
| #define HAVE_BACKTRACE 1
| #define HAVE_LINUX_PERF_EVENT_H 1
| /* end confdefs.h.  */
| #include <valgrind/valgrind.h>
configure:15708: result: no
configure:15708: checking for valgrind/valgrind.h
configure:15708: result: no
configure:15718: checking for connect in -lsocket
configure:15743: gcc -o conftest -g -O2   conftest.c -lsocket  -lpthread -lrt -lm  >&5
/usr/bin/ld: cannot find -lsocket
collect2: error: ld returned 1 exit status
configure:15743: $? = 1
configure: failed program was:
| /* confdefs.h */
| #define PACKAGE_NAME "openvswitch"
| #define PACKAGE_TARNAME "openvswitch"
| #define PACKAGE_VERSION "2.14.1"
| #define PACKAGE_STRING "openvswitch 2.14.1"
| #define PACKAGE_BUGREPORT "bugs@openvswitch.org"
| #define PACKAGE_URL ""
| #define PACKAGE "openvswitch"
| #define VERSION "2.14.1"
| #define STDC_HEADERS 1
| #define HAVE_SYS_TYPES_H 1
| #define HAVE_SYS_STAT_H 1
| #define HAVE_STDLIB_H 1
| #define HAVE_STRING_H 1
| #define HAVE_MEMORY_H 1
| #define HAVE_STRINGS_H 1
| #define HAVE_INTTYPES_H 1
| #define HAVE_STDINT_H 1
| #define HAVE_UNISTD_H 1
| #define __EXTENSIONS__ 1
| #define _ALL_SOURCE 1
| #define _GNU_SOURCE 1
| #define _POSIX_PTHREAD_SEMANTICS 1
| #define _TANDEM_SOURCE 1
| #define HAVE_DLFCN_H 1
| #define LT_OBJDIR ".libs/"
| #define HAVE_PTHREAD_SPIN_LOCK 1
| #define HAVE_DECL_STRERROR_R 1
| #define HAVE_STRERROR_R 1
| #define STRERROR_R_CHAR_P 1
| #define VSTUDIO_DDK 1
| #define HAVE_NETLINK 1
| #define HAVE_OPENSSL 1
| #define OPENSSL_SUPPORTS_SNI 1
| #define HAVE_LIBCAPNG 1
| #define HAVE_DECL_SYS_SIGLIST 1
| #define HAVE_DECL_MALLOC_TRIM 1
| #define HAVE_STRUCT_STAT_ST_MTIM_TV_NSEC 1
| #define HAVE_STRUCT_MMSGHDR_MSG_LEN 1
| #define HAVE_STRUCT_SOCKADDR_IN6_SIN6_SCOPE_ID 1
| #define HAVE_MLOCKALL 1
| #define HAVE_STRNLEN 1
| #define HAVE_GETLOADAVG 1
| #define HAVE_STATVFS 1
| #define HAVE_GETMNTENT_R 1
| #define HAVE_SENDMMSG 1
| #define HAVE_CLOCK_GETTIME 1
| #define HAVE_MNTENT_H 1
| #define HAVE_SYS_STATVFS_H 1
| #define HAVE_LINUX_TYPES_H 1
| #define HAVE_LINUX_IF_ETHER_H 1
| #define HAVE_LINUX_NET_NAMESPACE_H 1
| #define HAVE_STDATOMIC_H 1
| #define HAVE_BITS_FLOATN_COMMON_H 1
| #define HAVE_BACKTRACE 1
| #define HAVE_LINUX_PERF_EVENT_H 1
| /* end confdefs.h.  */
| 
| /* Override any GCC internal prototype to avoid an error.
|    Use char because int might match the return type of a GCC
|    builtin and then its argument prototype would still apply.  */
| #ifdef __cplusplus
| extern "C"
| #endif
| char connect ();
| int
| main ()
| {
| return connect ();
|   ;
|   return 0;
| }
configure:15752: result: no
configure:15763: checking for library containing gethostbyname
configure:15794: gcc -o conftest -g -O2   conftest.c -lpthread -lrt -lm  >&5
configure:15794: $? = 0
configure:15811: result: none required
configure:15819: checking XenServer release
configure:15831: result: none
configure:15843: checking for groff
configure:15854: result: yes
configure:15864: checking whether gcc has <threads.h> that supports thread_local
configure:15881: gcc -o conftest -g -O2   conftest.c -lpthread -lrt -lm  >&5
configure:15881: $? = 0
configure:15889: result: yes
configure:15928: checking for library containing __atomic_load_8
configure:15959: gcc -o conftest -g -O2   conftest.c -lpthread -lrt -lm  >&5
conftest.c:66:6: warning: conflicting types for built-in function '__atomic_load_8' [-Wbuiltin-declaration-mismatch]
 char __atomic_load_8 ();
      ^~~~~~~~~~~~~~~
/usr/bin/ld: /tmp/ccjQ23yn.o: in function `main':
/root/ovsgw/openvswitch-2.14.1/conftest.c:70: undefined reference to `__atomic_load_8'
collect2: error: ld returned 1 exit status
configure:15959: $? = 1
configure: failed program was:
| /* confdefs.h */
| #define PACKAGE_NAME "openvswitch"
| #define PACKAGE_TARNAME "openvswitch"
| #define PACKAGE_VERSION "2.14.1"
| #define PACKAGE_STRING "openvswitch 2.14.1"
| #define PACKAGE_BUGREPORT "bugs@openvswitch.org"
| #define PACKAGE_URL ""
| #define PACKAGE "openvswitch"
| #define VERSION "2.14.1"
| #define STDC_HEADERS 1
| #define HAVE_SYS_TYPES_H 1
| #define HAVE_SYS_STAT_H 1
| #define HAVE_STDLIB_H 1
| #define HAVE_STRING_H 1
| #define HAVE_MEMORY_H 1
| #define HAVE_STRINGS_H 1
| #define HAVE_INTTYPES_H 1
| #define HAVE_STDINT_H 1
| #define HAVE_UNISTD_H 1
| #define __EXTENSIONS__ 1
| #define _ALL_SOURCE 1
| #define _GNU_SOURCE 1
| #define _POSIX_PTHREAD_SEMANTICS 1
| #define _TANDEM_SOURCE 1
| #define HAVE_DLFCN_H 1
| #define LT_OBJDIR ".libs/"
| #define HAVE_PTHREAD_SPIN_LOCK 1
| #define HAVE_DECL_STRERROR_R 1
| #define HAVE_STRERROR_R 1
| #define STRERROR_R_CHAR_P 1
| #define VSTUDIO_DDK 1
| #define HAVE_NETLINK 1
| #define HAVE_OPENSSL 1
| #define OPENSSL_SUPPORTS_SNI 1
| #define HAVE_LIBCAPNG 1
| #define HAVE_DECL_SYS_SIGLIST 1
| #define HAVE_DECL_MALLOC_TRIM 1
| #define HAVE_STRUCT_STAT_ST_MTIM_TV_NSEC 1
| #define HAVE_STRUCT_MMSGHDR_MSG_LEN 1
| #define HAVE_STRUCT_SOCKADDR_IN6_SIN6_SCOPE_ID 1
| #define HAVE_MLOCKALL 1
| #define HAVE_STRNLEN 1
| #define HAVE_GETLOADAVG 1
| #define HAVE_STATVFS 1
| #define HAVE_GETMNTENT_R 1
| #define HAVE_SENDMMSG 1
| #define HAVE_CLOCK_GETTIME 1
| #define HAVE_MNTENT_H 1
| #define HAVE_SYS_STATVFS_H 1
| #define HAVE_LINUX_TYPES_H 1
| #define HAVE_LINUX_IF_ETHER_H 1
| #define HAVE_LINUX_NET_NAMESPACE_H 1
| #define HAVE_STDATOMIC_H 1
| #define HAVE_BITS_FLOATN_COMMON_H 1
| #define HAVE_BACKTRACE 1
| #define HAVE_LINUX_PERF_EVENT_H 1
| #define HAVE_THREAD_LOCAL 1
| /* end confdefs.h.  */
| 
| /* Override any GCC internal prototype to avoid an error.
|    Use char because int might match the return type of a GCC
|    builtin and then its argument prototype would still apply.  */
| #ifdef __cplusplus
| extern "C"
| #endif
| char __atomic_load_8 ();
| int
| main ()
| {
| return __atomic_load_8 ();
|   ;
|   return 0;
| }
configure:15959: gcc -o conftest -g -O2   conftest.c -latomic  -lpthread -lrt -lm  >&5
conftest.c:66:6: warning: conflicting types for built-in function '__atomic_load_8' [-Wbuiltin-declaration-mismatch]
 char __atomic_load_8 ();
      ^~~~~~~~~~~~~~~
/usr/bin/ld: cannot find -latomic
collect2: error: ld returned 1 exit status
configure:15959: $? = 1
configure: failed program was:
| /* confdefs.h */
| #define PACKAGE_NAME "openvswitch"
| #define PACKAGE_TARNAME "openvswitch"
| #define PACKAGE_VERSION "2.14.1"
| #define PACKAGE_STRING "openvswitch 2.14.1"
| #define PACKAGE_BUGREPORT "bugs@openvswitch.org"
| #define PACKAGE_URL ""
| #define PACKAGE "openvswitch"
| #define VERSION "2.14.1"
| #define STDC_HEADERS 1
| #define HAVE_SYS_TYPES_H 1
| #define HAVE_SYS_STAT_H 1
| #define HAVE_STDLIB_H 1
| #define HAVE_STRING_H 1
| #define HAVE_MEMORY_H 1
| #define HAVE_STRINGS_H 1
| #define HAVE_INTTYPES_H 1
| #define HAVE_STDINT_H 1
| #define HAVE_UNISTD_H 1
| #define __EXTENSIONS__ 1
| #define _ALL_SOURCE 1
| #define _GNU_SOURCE 1
| #define _POSIX_PTHREAD_SEMANTICS 1
| #define _TANDEM_SOURCE 1
| #define HAVE_DLFCN_H 1
| #define LT_OBJDIR ".libs/"
| #define HAVE_PTHREAD_SPIN_LOCK 1
| #define HAVE_DECL_STRERROR_R 1
| #define HAVE_STRERROR_R 1
| #define STRERROR_R_CHAR_P 1
| #define VSTUDIO_DDK 1
| #define HAVE_NETLINK 1
| #define HAVE_OPENSSL 1
| #define OPENSSL_SUPPORTS_SNI 1
| #define HAVE_LIBCAPNG 1
| #define HAVE_DECL_SYS_SIGLIST 1
| #define HAVE_DECL_MALLOC_TRIM 1
| #define HAVE_STRUCT_STAT_ST_MTIM_TV_NSEC 1
| #define HAVE_STRUCT_MMSGHDR_MSG_LEN 1
| #define HAVE_STRUCT_SOCKADDR_IN6_SIN6_SCOPE_ID 1
| #define HAVE_MLOCKALL 1
| #define HAVE_STRNLEN 1
| #define HAVE_GETLOADAVG 1
| #define HAVE_STATVFS 1
| #define HAVE_GETMNTENT_R 1
| #define HAVE_SENDMMSG 1
| #define HAVE_CLOCK_GETTIME 1
| #define HAVE_MNTENT_H 1
| #define HAVE_SYS_STATVFS_H 1
| #define HAVE_LINUX_TYPES_H 1
| #define HAVE_LINUX_IF_ETHER_H 1
| #define HAVE_LINUX_NET_NAMESPACE_H 1
| #define HAVE_STDATOMIC_H 1
| #define HAVE_BITS_FLOATN_COMMON_H 1
| #define HAVE_BACKTRACE 1
| #define HAVE_LINUX_PERF_EVENT_H 1
| #define HAVE_THREAD_LOCAL 1
| /* end confdefs.h.  */
| 
| /* Override any GCC internal prototype to avoid an error.
|    Use char because int might match the return type of a GCC
|    builtin and then its argument prototype would still apply.  */
| #ifdef __cplusplus
| extern "C"
| #endif
| char __atomic_load_8 ();
| int
| main ()
| {
| return __atomic_load_8 ();
|   ;
|   return 0;
| }
configure:15976: result: no
configure:15984: checking whether gcc supports GCC 4.0+ atomic built-ins
configure:16051: gcc -o conftest -g -O2   conftest.c -lpthread -lrt -lm  >&5
configure:16051: $? = 0
configure:16059: result: yes
configure:16066: checking value of __atomic_always_lock_free(1)
configure:16071: gcc -o conftest -g -O2   conftest.c -lpthread -lrt -lm  >&5
configure:16071: $? = 0
configure:16071: ./conftest
configure:16071: $? = 0
configure:16078: result: 1
configure:16087: checking value of __atomic_always_lock_free(2)
configure:16092: gcc -o conftest -g -O2   conftest.c -lpthread -lrt -lm  >&5
configure:16092: $? = 0
configure:16092: ./conftest
configure:16092: $? = 0
configure:16099: result: 1
configure:16108: checking value of __atomic_always_lock_free(4)
configure:16113: gcc -o conftest -g -O2   conftest.c -lpthread -lrt -lm  >&5
configure:16113: $? = 0
configure:16113: ./conftest
configure:16113: $? = 0
configure:16120: result: 1
configure:16129: checking value of __atomic_always_lock_free(8)
configure:16134: gcc -o conftest -g -O2   conftest.c -lpthread -lrt -lm  >&5
configure:16134: $? = 0
configure:16134: ./conftest
configure:16134: $? = 0
configure:16141: result: 1
configure:16150: checking for library containing aio_write
configure:16181: gcc -o conftest -g -O2   conftest.c -lpthread -lrt -lm  >&5
configure:16181: $? = 0
configure:16198: result: none required
configure:16216: checking for pthread_set_name_np
configure:16216: gcc -o conftest -g -O2   conftest.c -lpthread -lrt -lm  >&5
/usr/bin/ld: /tmp/ccLcA3t3.o: in function `main':
/root/ovsgw/openvswitch-2.14.1/conftest.c:98: undefined reference to `pthread_set_name_np'
collect2: error: ld returned 1 exit status
configure:16216: $? = 1
configure: failed program was:
| /* confdefs.h */
| #define PACKAGE_NAME "openvswitch"
| #define PACKAGE_TARNAME "openvswitch"
| #define PACKAGE_VERSION "2.14.1"
| #define PACKAGE_STRING "openvswitch 2.14.1"
| #define PACKAGE_BUGREPORT "bugs@openvswitch.org"
| #define PACKAGE_URL ""
| #define PACKAGE "openvswitch"
| #define VERSION "2.14.1"
| #define STDC_HEADERS 1
| #define HAVE_SYS_TYPES_H 1
| #define HAVE_SYS_STAT_H 1
| #define HAVE_STDLIB_H 1
| #define HAVE_STRING_H 1
| #define HAVE_MEMORY_H 1
| #define HAVE_STRINGS_H 1
| #define HAVE_INTTYPES_H 1
| #define HAVE_STDINT_H 1
| #define HAVE_UNISTD_H 1
| #define __EXTENSIONS__ 1
| #define _ALL_SOURCE 1
| #define _GNU_SOURCE 1
| #define _POSIX_PTHREAD_SEMANTICS 1
| #define _TANDEM_SOURCE 1
| #define HAVE_DLFCN_H 1
| #define LT_OBJDIR ".libs/"
| #define HAVE_PTHREAD_SPIN_LOCK 1
| #define HAVE_DECL_STRERROR_R 1
| #define HAVE_STRERROR_R 1
| #define STRERROR_R_CHAR_P 1
| #define VSTUDIO_DDK 1
| #define HAVE_NETLINK 1
| #define HAVE_OPENSSL 1
| #define OPENSSL_SUPPORTS_SNI 1
| #define HAVE_LIBCAPNG 1
| #define HAVE_DECL_SYS_SIGLIST 1
| #define HAVE_DECL_MALLOC_TRIM 1
| #define HAVE_STRUCT_STAT_ST_MTIM_TV_NSEC 1
| #define HAVE_STRUCT_MMSGHDR_MSG_LEN 1
| #define HAVE_STRUCT_SOCKADDR_IN6_SIN6_SCOPE_ID 1
| #define HAVE_MLOCKALL 1
| #define HAVE_STRNLEN 1
| #define HAVE_GETLOADAVG 1
| #define HAVE_STATVFS 1
| #define HAVE_GETMNTENT_R 1
| #define HAVE_SENDMMSG 1
| #define HAVE_CLOCK_GETTIME 1
| #define HAVE_MNTENT_H 1
| #define HAVE_SYS_STATVFS_H 1
| #define HAVE_LINUX_TYPES_H 1
| #define HAVE_LINUX_IF_ETHER_H 1
| #define HAVE_LINUX_NET_NAMESPACE_H 1
| #define HAVE_STDATOMIC_H 1
| #define HAVE_BITS_FLOATN_COMMON_H 1
| #define HAVE_BACKTRACE 1
| #define HAVE_LINUX_PERF_EVENT_H 1
| #define HAVE_THREAD_LOCAL 1
| #define HAVE_GCC4_ATOMICS 1
| #define ATOMIC_ALWAYS_LOCK_FREE_1B 1
| #define ATOMIC_ALWAYS_LOCK_FREE_2B 1
| #define ATOMIC_ALWAYS_LOCK_FREE_4B 1
| #define ATOMIC_ALWAYS_LOCK_FREE_8B 1
| /* end confdefs.h.  */
| /* Define pthread_set_name_np to an innocuous variant, in case <limits.h> declares pthread_set_name_np.
|    For example, HP-UX 11i <limits.h> declares gettimeofday.  */
| #define pthread_set_name_np innocuous_pthread_set_name_np
| 
| /* System header to define __stub macros and hopefully few prototypes,
|     which can conflict with char pthread_set_name_np (); below.
|     Prefer <limits.h> to <assert.h> if __STDC__ is defined, since
|     <limits.h> exists even on freestanding compilers.  */
| 
| #ifdef __STDC__
| # include <limits.h>
| #else
| # include <assert.h>
| #endif
| 
| #undef pthread_set_name_np
| 
| /* Override any GCC internal prototype to avoid an error.
|    Use char because int might match the return type of a GCC
|    builtin and then its argument prototype would still apply.  */
| #ifdef __cplusplus
| extern "C"
| #endif
| char pthread_set_name_np ();
| /* The GNU C library defines this for functions which it implements
|     to always fail with ENOSYS.  Some functions are actually named
|     something starting with __ and the normal name is an alias.  */
| #if defined __stub_pthread_set_name_np || defined __stub___pthread_set_name_np
| choke me
| #endif
| 
| int
| main ()
| {
| return pthread_set_name_np ();
|   ;
|   return 0;
| }
configure:16216: result: no
configure:16226: checking for pthread_setname_np() variant
configure:16243: gcc -o conftest -g -O2   conftest.c -lpthread -lrt -lm  >&5
configure:16243: $? = 0
configure:16269: result: glibc
configure:16284: checking whether __linux__ is defined
configure:16300: gcc -c -g -O2  conftest.c >&5
configure:16300: $? = 0
configure:16307: result: true
configure:16317: checking linker output version information
configure:16325: result: libX-2.14.so.0.0.1)
configure:16364: checking whether g++ supports C++11 features by default
configure:16658: g++ -c   conftest.cpp >&5
./configure: line 1758: g++: command not found
configure:16658: $? = 127
configure: failed program was:
| /* confdefs.h */
| #define PACKAGE_NAME "openvswitch"
| #define PACKAGE_TARNAME "openvswitch"
| #define PACKAGE_VERSION "2.14.1"
| #define PACKAGE_STRING "openvswitch 2.14.1"
| #define PACKAGE_BUGREPORT "bugs@openvswitch.org"
| #define PACKAGE_URL ""
| #define PACKAGE "openvswitch"
| #define VERSION "2.14.1"
| #define STDC_HEADERS 1
| #define HAVE_SYS_TYPES_H 1
| #define HAVE_SYS_STAT_H 1
| #define HAVE_STDLIB_H 1
| #define HAVE_STRING_H 1
| #define HAVE_MEMORY_H 1
| #define HAVE_STRINGS_H 1
| #define HAVE_INTTYPES_H 1
| #define HAVE_STDINT_H 1
| #define HAVE_UNISTD_H 1
| #define __EXTENSIONS__ 1
| #define _ALL_SOURCE 1
| #define _GNU_SOURCE 1
| #define _POSIX_PTHREAD_SEMANTICS 1
| #define _TANDEM_SOURCE 1
| #define HAVE_DLFCN_H 1
| #define LT_OBJDIR ".libs/"
| #define HAVE_PTHREAD_SPIN_LOCK 1
| #define HAVE_DECL_STRERROR_R 1
| #define HAVE_STRERROR_R 1
| #define STRERROR_R_CHAR_P 1
| #define VSTUDIO_DDK 1
| #define HAVE_NETLINK 1
| #define HAVE_OPENSSL 1
| #define OPENSSL_SUPPORTS_SNI 1
| #define HAVE_LIBCAPNG 1
| #define HAVE_DECL_SYS_SIGLIST 1
| #define HAVE_DECL_MALLOC_TRIM 1
| #define HAVE_STRUCT_STAT_ST_MTIM_TV_NSEC 1
| #define HAVE_STRUCT_MMSGHDR_MSG_LEN 1
| #define HAVE_STRUCT_SOCKADDR_IN6_SIN6_SCOPE_ID 1
| #define HAVE_MLOCKALL 1
| #define HAVE_STRNLEN 1
| #define HAVE_GETLOADAVG 1
| #define HAVE_STATVFS 1
| #define HAVE_GETMNTENT_R 1
| #define HAVE_SENDMMSG 1
| #define HAVE_CLOCK_GETTIME 1
| #define HAVE_MNTENT_H 1
| #define HAVE_SYS_STATVFS_H 1
| #define HAVE_LINUX_TYPES_H 1
| #define HAVE_LINUX_IF_ETHER_H 1
| #define HAVE_LINUX_NET_NAMESPACE_H 1
| #define HAVE_STDATOMIC_H 1
| #define HAVE_BITS_FLOATN_COMMON_H 1
| #define HAVE_BACKTRACE 1
| #define HAVE_LINUX_PERF_EVENT_H 1
| #define HAVE_THREAD_LOCAL 1
| #define HAVE_GCC4_ATOMICS 1
| #define ATOMIC_ALWAYS_LOCK_FREE_1B 1
| #define ATOMIC_ALWAYS_LOCK_FREE_2B 1
| #define ATOMIC_ALWAYS_LOCK_FREE_4B 1
| #define ATOMIC_ALWAYS_LOCK_FREE_8B 1
| #define HAVE_GLIBC_PTHREAD_SETNAME_NP 1
| /* end confdefs.h.  */
| 
| 
| // If the compiler admits that it is not ready for C++11, why torture it?
| // Hopefully, this will speed up the test.
| 
| #ifndef __cplusplus
| 
| #error "This is not a C++ compiler"
| 
| #elif __cplusplus < 201103L
| 
| #error "This is not a C++11 compiler"
| 
| #else
| 
| namespace cxx11
| {
| 
|   namespace test_static_assert
|   {
| 
|     template <typename T>
|     struct check
|     {
|       static_assert(sizeof(int) <= sizeof(T), "not big enough");
|     };
| 
|   }
| 
|   namespace test_final_override
|   {
| 
|     struct Base
|     {
|       virtual void f() {}
|     };
| 
|     struct Derived : public Base
|     {
|       virtual void f() override {}
|     };
| 
|   }
| 
|   namespace test_double_right_angle_brackets
|   {
| 
|     template < typename T >
|     struct check {};
| 
|     typedef check<void> single_type;
|     typedef check<check<void>> double_type;
|     typedef check<check<check<void>>> triple_type;
|     typedef check<check<check<check<void>>>> quadruple_type;
| 
|   }
| 
|   namespace test_decltype
|   {
| 
|     int
|     f()
|     {
|       int a = 1;
|       decltype(a) b = 2;
|       return a + b;
|     }
| 
|   }
| 
|   namespace test_type_deduction
|   {
| 
|     template < typename T1, typename T2 >
|     struct is_same
|     {
|       static const bool value = false;
|     };
| 
|     template < typename T >
|     struct is_same<T, T>
|     {
|       static const bool value = true;
|     };
| 
|     template < typename T1, typename T2 >
|     auto
|     add(T1 a1, T2 a2) -> decltype(a1 + a2)
|     {
|       return a1 + a2;
|     }
| 
|     int
|     test(const int c, volatile int v)
|     {
|       static_assert(is_same<int, decltype(0)>::value == true, "");
|       static_assert(is_same<int, decltype(c)>::value == false, "");
|       static_assert(is_same<int, decltype(v)>::value == false, "");
|       auto ac = c;
|       auto av = v;
|       auto sumi = ac + av + 'x';
|       auto sumf = ac + av + 1.0;
|       static_assert(is_same<int, decltype(ac)>::value == true, "");
|       static_assert(is_same<int, decltype(av)>::value == true, "");
|       static_assert(is_same<int, decltype(sumi)>::value == true, "");
|       static_assert(is_same<int, decltype(sumf)>::value == false, "");
|       static_assert(is_same<int, decltype(add(c, v))>::value == true, "");
|       return (sumf > 0.0) ? sumi : add(c, v);
|     }
| 
|   }
| 
|   namespace test_noexcept
|   {
| 
|     int f() { return 0; }
|     int g() noexcept { return 0; }
| 
|     static_assert(noexcept(f()) == false, "");
|     static_assert(noexcept(g()) == true, "");
| 
|   }
| 
|   namespace test_constexpr
|   {
| 
|     template < typename CharT >
|     unsigned long constexpr
|     strlen_c_r(const CharT *const s, const unsigned long acc) noexcept
|     {
|       return *s ? strlen_c_r(s + 1, acc + 1) : acc;
|     }
| 
|     template < typename CharT >
|     unsigned long constexpr
|     strlen_c(const CharT *const s) noexcept
|     {
|       return strlen_c_r(s, 0UL);
|     }
| 
|     static_assert(strlen_c("") == 0UL, "");
|     static_assert(strlen_c("1") == 1UL, "");
|     static_assert(strlen_c("example") == 7UL, "");
|     static_assert(strlen_c("another\0example") == 7UL, "");
| 
|   }
| 
|   namespace test_rvalue_references
|   {
| 
|     template < int N >
|     struct answer
|     {
|       static constexpr int value = N;
|     };
| 
|     answer<1> f(int&)       { return answer<1>(); }
|     answer<2> f(const int&) { return answer<2>(); }
|     answer<3> f(int&&)      { return answer<3>(); }
| 
|     void
|     test()
|     {
|       int i = 0;
|       const int c = 0;
|       static_assert(decltype(f(i))::value == 1, "");
|       static_assert(decltype(f(c))::value == 2, "");
|       static_assert(decltype(f(0))::value == 3, "");
|     }
| 
|   }
| 
|   namespace test_uniform_initialization
|   {
| 
|     struct test
|     {
|       static const int zero {};
|       static const int one {1};
|     };
| 
|     static_assert(test::zero == 0, "");
|     static_assert(test::one == 1, "");
| 
|   }
| 
|   namespace test_lambdas
|   {
| 
|     void
|     test1()
|     {
|       auto lambda1 = [](){};
|       auto lambda2 = lambda1;
|       lambda1();
|       lambda2();
|     }
| 
|     int
|     test2()
|     {
|       auto a = [](int i, int j){ return i + j; }(1, 2);
|       auto b = []() -> int { return '0'; }();
|       auto c = [=](){ return a + b; }();
|       auto d = [&](){ return c; }();
|       auto e = [a, &b](int x) mutable {
|         const auto identity = [](int y){ return y; };
|         for (auto i = 0; i < a; ++i)
|           a += b--;
|         return x + identity(a + b);
|       }(0);
|       return a + b + c + d + e;
|     }
| 
|     int
|     test3()
|     {
|       const auto nullary = [](){ return 0; };
|       const auto unary = [](int x){ return x; };
|       using nullary_t = decltype(nullary);
|       using unary_t = decltype(unary);
|       const auto higher1st = [](nullary_t f){ return f(); };
|       const auto higher2nd = [unary](nullary_t f1){
|         return [unary, f1](unary_t f2){ return f2(unary(f1())); };
|       };
|       return higher1st(nullary) + higher2nd(nullary)(unary);
|     }
| 
|   }
| 
|   namespace test_variadic_templates
|   {
| 
|     template <int...>
|     struct sum;
| 
|     template <int N0, int... N1toN>
|     struct sum<N0, N1toN...>
|     {
|       static constexpr auto value = N0 + sum<N1toN...>::value;
|     };
| 
|     template <>
|     struct sum<>
|     {
|       static constexpr auto value = 0;
|     };
| 
|     static_assert(sum<>::value == 0, "");
|     static_assert(sum<1>::value == 1, "");
|     static_assert(sum<23>::value == 23, "");
|     static_assert(sum<1, 2>::value == 3, "");
|     static_assert(sum<5, 5, 11>::value == 21, "");
|     static_assert(sum<2, 3, 5, 7, 11, 13>::value == 41, "");
| 
|   }
| 
|   // http://stackoverflow.com/questions/13728184/template-aliases-and-sfinae
|   // Clang 3.1 fails with headers of libstd++ 4.8.3 when using std::function
|   // because of this.
|   namespace test_template_alias_sfinae
|   {
| 
|     struct foo {};
| 
|     template<typename T>
|     using member = typename T::member_type;
| 
|     template<typename T>
|     void func(...) {}
| 
|     template<typename T>
|     void func(member<T>*) {}
| 
|     void test();
| 
|     void test() { func<foo>(0); }
| 
|   }
| 
| }  // namespace cxx11
| 
| #endif  // __cplusplus >= 201103L
| 
| 
| 
configure:16665: result: no
configure:16675: checking whether g++ supports C++11 features with -std=gnu++11
configure:16971: g++ -std=gnu++11 -c   conftest.cpp >&5
./configure: line 1758: g++: command not found
configure:16971: $? = 127
configure: failed program was:
| /* confdefs.h */
| #define PACKAGE_NAME "openvswitch"
| #define PACKAGE_TARNAME "openvswitch"
| #define PACKAGE_VERSION "2.14.1"
| #define PACKAGE_STRING "openvswitch 2.14.1"
| #define PACKAGE_BUGREPORT "bugs@openvswitch.org"
| #define PACKAGE_URL ""
| #define PACKAGE "openvswitch"
| #define VERSION "2.14.1"
| #define STDC_HEADERS 1
| #define HAVE_SYS_TYPES_H 1
| #define HAVE_SYS_STAT_H 1
| #define HAVE_STDLIB_H 1
| #define HAVE_STRING_H 1
| #define HAVE_MEMORY_H 1
| #define HAVE_STRINGS_H 1
| #define HAVE_INTTYPES_H 1
| #define HAVE_STDINT_H 1
| #define HAVE_UNISTD_H 1
| #define __EXTENSIONS__ 1
| #define _ALL_SOURCE 1
| #define _GNU_SOURCE 1
| #define _POSIX_PTHREAD_SEMANTICS 1
| #define _TANDEM_SOURCE 1
| #define HAVE_DLFCN_H 1
| #define LT_OBJDIR ".libs/"
| #define HAVE_PTHREAD_SPIN_LOCK 1
| #define HAVE_DECL_STRERROR_R 1
| #define HAVE_STRERROR_R 1
| #define STRERROR_R_CHAR_P 1
| #define VSTUDIO_DDK 1
| #define HAVE_NETLINK 1
| #define HAVE_OPENSSL 1
| #define OPENSSL_SUPPORTS_SNI 1
| #define HAVE_LIBCAPNG 1
| #define HAVE_DECL_SYS_SIGLIST 1
| #define HAVE_DECL_MALLOC_TRIM 1
| #define HAVE_STRUCT_STAT_ST_MTIM_TV_NSEC 1
| #define HAVE_STRUCT_MMSGHDR_MSG_LEN 1
| #define HAVE_STRUCT_SOCKADDR_IN6_SIN6_SCOPE_ID 1
| #define HAVE_MLOCKALL 1
| #define HAVE_STRNLEN 1
| #define HAVE_GETLOADAVG 1
| #define HAVE_STATVFS 1
| #define HAVE_GETMNTENT_R 1
| #define HAVE_SENDMMSG 1
| #define HAVE_CLOCK_GETTIME 1
| #define HAVE_MNTENT_H 1
| #define HAVE_SYS_STATVFS_H 1
| #define HAVE_LINUX_TYPES_H 1
| #define HAVE_LINUX_IF_ETHER_H 1
| #define HAVE_LINUX_NET_NAMESPACE_H 1
| #define HAVE_STDATOMIC_H 1
| #define HAVE_BITS_FLOATN_COMMON_H 1
| #define HAVE_BACKTRACE 1
| #define HAVE_LINUX_PERF_EVENT_H 1
| #define HAVE_THREAD_LOCAL 1
| #define HAVE_GCC4_ATOMICS 1
| #define ATOMIC_ALWAYS_LOCK_FREE_1B 1
| #define ATOMIC_ALWAYS_LOCK_FREE_2B 1
| #define ATOMIC_ALWAYS_LOCK_FREE_4B 1
| #define ATOMIC_ALWAYS_LOCK_FREE_8B 1
| #define HAVE_GLIBC_PTHREAD_SETNAME_NP 1
| /* end confdefs.h.  */
| 
| 
| // If the compiler admits that it is not ready for C++11, why torture it?
| // Hopefully, this will speed up the test.
| 
| #ifndef __cplusplus
| 
| #error "This is not a C++ compiler"
| 
| #elif __cplusplus < 201103L
| 
| #error "This is not a C++11 compiler"
| 
| #else
| 
| namespace cxx11
| {
| 
|   namespace test_static_assert
|   {
| 
|     template <typename T>
|     struct check
|     {
|       static_assert(sizeof(int) <= sizeof(T), "not big enough");
|     };
| 
|   }
| 
|   namespace test_final_override
|   {
| 
|     struct Base
|     {
|       virtual void f() {}
|     };
| 
|     struct Derived : public Base
|     {
|       virtual void f() override {}
|     };
| 
|   }
| 
|   namespace test_double_right_angle_brackets
|   {
| 
|     template < typename T >
|     struct check {};
| 
|     typedef check<void> single_type;
|     typedef check<check<void>> double_type;
|     typedef check<check<check<void>>> triple_type;
|     typedef check<check<check<check<void>>>> quadruple_type;
| 
|   }
| 
|   namespace test_decltype
|   {
| 
|     int
|     f()
|     {
|       int a = 1;
|       decltype(a) b = 2;
|       return a + b;
|     }
| 
|   }
| 
|   namespace test_type_deduction
|   {
| 
|     template < typename T1, typename T2 >
|     struct is_same
|     {
|       static const bool value = false;
|     };
| 
|     template < typename T >
|     struct is_same<T, T>
|     {
|       static const bool value = true;
|     };
| 
|     template < typename T1, typename T2 >
|     auto
|     add(T1 a1, T2 a2) -> decltype(a1 + a2)
|     {
|       return a1 + a2;
|     }
| 
|     int
|     test(const int c, volatile int v)
|     {
|       static_assert(is_same<int, decltype(0)>::value == true, "");
|       static_assert(is_same<int, decltype(c)>::value == false, "");
|       static_assert(is_same<int, decltype(v)>::value == false, "");
|       auto ac = c;
|       auto av = v;
|       auto sumi = ac + av + 'x';
|       auto sumf = ac + av + 1.0;
|       static_assert(is_same<int, decltype(ac)>::value == true, "");
|       static_assert(is_same<int, decltype(av)>::value == true, "");
|       static_assert(is_same<int, decltype(sumi)>::value == true, "");
|       static_assert(is_same<int, decltype(sumf)>::value == false, "");
|       static_assert(is_same<int, decltype(add(c, v))>::value == true, "");
|       return (sumf > 0.0) ? sumi : add(c, v);
|     }
| 
|   }
| 
|   namespace test_noexcept
|   {
| 
|     int f() { return 0; }
|     int g() noexcept { return 0; }
| 
|     static_assert(noexcept(f()) == false, "");
|     static_assert(noexcept(g()) == true, "");
| 
|   }
| 
|   namespace test_constexpr
|   {
| 
|     template < typename CharT >
|     unsigned long constexpr
|     strlen_c_r(const CharT *const s, const unsigned long acc) noexcept
|     {
|       return *s ? strlen_c_r(s + 1, acc + 1) : acc;
|     }
| 
|     template < typename CharT >
|     unsigned long constexpr
|     strlen_c(const CharT *const s) noexcept
|     {
|       return strlen_c_r(s, 0UL);
|     }
| 
|     static_assert(strlen_c("") == 0UL, "");
|     static_assert(strlen_c("1") == 1UL, "");
|     static_assert(strlen_c("example") == 7UL, "");
|     static_assert(strlen_c("another\0example") == 7UL, "");
| 
|   }
| 
|   namespace test_rvalue_references
|   {
| 
|     template < int N >
|     struct answer
|     {
|       static constexpr int value = N;
|     };
| 
|     answer<1> f(int&)       { return answer<1>(); }
|     answer<2> f(const int&) { return answer<2>(); }
|     answer<3> f(int&&)      { return answer<3>(); }
| 
|     void
|     test()
|     {
|       int i = 0;
|       const int c = 0;
|       static_assert(decltype(f(i))::value == 1, "");
|       static_assert(decltype(f(c))::value == 2, "");
|       static_assert(decltype(f(0))::value == 3, "");
|     }
| 
|   }
| 
|   namespace test_uniform_initialization
|   {
| 
|     struct test
|     {
|       static const int zero {};
|       static const int one {1};
|     };
| 
|     static_assert(test::zero == 0, "");
|     static_assert(test::one == 1, "");
| 
|   }
| 
|   namespace test_lambdas
|   {
| 
|     void
|     test1()
|     {
|       auto lambda1 = [](){};
|       auto lambda2 = lambda1;
|       lambda1();
|       lambda2();
|     }
| 
|     int
|     test2()
|     {
|       auto a = [](int i, int j){ return i + j; }(1, 2);
|       auto b = []() -> int { return '0'; }();
|       auto c = [=](){ return a + b; }();
|       auto d = [&](){ return c; }();
|       auto e = [a, &b](int x) mutable {
|         const auto identity = [](int y){ return y; };
|         for (auto i = 0; i < a; ++i)
|           a += b--;
|         return x + identity(a + b);
|       }(0);
|       return a + b + c + d + e;
|     }
| 
|     int
|     test3()
|     {
|       const auto nullary = [](){ return 0; };
|       const auto unary = [](int x){ return x; };
|       using nullary_t = decltype(nullary);
|       using unary_t = decltype(unary);
|       const auto higher1st = [](nullary_t f){ return f(); };
|       const auto higher2nd = [unary](nullary_t f1){
|         return [unary, f1](unary_t f2){ return f2(unary(f1())); };
|       };
|       return higher1st(nullary) + higher2nd(nullary)(unary);
|     }
| 
|   }
| 
|   namespace test_variadic_templates
|   {
| 
|     template <int...>
|     struct sum;
| 
|     template <int N0, int... N1toN>
|     struct sum<N0, N1toN...>
|     {
|       static constexpr auto value = N0 + sum<N1toN...>::value;
|     };
| 
|     template <>
|     struct sum<>
|     {
|       static constexpr auto value = 0;
|     };
| 
|     static_assert(sum<>::value == 0, "");
|     static_assert(sum<1>::value == 1, "");
|     static_assert(sum<23>::value == 23, "");
|     static_assert(sum<1, 2>::value == 3, "");
|     static_assert(sum<5, 5, 11>::value == 21, "");
|     static_assert(sum<2, 3, 5, 7, 11, 13>::value == 41, "");
| 
|   }
| 
|   // http://stackoverflow.com/questions/13728184/template-aliases-and-sfinae
|   // Clang 3.1 fails with headers of libstd++ 4.8.3 when using std::function
|   // because of this.
|   namespace test_template_alias_sfinae
|   {
| 
|     struct foo {};
| 
|     template<typename T>
|     using member = typename T::member_type;
| 
|     template<typename T>
|     void func(...) {}
| 
|     template<typename T>
|     void func(member<T>*) {}
| 
|     void test();
| 
|     void test() { func<foo>(0); }
| 
|   }
| 
| }  // namespace cxx11
| 
| #endif  // __cplusplus >= 201103L
| 
| 
| 
configure:16980: result: no
configure:16675: checking whether g++ supports C++11 features with -std=gnu++0x
configure:16971: g++ -std=gnu++0x -c   conftest.cpp >&5
./configure: line 1758: g++: command not found
configure:16971: $? = 127
configure: failed program was:
| /* confdefs.h */
| #define PACKAGE_NAME "openvswitch"
| #define PACKAGE_TARNAME "openvswitch"
| #define PACKAGE_VERSION "2.14.1"
| #define PACKAGE_STRING "openvswitch 2.14.1"
| #define PACKAGE_BUGREPORT "bugs@openvswitch.org"
| #define PACKAGE_URL ""
| #define PACKAGE "openvswitch"
| #define VERSION "2.14.1"
| #define STDC_HEADERS 1
| #define HAVE_SYS_TYPES_H 1
| #define HAVE_SYS_STAT_H 1
| #define HAVE_STDLIB_H 1
| #define HAVE_STRING_H 1
| #define HAVE_MEMORY_H 1
| #define HAVE_STRINGS_H 1
| #define HAVE_INTTYPES_H 1
| #define HAVE_STDINT_H 1
| #define HAVE_UNISTD_H 1
| #define __EXTENSIONS__ 1
| #define _ALL_SOURCE 1
| #define _GNU_SOURCE 1
| #define _POSIX_PTHREAD_SEMANTICS 1
| #define _TANDEM_SOURCE 1
| #define HAVE_DLFCN_H 1
| #define LT_OBJDIR ".libs/"
| #define HAVE_PTHREAD_SPIN_LOCK 1
| #define HAVE_DECL_STRERROR_R 1
| #define HAVE_STRERROR_R 1
| #define STRERROR_R_CHAR_P 1
| #define VSTUDIO_DDK 1
| #define HAVE_NETLINK 1
| #define HAVE_OPENSSL 1
| #define OPENSSL_SUPPORTS_SNI 1
| #define HAVE_LIBCAPNG 1
| #define HAVE_DECL_SYS_SIGLIST 1
| #define HAVE_DECL_MALLOC_TRIM 1
| #define HAVE_STRUCT_STAT_ST_MTIM_TV_NSEC 1
| #define HAVE_STRUCT_MMSGHDR_MSG_LEN 1
| #define HAVE_STRUCT_SOCKADDR_IN6_SIN6_SCOPE_ID 1
| #define HAVE_MLOCKALL 1
| #define HAVE_STRNLEN 1
| #define HAVE_GETLOADAVG 1
| #define HAVE_STATVFS 1
| #define HAVE_GETMNTENT_R 1
| #define HAVE_SENDMMSG 1
| #define HAVE_CLOCK_GETTIME 1
| #define HAVE_MNTENT_H 1
| #define HAVE_SYS_STATVFS_H 1
| #define HAVE_LINUX_TYPES_H 1
| #define HAVE_LINUX_IF_ETHER_H 1
| #define HAVE_LINUX_NET_NAMESPACE_H 1
| #define HAVE_STDATOMIC_H 1
| #define HAVE_BITS_FLOATN_COMMON_H 1
| #define HAVE_BACKTRACE 1
| #define HAVE_LINUX_PERF_EVENT_H 1
| #define HAVE_THREAD_LOCAL 1
| #define HAVE_GCC4_ATOMICS 1
| #define ATOMIC_ALWAYS_LOCK_FREE_1B 1
| #define ATOMIC_ALWAYS_LOCK_FREE_2B 1
| #define ATOMIC_ALWAYS_LOCK_FREE_4B 1
| #define ATOMIC_ALWAYS_LOCK_FREE_8B 1
| #define HAVE_GLIBC_PTHREAD_SETNAME_NP 1
| /* end confdefs.h.  */
| 
| 
| // If the compiler admits that it is not ready for C++11, why torture it?
| // Hopefully, this will speed up the test.
| 
| #ifndef __cplusplus
| 
| #error "This is not a C++ compiler"
| 
| #elif __cplusplus < 201103L
| 
| #error "This is not a C++11 compiler"
| 
| #else
| 
| namespace cxx11
| {
| 
|   namespace test_static_assert
|   {
| 
|     template <typename T>
|     struct check
|     {
|       static_assert(sizeof(int) <= sizeof(T), "not big enough");
|     };
| 
|   }
| 
|   namespace test_final_override
|   {
| 
|     struct Base
|     {
|       virtual void f() {}
|     };
| 
|     struct Derived : public Base
|     {
|       virtual void f() override {}
|     };
| 
|   }
| 
|   namespace test_double_right_angle_brackets
|   {
| 
|     template < typename T >
|     struct check {};
| 
|     typedef check<void> single_type;
|     typedef check<check<void>> double_type;
|     typedef check<check<check<void>>> triple_type;
|     typedef check<check<check<check<void>>>> quadruple_type;
| 
|   }
| 
|   namespace test_decltype
|   {
| 
|     int
|     f()
|     {
|       int a = 1;
|       decltype(a) b = 2;
|       return a + b;
|     }
| 
|   }
| 
|   namespace test_type_deduction
|   {
| 
|     template < typename T1, typename T2 >
|     struct is_same
|     {
|       static const bool value = false;
|     };
| 
|     template < typename T >
|     struct is_same<T, T>
|     {
|       static const bool value = true;
|     };
| 
|     template < typename T1, typename T2 >
|     auto
|     add(T1 a1, T2 a2) -> decltype(a1 + a2)
|     {
|       return a1 + a2;
|     }
| 
|     int
|     test(const int c, volatile int v)
|     {
|       static_assert(is_same<int, decltype(0)>::value == true, "");
|       static_assert(is_same<int, decltype(c)>::value == false, "");
|       static_assert(is_same<int, decltype(v)>::value == false, "");
|       auto ac = c;
|       auto av = v;
|       auto sumi = ac + av + 'x';
|       auto sumf = ac + av + 1.0;
|       static_assert(is_same<int, decltype(ac)>::value == true, "");
|       static_assert(is_same<int, decltype(av)>::value == true, "");
|       static_assert(is_same<int, decltype(sumi)>::value == true, "");
|       static_assert(is_same<int, decltype(sumf)>::value == false, "");
|       static_assert(is_same<int, decltype(add(c, v))>::value == true, "");
|       return (sumf > 0.0) ? sumi : add(c, v);
|     }
| 
|   }
| 
|   namespace test_noexcept
|   {
| 
|     int f() { return 0; }
|     int g() noexcept { return 0; }
| 
|     static_assert(noexcept(f()) == false, "");
|     static_assert(noexcept(g()) == true, "");
| 
|   }
| 
|   namespace test_constexpr
|   {
| 
|     template < typename CharT >
|     unsigned long constexpr
|     strlen_c_r(const CharT *const s, const unsigned long acc) noexcept
|     {
|       return *s ? strlen_c_r(s + 1, acc + 1) : acc;
|     }
| 
|     template < typename CharT >
|     unsigned long constexpr
|     strlen_c(const CharT *const s) noexcept
|     {
|       return strlen_c_r(s, 0UL);
|     }
| 
|     static_assert(strlen_c("") == 0UL, "");
|     static_assert(strlen_c("1") == 1UL, "");
|     static_assert(strlen_c("example") == 7UL, "");
|     static_assert(strlen_c("another\0example") == 7UL, "");
| 
|   }
| 
|   namespace test_rvalue_references
|   {
| 
|     template < int N >
|     struct answer
|     {
|       static constexpr int value = N;
|     };
| 
|     answer<1> f(int&)       { return answer<1>(); }
|     answer<2> f(const int&) { return answer<2>(); }
|     answer<3> f(int&&)      { return answer<3>(); }
| 
|     void
|     test()
|     {
|       int i = 0;
|       const int c = 0;
|       static_assert(decltype(f(i))::value == 1, "");
|       static_assert(decltype(f(c))::value == 2, "");
|       static_assert(decltype(f(0))::value == 3, "");
|     }
| 
|   }
| 
|   namespace test_uniform_initialization
|   {
| 
|     struct test
|     {
|       static const int zero {};
|       static const int one {1};
|     };
| 
|     static_assert(test::zero == 0, "");
|     static_assert(test::one == 1, "");
| 
|   }
| 
|   namespace test_lambdas
|   {
| 
|     void
|     test1()
|     {
|       auto lambda1 = [](){};
|       auto lambda2 = lambda1;
|       lambda1();
|       lambda2();
|     }
| 
|     int
|     test2()
|     {
|       auto a = [](int i, int j){ return i + j; }(1, 2);
|       auto b = []() -> int { return '0'; }();
|       auto c = [=](){ return a + b; }();
|       auto d = [&](){ return c; }();
|       auto e = [a, &b](int x) mutable {
|         const auto identity = [](int y){ return y; };
|         for (auto i = 0; i < a; ++i)
|           a += b--;
|         return x + identity(a + b);
|       }(0);
|       return a + b + c + d + e;
|     }
| 
|     int
|     test3()
|     {
|       const auto nullary = [](){ return 0; };
|       const auto unary = [](int x){ return x; };
|       using nullary_t = decltype(nullary);
|       using unary_t = decltype(unary);
|       const auto higher1st = [](nullary_t f){ return f(); };
|       const auto higher2nd = [unary](nullary_t f1){
|         return [unary, f1](unary_t f2){ return f2(unary(f1())); };
|       };
|       return higher1st(nullary) + higher2nd(nullary)(unary);
|     }
| 
|   }
| 
|   namespace test_variadic_templates
|   {
| 
|     template <int...>
|     struct sum;
| 
|     template <int N0, int... N1toN>
|     struct sum<N0, N1toN...>
|     {
|       static constexpr auto value = N0 + sum<N1toN...>::value;
|     };
| 
|     template <>
|     struct sum<>
|     {
|       static constexpr auto value = 0;
|     };
| 
|     static_assert(sum<>::value == 0, "");
|     static_assert(sum<1>::value == 1, "");
|     static_assert(sum<23>::value == 23, "");
|     static_assert(sum<1, 2>::value == 3, "");
|     static_assert(sum<5, 5, 11>::value == 21, "");
|     static_assert(sum<2, 3, 5, 7, 11, 13>::value == 41, "");
| 
|   }
| 
|   // http://stackoverflow.com/questions/13728184/template-aliases-and-sfinae
|   // Clang 3.1 fails with headers of libstd++ 4.8.3 when using std::function
|   // because of this.
|   namespace test_template_alias_sfinae
|   {
| 
|     struct foo {};
| 
|     template<typename T>
|     using member = typename T::member_type;
| 
|     template<typename T>
|     void func(...) {}
| 
|     template<typename T>
|     void func(member<T>*) {}
| 
|     void test();
| 
|     void test() { func<foo>(0); }
| 
|   }
| 
| }  // namespace cxx11
| 
| #endif  // __cplusplus >= 201103L
| 
| 
| 
configure:16980: result: no
configure:16997: checking whether g++ supports C++11 features with -std=c++11
configure:17293: g++ -std=c++11 -c   conftest.cpp >&5
./configure: line 1758: g++: command not found
configure:17293: $? = 127
configure: failed program was:
| /* confdefs.h */
| #define PACKAGE_NAME "openvswitch"
| #define PACKAGE_TARNAME "openvswitch"
| #define PACKAGE_VERSION "2.14.1"
| #define PACKAGE_STRING "openvswitch 2.14.1"
| #define PACKAGE_BUGREPORT "bugs@openvswitch.org"
| #define PACKAGE_URL ""
| #define PACKAGE "openvswitch"
| #define VERSION "2.14.1"
| #define STDC_HEADERS 1
| #define HAVE_SYS_TYPES_H 1
| #define HAVE_SYS_STAT_H 1
| #define HAVE_STDLIB_H 1
| #define HAVE_STRING_H 1
| #define HAVE_MEMORY_H 1
| #define HAVE_STRINGS_H 1
| #define HAVE_INTTYPES_H 1
| #define HAVE_STDINT_H 1
| #define HAVE_UNISTD_H 1
| #define __EXTENSIONS__ 1
| #define _ALL_SOURCE 1
| #define _GNU_SOURCE 1
| #define _POSIX_PTHREAD_SEMANTICS 1
| #define _TANDEM_SOURCE 1
| #define HAVE_DLFCN_H 1
| #define LT_OBJDIR ".libs/"
| #define HAVE_PTHREAD_SPIN_LOCK 1
| #define HAVE_DECL_STRERROR_R 1
| #define HAVE_STRERROR_R 1
| #define STRERROR_R_CHAR_P 1
| #define VSTUDIO_DDK 1
| #define HAVE_NETLINK 1
| #define HAVE_OPENSSL 1
| #define OPENSSL_SUPPORTS_SNI 1
| #define HAVE_LIBCAPNG 1
| #define HAVE_DECL_SYS_SIGLIST 1
| #define HAVE_DECL_MALLOC_TRIM 1
| #define HAVE_STRUCT_STAT_ST_MTIM_TV_NSEC 1
| #define HAVE_STRUCT_MMSGHDR_MSG_LEN 1
| #define HAVE_STRUCT_SOCKADDR_IN6_SIN6_SCOPE_ID 1
| #define HAVE_MLOCKALL 1
| #define HAVE_STRNLEN 1
| #define HAVE_GETLOADAVG 1
| #define HAVE_STATVFS 1
| #define HAVE_GETMNTENT_R 1
| #define HAVE_SENDMMSG 1
| #define HAVE_CLOCK_GETTIME 1
| #define HAVE_MNTENT_H 1
| #define HAVE_SYS_STATVFS_H 1
| #define HAVE_LINUX_TYPES_H 1
| #define HAVE_LINUX_IF_ETHER_H 1
| #define HAVE_LINUX_NET_NAMESPACE_H 1
| #define HAVE_STDATOMIC_H 1
| #define HAVE_BITS_FLOATN_COMMON_H 1
| #define HAVE_BACKTRACE 1
| #define HAVE_LINUX_PERF_EVENT_H 1
| #define HAVE_THREAD_LOCAL 1
| #define HAVE_GCC4_ATOMICS 1
| #define ATOMIC_ALWAYS_LOCK_FREE_1B 1
| #define ATOMIC_ALWAYS_LOCK_FREE_2B 1
| #define ATOMIC_ALWAYS_LOCK_FREE_4B 1
| #define ATOMIC_ALWAYS_LOCK_FREE_8B 1
| #define HAVE_GLIBC_PTHREAD_SETNAME_NP 1
| /* end confdefs.h.  */
| 
| 
| // If the compiler admits that it is not ready for C++11, why torture it?
| // Hopefully, this will speed up the test.
| 
| #ifndef __cplusplus
| 
| #error "This is not a C++ compiler"
| 
| #elif __cplusplus < 201103L
| 
| #error "This is not a C++11 compiler"
| 
| #else
| 
| namespace cxx11
| {
| 
|   namespace test_static_assert
|   {
| 
|     template <typename T>
|     struct check
|     {
|       static_assert(sizeof(int) <= sizeof(T), "not big enough");
|     };
| 
|   }
| 
|   namespace test_final_override
|   {
| 
|     struct Base
|     {
|       virtual void f() {}
|     };
| 
|     struct Derived : public Base
|     {
|       virtual void f() override {}
|     };
| 
|   }
| 
|   namespace test_double_right_angle_brackets
|   {
| 
|     template < typename T >
|     struct check {};
| 
|     typedef check<void> single_type;
|     typedef check<check<void>> double_type;
|     typedef check<check<check<void>>> triple_type;
|     typedef check<check<check<check<void>>>> quadruple_type;
| 
|   }
| 
|   namespace test_decltype
|   {
| 
|     int
|     f()
|     {
|       int a = 1;
|       decltype(a) b = 2;
|       return a + b;
|     }
| 
|   }
| 
|   namespace test_type_deduction
|   {
| 
|     template < typename T1, typename T2 >
|     struct is_same
|     {
|       static const bool value = false;
|     };
| 
|     template < typename T >
|     struct is_same<T, T>
|     {
|       static const bool value = true;
|     };
| 
|     template < typename T1, typename T2 >
|     auto
|     add(T1 a1, T2 a2) -> decltype(a1 + a2)
|     {
|       return a1 + a2;
|     }
| 
|     int
|     test(const int c, volatile int v)
|     {
|       static_assert(is_same<int, decltype(0)>::value == true, "");
|       static_assert(is_same<int, decltype(c)>::value == false, "");
|       static_assert(is_same<int, decltype(v)>::value == false, "");
|       auto ac = c;
|       auto av = v;
|       auto sumi = ac + av + 'x';
|       auto sumf = ac + av + 1.0;
|       static_assert(is_same<int, decltype(ac)>::value == true, "");
|       static_assert(is_same<int, decltype(av)>::value == true, "");
|       static_assert(is_same<int, decltype(sumi)>::value == true, "");
|       static_assert(is_same<int, decltype(sumf)>::value == false, "");
|       static_assert(is_same<int, decltype(add(c, v))>::value == true, "");
|       return (sumf > 0.0) ? sumi : add(c, v);
|     }
| 
|   }
| 
|   namespace test_noexcept
|   {
| 
|     int f() { return 0; }
|     int g() noexcept { return 0; }
| 
|     static_assert(noexcept(f()) == false, "");
|     static_assert(noexcept(g()) == true, "");
| 
|   }
| 
|   namespace test_constexpr
|   {
| 
|     template < typename CharT >
|     unsigned long constexpr
|     strlen_c_r(const CharT *const s, const unsigned long acc) noexcept
|     {
|       return *s ? strlen_c_r(s + 1, acc + 1) : acc;
|     }
| 
|     template < typename CharT >
|     unsigned long constexpr
|     strlen_c(const CharT *const s) noexcept
|     {
|       return strlen_c_r(s, 0UL);
|     }
| 
|     static_assert(strlen_c("") == 0UL, "");
|     static_assert(strlen_c("1") == 1UL, "");
|     static_assert(strlen_c("example") == 7UL, "");
|     static_assert(strlen_c("another\0example") == 7UL, "");
| 
|   }
| 
|   namespace test_rvalue_references
|   {
| 
|     template < int N >
|     struct answer
|     {
|       static constexpr int value = N;
|     };
| 
|     answer<1> f(int&)       { return answer<1>(); }
|     answer<2> f(const int&) { return answer<2>(); }
|     answer<3> f(int&&)      { return answer<3>(); }
| 
|     void
|     test()
|     {
|       int i = 0;
|       const int c = 0;
|       static_assert(decltype(f(i))::value == 1, "");
|       static_assert(decltype(f(c))::value == 2, "");
|       static_assert(decltype(f(0))::value == 3, "");
|     }
| 
|   }
| 
|   namespace test_uniform_initialization
|   {
| 
|     struct test
|     {
|       static const int zero {};
|       static const int one {1};
|     };
| 
|     static_assert(test::zero == 0, "");
|     static_assert(test::one == 1, "");
| 
|   }
| 
|   namespace test_lambdas
|   {
| 
|     void
|     test1()
|     {
|       auto lambda1 = [](){};
|       auto lambda2 = lambda1;
|       lambda1();
|       lambda2();
|     }
| 
|     int
|     test2()
|     {
|       auto a = [](int i, int j){ return i + j; }(1, 2);
|       auto b = []() -> int { return '0'; }();
|       auto c = [=](){ return a + b; }();
|       auto d = [&](){ return c; }();
|       auto e = [a, &b](int x) mutable {
|         const auto identity = [](int y){ return y; };
|         for (auto i = 0; i < a; ++i)
|           a += b--;
|         return x + identity(a + b);
|       }(0);
|       return a + b + c + d + e;
|     }
| 
|     int
|     test3()
|     {
|       const auto nullary = [](){ return 0; };
|       const auto unary = [](int x){ return x; };
|       using nullary_t = decltype(nullary);
|       using unary_t = decltype(unary);
|       const auto higher1st = [](nullary_t f){ return f(); };
|       const auto higher2nd = [unary](nullary_t f1){
|         return [unary, f1](unary_t f2){ return f2(unary(f1())); };
|       };
|       return higher1st(nullary) + higher2nd(nullary)(unary);
|     }
| 
|   }
| 
|   namespace test_variadic_templates
|   {
| 
|     template <int...>
|     struct sum;
| 
|     template <int N0, int... N1toN>
|     struct sum<N0, N1toN...>
|     {
|       static constexpr auto value = N0 + sum<N1toN...>::value;
|     };
| 
|     template <>
|     struct sum<>
|     {
|       static constexpr auto value = 0;
|     };
| 
|     static_assert(sum<>::value == 0, "");
|     static_assert(sum<1>::value == 1, "");
|     static_assert(sum<23>::value == 23, "");
|     static_assert(sum<1, 2>::value == 3, "");
|     static_assert(sum<5, 5, 11>::value == 21, "");
|     static_assert(sum<2, 3, 5, 7, 11, 13>::value == 41, "");
| 
|   }
| 
|   // http://stackoverflow.com/questions/13728184/template-aliases-and-sfinae
|   // Clang 3.1 fails with headers of libstd++ 4.8.3 when using std::function
|   // because of this.
|   namespace test_template_alias_sfinae
|   {
| 
|     struct foo {};
| 
|     template<typename T>
|     using member = typename T::member_type;
| 
|     template<typename T>
|     void func(...) {}
| 
|     template<typename T>
|     void func(member<T>*) {}
| 
|     void test();
| 
|     void test() { func<foo>(0); }
| 
|   }
| 
| }  // namespace cxx11
| 
| #endif  // __cplusplus >= 201103L
| 
| 
| 
configure:17302: result: no
configure:16997: checking whether g++ supports C++11 features with +std=c++11
configure:17293: g++ +std=c++11 -c   conftest.cpp >&5
./configure: line 1758: g++: command not found
configure:17293: $? = 127
configure: failed program was:
| /* confdefs.h */
| #define PACKAGE_NAME "openvswitch"
| #define PACKAGE_TARNAME "openvswitch"
| #define PACKAGE_VERSION "2.14.1"
| #define PACKAGE_STRING "openvswitch 2.14.1"
| #define PACKAGE_BUGREPORT "bugs@openvswitch.org"
| #define PACKAGE_URL ""
| #define PACKAGE "openvswitch"
| #define VERSION "2.14.1"
| #define STDC_HEADERS 1
| #define HAVE_SYS_TYPES_H 1
| #define HAVE_SYS_STAT_H 1
| #define HAVE_STDLIB_H 1
| #define HAVE_STRING_H 1
| #define HAVE_MEMORY_H 1
| #define HAVE_STRINGS_H 1
| #define HAVE_INTTYPES_H 1
| #define HAVE_STDINT_H 1
| #define HAVE_UNISTD_H 1
| #define __EXTENSIONS__ 1
| #define _ALL_SOURCE 1
| #define _GNU_SOURCE 1
| #define _POSIX_PTHREAD_SEMANTICS 1
| #define _TANDEM_SOURCE 1
| #define HAVE_DLFCN_H 1
| #define LT_OBJDIR ".libs/"
| #define HAVE_PTHREAD_SPIN_LOCK 1
| #define HAVE_DECL_STRERROR_R 1
| #define HAVE_STRERROR_R 1
| #define STRERROR_R_CHAR_P 1
| #define VSTUDIO_DDK 1
| #define HAVE_NETLINK 1
| #define HAVE_OPENSSL 1
| #define OPENSSL_SUPPORTS_SNI 1
| #define HAVE_LIBCAPNG 1
| #define HAVE_DECL_SYS_SIGLIST 1
| #define HAVE_DECL_MALLOC_TRIM 1
| #define HAVE_STRUCT_STAT_ST_MTIM_TV_NSEC 1
| #define HAVE_STRUCT_MMSGHDR_MSG_LEN 1
| #define HAVE_STRUCT_SOCKADDR_IN6_SIN6_SCOPE_ID 1
| #define HAVE_MLOCKALL 1
| #define HAVE_STRNLEN 1
| #define HAVE_GETLOADAVG 1
| #define HAVE_STATVFS 1
| #define HAVE_GETMNTENT_R 1
| #define HAVE_SENDMMSG 1
| #define HAVE_CLOCK_GETTIME 1
| #define HAVE_MNTENT_H 1
| #define HAVE_SYS_STATVFS_H 1
| #define HAVE_LINUX_TYPES_H 1
| #define HAVE_LINUX_IF_ETHER_H 1
| #define HAVE_LINUX_NET_NAMESPACE_H 1
| #define HAVE_STDATOMIC_H 1
| #define HAVE_BITS_FLOATN_COMMON_H 1
| #define HAVE_BACKTRACE 1
| #define HAVE_LINUX_PERF_EVENT_H 1
| #define HAVE_THREAD_LOCAL 1
| #define HAVE_GCC4_ATOMICS 1
| #define ATOMIC_ALWAYS_LOCK_FREE_1B 1
| #define ATOMIC_ALWAYS_LOCK_FREE_2B 1
| #define ATOMIC_ALWAYS_LOCK_FREE_4B 1
| #define ATOMIC_ALWAYS_LOCK_FREE_8B 1
| #define HAVE_GLIBC_PTHREAD_SETNAME_NP 1
| /* end confdefs.h.  */
| 
| 
| // If the compiler admits that it is not ready for C++11, why torture it?
| // Hopefully, this will speed up the test.
| 
| #ifndef __cplusplus
| 
| #error "This is not a C++ compiler"
| 
| #elif __cplusplus < 201103L
| 
| #error "This is not a C++11 compiler"
| 
| #else
| 
| namespace cxx11
| {
| 
|   namespace test_static_assert
|   {
| 
|     template <typename T>
|     struct check
|     {
|       static_assert(sizeof(int) <= sizeof(T), "not big enough");
|     };
| 
|   }
| 
|   namespace test_final_override
|   {
| 
|     struct Base
|     {
|       virtual void f() {}
|     };
| 
|     struct Derived : public Base
|     {
|       virtual void f() override {}
|     };
| 
|   }
| 
|   namespace test_double_right_angle_brackets
|   {
| 
|     template < typename T >
|     struct check {};
| 
|     typedef check<void> single_type;
|     typedef check<check<void>> double_type;
|     typedef check<check<check<void>>> triple_type;
|     typedef check<check<check<check<void>>>> quadruple_type;
| 
|   }
| 
|   namespace test_decltype
|   {
| 
|     int
|     f()
|     {
|       int a = 1;
|       decltype(a) b = 2;
|       return a + b;
|     }
| 
|   }
| 
|   namespace test_type_deduction
|   {
| 
|     template < typename T1, typename T2 >
|     struct is_same
|     {
|       static const bool value = false;
|     };
| 
|     template < typename T >
|     struct is_same<T, T>
|     {
|       static const bool value = true;
|     };
| 
|     template < typename T1, typename T2 >
|     auto
|     add(T1 a1, T2 a2) -> decltype(a1 + a2)
|     {
|       return a1 + a2;
|     }
| 
|     int
|     test(const int c, volatile int v)
|     {
|       static_assert(is_same<int, decltype(0)>::value == true, "");
|       static_assert(is_same<int, decltype(c)>::value == false, "");
|       static_assert(is_same<int, decltype(v)>::value == false, "");
|       auto ac = c;
|       auto av = v;
|       auto sumi = ac + av + 'x';
|       auto sumf = ac + av + 1.0;
|       static_assert(is_same<int, decltype(ac)>::value == true, "");
|       static_assert(is_same<int, decltype(av)>::value == true, "");
|       static_assert(is_same<int, decltype(sumi)>::value == true, "");
|       static_assert(is_same<int, decltype(sumf)>::value == false, "");
|       static_assert(is_same<int, decltype(add(c, v))>::value == true, "");
|       return (sumf > 0.0) ? sumi : add(c, v);
|     }
| 
|   }
| 
|   namespace test_noexcept
|   {
| 
|     int f() { return 0; }
|     int g() noexcept { return 0; }
| 
|     static_assert(noexcept(f()) == false, "");
|     static_assert(noexcept(g()) == true, "");
| 
|   }
| 
|   namespace test_constexpr
|   {
| 
|     template < typename CharT >
|     unsigned long constexpr
|     strlen_c_r(const CharT *const s, const unsigned long acc) noexcept
|     {
|       return *s ? strlen_c_r(s + 1, acc + 1) : acc;
|     }
| 
|     template < typename CharT >
|     unsigned long constexpr
|     strlen_c(const CharT *const s) noexcept
|     {
|       return strlen_c_r(s, 0UL);
|     }
| 
|     static_assert(strlen_c("") == 0UL, "");
|     static_assert(strlen_c("1") == 1UL, "");
|     static_assert(strlen_c("example") == 7UL, "");
|     static_assert(strlen_c("another\0example") == 7UL, "");
| 
|   }
| 
|   namespace test_rvalue_references
|   {
| 
|     template < int N >
|     struct answer
|     {
|       static constexpr int value = N;
|     };
| 
|     answer<1> f(int&)       { return answer<1>(); }
|     answer<2> f(const int&) { return answer<2>(); }
|     answer<3> f(int&&)      { return answer<3>(); }
| 
|     void
|     test()
|     {
|       int i = 0;
|       const int c = 0;
|       static_assert(decltype(f(i))::value == 1, "");
|       static_assert(decltype(f(c))::value == 2, "");
|       static_assert(decltype(f(0))::value == 3, "");
|     }
| 
|   }
| 
|   namespace test_uniform_initialization
|   {
| 
|     struct test
|     {
|       static const int zero {};
|       static const int one {1};
|     };
| 
|     static_assert(test::zero == 0, "");
|     static_assert(test::one == 1, "");
| 
|   }
| 
|   namespace test_lambdas
|   {
| 
|     void
|     test1()
|     {
|       auto lambda1 = [](){};
|       auto lambda2 = lambda1;
|       lambda1();
|       lambda2();
|     }
| 
|     int
|     test2()
|     {
|       auto a = [](int i, int j){ return i + j; }(1, 2);
|       auto b = []() -> int { return '0'; }();
|       auto c = [=](){ return a + b; }();
|       auto d = [&](){ return c; }();
|       auto e = [a, &b](int x) mutable {
|         const auto identity = [](int y){ return y; };
|         for (auto i = 0; i < a; ++i)
|           a += b--;
|         return x + identity(a + b);
|       }(0);
|       return a + b + c + d + e;
|     }
| 
|     int
|     test3()
|     {
|       const auto nullary = [](){ return 0; };
|       const auto unary = [](int x){ return x; };
|       using nullary_t = decltype(nullary);
|       using unary_t = decltype(unary);
|       const auto higher1st = [](nullary_t f){ return f(); };
|       const auto higher2nd = [unary](nullary_t f1){
|         return [unary, f1](unary_t f2){ return f2(unary(f1())); };
|       };
|       return higher1st(nullary) + higher2nd(nullary)(unary);
|     }
| 
|   }
| 
|   namespace test_variadic_templates
|   {
| 
|     template <int...>
|     struct sum;
| 
|     template <int N0, int... N1toN>
|     struct sum<N0, N1toN...>
|     {
|       static constexpr auto value = N0 + sum<N1toN...>::value;
|     };
| 
|     template <>
|     struct sum<>
|     {
|       static constexpr auto value = 0;
|     };
| 
|     static_assert(sum<>::value == 0, "");
|     static_assert(sum<1>::value == 1, "");
|     static_assert(sum<23>::value == 23, "");
|     static_assert(sum<1, 2>::value == 3, "");
|     static_assert(sum<5, 5, 11>::value == 21, "");
|     static_assert(sum<2, 3, 5, 7, 11, 13>::value == 41, "");
| 
|   }
| 
|   // http://stackoverflow.com/questions/13728184/template-aliases-and-sfinae
|   // Clang 3.1 fails with headers of libstd++ 4.8.3 when using std::function
|   // because of this.
|   namespace test_template_alias_sfinae
|   {
| 
|     struct foo {};
| 
|     template<typename T>
|     using member = typename T::member_type;
| 
|     template<typename T>
|     void func(...) {}
| 
|     template<typename T>
|     void func(member<T>*) {}
| 
|     void test();
| 
|     void test() { func<foo>(0); }
| 
|   }
| 
| }  // namespace cxx11
| 
| #endif  // __cplusplus >= 201103L
| 
| 
| 
configure:17302: result: no
configure:16997: checking whether g++ supports C++11 features with -h std=c++11
configure:17293: g++ -h std=c++11 -c   conftest.cpp >&5
./configure: line 1758: g++: command not found
configure:17293: $? = 127
configure: failed program was:
| /* confdefs.h */
| #define PACKAGE_NAME "openvswitch"
| #define PACKAGE_TARNAME "openvswitch"
| #define PACKAGE_VERSION "2.14.1"
| #define PACKAGE_STRING "openvswitch 2.14.1"
| #define PACKAGE_BUGREPORT "bugs@openvswitch.org"
| #define PACKAGE_URL ""
| #define PACKAGE "openvswitch"
| #define VERSION "2.14.1"
| #define STDC_HEADERS 1
| #define HAVE_SYS_TYPES_H 1
| #define HAVE_SYS_STAT_H 1
| #define HAVE_STDLIB_H 1
| #define HAVE_STRING_H 1
| #define HAVE_MEMORY_H 1
| #define HAVE_STRINGS_H 1
| #define HAVE_INTTYPES_H 1
| #define HAVE_STDINT_H 1
| #define HAVE_UNISTD_H 1
| #define __EXTENSIONS__ 1
| #define _ALL_SOURCE 1
| #define _GNU_SOURCE 1
| #define _POSIX_PTHREAD_SEMANTICS 1
| #define _TANDEM_SOURCE 1
| #define HAVE_DLFCN_H 1
| #define LT_OBJDIR ".libs/"
| #define HAVE_PTHREAD_SPIN_LOCK 1
| #define HAVE_DECL_STRERROR_R 1
| #define HAVE_STRERROR_R 1
| #define STRERROR_R_CHAR_P 1
| #define VSTUDIO_DDK 1
| #define HAVE_NETLINK 1
| #define HAVE_OPENSSL 1
| #define OPENSSL_SUPPORTS_SNI 1
| #define HAVE_LIBCAPNG 1
| #define HAVE_DECL_SYS_SIGLIST 1
| #define HAVE_DECL_MALLOC_TRIM 1
| #define HAVE_STRUCT_STAT_ST_MTIM_TV_NSEC 1
| #define HAVE_STRUCT_MMSGHDR_MSG_LEN 1
| #define HAVE_STRUCT_SOCKADDR_IN6_SIN6_SCOPE_ID 1
| #define HAVE_MLOCKALL 1
| #define HAVE_STRNLEN 1
| #define HAVE_GETLOADAVG 1
| #define HAVE_STATVFS 1
| #define HAVE_GETMNTENT_R 1
| #define HAVE_SENDMMSG 1
| #define HAVE_CLOCK_GETTIME 1
| #define HAVE_MNTENT_H 1
| #define HAVE_SYS_STATVFS_H 1
| #define HAVE_LINUX_TYPES_H 1
| #define HAVE_LINUX_IF_ETHER_H 1
| #define HAVE_LINUX_NET_NAMESPACE_H 1
| #define HAVE_STDATOMIC_H 1
| #define HAVE_BITS_FLOATN_COMMON_H 1
| #define HAVE_BACKTRACE 1
| #define HAVE_LINUX_PERF_EVENT_H 1
| #define HAVE_THREAD_LOCAL 1
| #define HAVE_GCC4_ATOMICS 1
| #define ATOMIC_ALWAYS_LOCK_FREE_1B 1
| #define ATOMIC_ALWAYS_LOCK_FREE_2B 1
| #define ATOMIC_ALWAYS_LOCK_FREE_4B 1
| #define ATOMIC_ALWAYS_LOCK_FREE_8B 1
| #define HAVE_GLIBC_PTHREAD_SETNAME_NP 1
| /* end confdefs.h.  */
| 
| 
| // If the compiler admits that it is not ready for C++11, why torture it?
| // Hopefully, this will speed up the test.
| 
| #ifndef __cplusplus
| 
| #error "This is not a C++ compiler"
| 
| #elif __cplusplus < 201103L
| 
| #error "This is not a C++11 compiler"
| 
| #else
| 
| namespace cxx11
| {
| 
|   namespace test_static_assert
|   {
| 
|     template <typename T>
|     struct check
|     {
|       static_assert(sizeof(int) <= sizeof(T), "not big enough");
|     };
| 
|   }
| 
|   namespace test_final_override
|   {
| 
|     struct Base
|     {
|       virtual void f() {}
|     };
| 
|     struct Derived : public Base
|     {
|       virtual void f() override {}
|     };
| 
|   }
| 
|   namespace test_double_right_angle_brackets
|   {
| 
|     template < typename T >
|     struct check {};
| 
|     typedef check<void> single_type;
|     typedef check<check<void>> double_type;
|     typedef check<check<check<void>>> triple_type;
|     typedef check<check<check<check<void>>>> quadruple_type;
| 
|   }
| 
|   namespace test_decltype
|   {
| 
|     int
|     f()
|     {
|       int a = 1;
|       decltype(a) b = 2;
|       return a + b;
|     }
| 
|   }
| 
|   namespace test_type_deduction
|   {
| 
|     template < typename T1, typename T2 >
|     struct is_same
|     {
|       static const bool value = false;
|     };
| 
|     template < typename T >
|     struct is_same<T, T>
|     {
|       static const bool value = true;
|     };
| 
|     template < typename T1, typename T2 >
|     auto
|     add(T1 a1, T2 a2) -> decltype(a1 + a2)
|     {
|       return a1 + a2;
|     }
| 
|     int
|     test(const int c, volatile int v)
|     {
|       static_assert(is_same<int, decltype(0)>::value == true, "");
|       static_assert(is_same<int, decltype(c)>::value == false, "");
|       static_assert(is_same<int, decltype(v)>::value == false, "");
|       auto ac = c;
|       auto av = v;
|       auto sumi = ac + av + 'x';
|       auto sumf = ac + av + 1.0;
|       static_assert(is_same<int, decltype(ac)>::value == true, "");
|       static_assert(is_same<int, decltype(av)>::value == true, "");
|       static_assert(is_same<int, decltype(sumi)>::value == true, "");
|       static_assert(is_same<int, decltype(sumf)>::value == false, "");
|       static_assert(is_same<int, decltype(add(c, v))>::value == true, "");
|       return (sumf > 0.0) ? sumi : add(c, v);
|     }
| 
|   }
| 
|   namespace test_noexcept
|   {
| 
|     int f() { return 0; }
|     int g() noexcept { return 0; }
| 
|     static_assert(noexcept(f()) == false, "");
|     static_assert(noexcept(g()) == true, "");
| 
|   }
| 
|   namespace test_constexpr
|   {
| 
|     template < typename CharT >
|     unsigned long constexpr
|     strlen_c_r(const CharT *const s, const unsigned long acc) noexcept
|     {
|       return *s ? strlen_c_r(s + 1, acc + 1) : acc;
|     }
| 
|     template < typename CharT >
|     unsigned long constexpr
|     strlen_c(const CharT *const s) noexcept
|     {
|       return strlen_c_r(s, 0UL);
|     }
| 
|     static_assert(strlen_c("") == 0UL, "");
|     static_assert(strlen_c("1") == 1UL, "");
|     static_assert(strlen_c("example") == 7UL, "");
|     static_assert(strlen_c("another\0example") == 7UL, "");
| 
|   }
| 
|   namespace test_rvalue_references
|   {
| 
|     template < int N >
|     struct answer
|     {
|       static constexpr int value = N;
|     };
| 
|     answer<1> f(int&)       { return answer<1>(); }
|     answer<2> f(const int&) { return answer<2>(); }
|     answer<3> f(int&&)      { return answer<3>(); }
| 
|     void
|     test()
|     {
|       int i = 0;
|       const int c = 0;
|       static_assert(decltype(f(i))::value == 1, "");
|       static_assert(decltype(f(c))::value == 2, "");
|       static_assert(decltype(f(0))::value == 3, "");
|     }
| 
|   }
| 
|   namespace test_uniform_initialization
|   {
| 
|     struct test
|     {
|       static const int zero {};
|       static const int one {1};
|     };
| 
|     static_assert(test::zero == 0, "");
|     static_assert(test::one == 1, "");
| 
|   }
| 
|   namespace test_lambdas
|   {
| 
|     void
|     test1()
|     {
|       auto lambda1 = [](){};
|       auto lambda2 = lambda1;
|       lambda1();
|       lambda2();
|     }
| 
|     int
|     test2()
|     {
|       auto a = [](int i, int j){ return i + j; }(1, 2);
|       auto b = []() -> int { return '0'; }();
|       auto c = [=](){ return a + b; }();
|       auto d = [&](){ return c; }();
|       auto e = [a, &b](int x) mutable {
|         const auto identity = [](int y){ return y; };
|         for (auto i = 0; i < a; ++i)
|           a += b--;
|         return x + identity(a + b);
|       }(0);
|       return a + b + c + d + e;
|     }
| 
|     int
|     test3()
|     {
|       const auto nullary = [](){ return 0; };
|       const auto unary = [](int x){ return x; };
|       using nullary_t = decltype(nullary);
|       using unary_t = decltype(unary);
|       const auto higher1st = [](nullary_t f){ return f(); };
|       const auto higher2nd = [unary](nullary_t f1){
|         return [unary, f1](unary_t f2){ return f2(unary(f1())); };
|       };
|       return higher1st(nullary) + higher2nd(nullary)(unary);
|     }
| 
|   }
| 
|   namespace test_variadic_templates
|   {
| 
|     template <int...>
|     struct sum;
| 
|     template <int N0, int... N1toN>
|     struct sum<N0, N1toN...>
|     {
|       static constexpr auto value = N0 + sum<N1toN...>::value;
|     };
| 
|     template <>
|     struct sum<>
|     {
|       static constexpr auto value = 0;
|     };
| 
|     static_assert(sum<>::value == 0, "");
|     static_assert(sum<1>::value == 1, "");
|     static_assert(sum<23>::value == 23, "");
|     static_assert(sum<1, 2>::value == 3, "");
|     static_assert(sum<5, 5, 11>::value == 21, "");
|     static_assert(sum<2, 3, 5, 7, 11, 13>::value == 41, "");
| 
|   }
| 
|   // http://stackoverflow.com/questions/13728184/template-aliases-and-sfinae
|   // Clang 3.1 fails with headers of libstd++ 4.8.3 when using std::function
|   // because of this.
|   namespace test_template_alias_sfinae
|   {
| 
|     struct foo {};
| 
|     template<typename T>
|     using member = typename T::member_type;
| 
|     template<typename T>
|     void func(...) {}
| 
|     template<typename T>
|     void func(member<T>*) {}
| 
|     void test();
| 
|     void test() { func<foo>(0); }
| 
|   }
| 
| }  // namespace cxx11
| 
| #endif  // __cplusplus >= 201103L
| 
| 
| 
configure:17302: result: no
configure:16997: checking whether g++ supports C++11 features with -std=c++0x
configure:17293: g++ -std=c++0x -c   conftest.cpp >&5
./configure: line 1758: g++: command not found
configure:17293: $? = 127
configure: failed program was:
| /* confdefs.h */
| #define PACKAGE_NAME "openvswitch"
| #define PACKAGE_TARNAME "openvswitch"
| #define PACKAGE_VERSION "2.14.1"
| #define PACKAGE_STRING "openvswitch 2.14.1"
| #define PACKAGE_BUGREPORT "bugs@openvswitch.org"
| #define PACKAGE_URL ""
| #define PACKAGE "openvswitch"
| #define VERSION "2.14.1"
| #define STDC_HEADERS 1
| #define HAVE_SYS_TYPES_H 1
| #define HAVE_SYS_STAT_H 1
| #define HAVE_STDLIB_H 1
| #define HAVE_STRING_H 1
| #define HAVE_MEMORY_H 1
| #define HAVE_STRINGS_H 1
| #define HAVE_INTTYPES_H 1
| #define HAVE_STDINT_H 1
| #define HAVE_UNISTD_H 1
| #define __EXTENSIONS__ 1
| #define _ALL_SOURCE 1
| #define _GNU_SOURCE 1
| #define _POSIX_PTHREAD_SEMANTICS 1
| #define _TANDEM_SOURCE 1
| #define HAVE_DLFCN_H 1
| #define LT_OBJDIR ".libs/"
| #define HAVE_PTHREAD_SPIN_LOCK 1
| #define HAVE_DECL_STRERROR_R 1
| #define HAVE_STRERROR_R 1
| #define STRERROR_R_CHAR_P 1
| #define VSTUDIO_DDK 1
| #define HAVE_NETLINK 1
| #define HAVE_OPENSSL 1
| #define OPENSSL_SUPPORTS_SNI 1
| #define HAVE_LIBCAPNG 1
| #define HAVE_DECL_SYS_SIGLIST 1
| #define HAVE_DECL_MALLOC_TRIM 1
| #define HAVE_STRUCT_STAT_ST_MTIM_TV_NSEC 1
| #define HAVE_STRUCT_MMSGHDR_MSG_LEN 1
| #define HAVE_STRUCT_SOCKADDR_IN6_SIN6_SCOPE_ID 1
| #define HAVE_MLOCKALL 1
| #define HAVE_STRNLEN 1
| #define HAVE_GETLOADAVG 1
| #define HAVE_STATVFS 1
| #define HAVE_GETMNTENT_R 1
| #define HAVE_SENDMMSG 1
| #define HAVE_CLOCK_GETTIME 1
| #define HAVE_MNTENT_H 1
| #define HAVE_SYS_STATVFS_H 1
| #define HAVE_LINUX_TYPES_H 1
| #define HAVE_LINUX_IF_ETHER_H 1
| #define HAVE_LINUX_NET_NAMESPACE_H 1
| #define HAVE_STDATOMIC_H 1
| #define HAVE_BITS_FLOATN_COMMON_H 1
| #define HAVE_BACKTRACE 1
| #define HAVE_LINUX_PERF_EVENT_H 1
| #define HAVE_THREAD_LOCAL 1
| #define HAVE_GCC4_ATOMICS 1
| #define ATOMIC_ALWAYS_LOCK_FREE_1B 1
| #define ATOMIC_ALWAYS_LOCK_FREE_2B 1
| #define ATOMIC_ALWAYS_LOCK_FREE_4B 1
| #define ATOMIC_ALWAYS_LOCK_FREE_8B 1
| #define HAVE_GLIBC_PTHREAD_SETNAME_NP 1
| /* end confdefs.h.  */
| 
| 
| // If the compiler admits that it is not ready for C++11, why torture it?
| // Hopefully, this will speed up the test.
| 
| #ifndef __cplusplus
| 
| #error "This is not a C++ compiler"
| 
| #elif __cplusplus < 201103L
| 
| #error "This is not a C++11 compiler"
| 
| #else
| 
| namespace cxx11
| {
| 
|   namespace test_static_assert
|   {
| 
|     template <typename T>
|     struct check
|     {
|       static_assert(sizeof(int) <= sizeof(T), "not big enough");
|     };
| 
|   }
| 
|   namespace test_final_override
|   {
| 
|     struct Base
|     {
|       virtual void f() {}
|     };
| 
|     struct Derived : public Base
|     {
|       virtual void f() override {}
|     };
| 
|   }
| 
|   namespace test_double_right_angle_brackets
|   {
| 
|     template < typename T >
|     struct check {};
| 
|     typedef check<void> single_type;
|     typedef check<check<void>> double_type;
|     typedef check<check<check<void>>> triple_type;
|     typedef check<check<check<check<void>>>> quadruple_type;
| 
|   }
| 
|   namespace test_decltype
|   {
| 
|     int
|     f()
|     {
|       int a = 1;
|       decltype(a) b = 2;
|       return a + b;
|     }
| 
|   }
| 
|   namespace test_type_deduction
|   {
| 
|     template < typename T1, typename T2 >
|     struct is_same
|     {
|       static const bool value = false;
|     };
| 
|     template < typename T >
|     struct is_same<T, T>
|     {
|       static const bool value = true;
|     };
| 
|     template < typename T1, typename T2 >
|     auto
|     add(T1 a1, T2 a2) -> decltype(a1 + a2)
|     {
|       return a1 + a2;
|     }
| 
|     int
|     test(const int c, volatile int v)
|     {
|       static_assert(is_same<int, decltype(0)>::value == true, "");
|       static_assert(is_same<int, decltype(c)>::value == false, "");
|       static_assert(is_same<int, decltype(v)>::value == false, "");
|       auto ac = c;
|       auto av = v;
|       auto sumi = ac + av + 'x';
|       auto sumf = ac + av + 1.0;
|       static_assert(is_same<int, decltype(ac)>::value == true, "");
|       static_assert(is_same<int, decltype(av)>::value == true, "");
|       static_assert(is_same<int, decltype(sumi)>::value == true, "");
|       static_assert(is_same<int, decltype(sumf)>::value == false, "");
|       static_assert(is_same<int, decltype(add(c, v))>::value == true, "");
|       return (sumf > 0.0) ? sumi : add(c, v);
|     }
| 
|   }
| 
|   namespace test_noexcept
|   {
| 
|     int f() { return 0; }
|     int g() noexcept { return 0; }
| 
|     static_assert(noexcept(f()) == false, "");
|     static_assert(noexcept(g()) == true, "");
| 
|   }
| 
|   namespace test_constexpr
|   {
| 
|     template < typename CharT >
|     unsigned long constexpr
|     strlen_c_r(const CharT *const s, const unsigned long acc) noexcept
|     {
|       return *s ? strlen_c_r(s + 1, acc + 1) : acc;
|     }
| 
|     template < typename CharT >
|     unsigned long constexpr
|     strlen_c(const CharT *const s) noexcept
|     {
|       return strlen_c_r(s, 0UL);
|     }
| 
|     static_assert(strlen_c("") == 0UL, "");
|     static_assert(strlen_c("1") == 1UL, "");
|     static_assert(strlen_c("example") == 7UL, "");
|     static_assert(strlen_c("another\0example") == 7UL, "");
| 
|   }
| 
|   namespace test_rvalue_references
|   {
| 
|     template < int N >
|     struct answer
|     {
|       static constexpr int value = N;
|     };
| 
|     answer<1> f(int&)       { return answer<1>(); }
|     answer<2> f(const int&) { return answer<2>(); }
|     answer<3> f(int&&)      { return answer<3>(); }
| 
|     void
|     test()
|     {
|       int i = 0;
|       const int c = 0;
|       static_assert(decltype(f(i))::value == 1, "");
|       static_assert(decltype(f(c))::value == 2, "");
|       static_assert(decltype(f(0))::value == 3, "");
|     }
| 
|   }
| 
|   namespace test_uniform_initialization
|   {
| 
|     struct test
|     {
|       static const int zero {};
|       static const int one {1};
|     };
| 
|     static_assert(test::zero == 0, "");
|     static_assert(test::one == 1, "");
| 
|   }
| 
|   namespace test_lambdas
|   {
| 
|     void
|     test1()
|     {
|       auto lambda1 = [](){};
|       auto lambda2 = lambda1;
|       lambda1();
|       lambda2();
|     }
| 
|     int
|     test2()
|     {
|       auto a = [](int i, int j){ return i + j; }(1, 2);
|       auto b = []() -> int { return '0'; }();
|       auto c = [=](){ return a + b; }();
|       auto d = [&](){ return c; }();
|       auto e = [a, &b](int x) mutable {
|         const auto identity = [](int y){ return y; };
|         for (auto i = 0; i < a; ++i)
|           a += b--;
|         return x + identity(a + b);
|       }(0);
|       return a + b + c + d + e;
|     }
| 
|     int
|     test3()
|     {
|       const auto nullary = [](){ return 0; };
|       const auto unary = [](int x){ return x; };
|       using nullary_t = decltype(nullary);
|       using unary_t = decltype(unary);
|       const auto higher1st = [](nullary_t f){ return f(); };
|       const auto higher2nd = [unary](nullary_t f1){
|         return [unary, f1](unary_t f2){ return f2(unary(f1())); };
|       };
|       return higher1st(nullary) + higher2nd(nullary)(unary);
|     }
| 
|   }
| 
|   namespace test_variadic_templates
|   {
| 
|     template <int...>
|     struct sum;
| 
|     template <int N0, int... N1toN>
|     struct sum<N0, N1toN...>
|     {
|       static constexpr auto value = N0 + sum<N1toN...>::value;
|     };
| 
|     template <>
|     struct sum<>
|     {
|       static constexpr auto value = 0;
|     };
| 
|     static_assert(sum<>::value == 0, "");
|     static_assert(sum<1>::value == 1, "");
|     static_assert(sum<23>::value == 23, "");
|     static_assert(sum<1, 2>::value == 3, "");
|     static_assert(sum<5, 5, 11>::value == 21, "");
|     static_assert(sum<2, 3, 5, 7, 11, 13>::value == 41, "");
| 
|   }
| 
|   // http://stackoverflow.com/questions/13728184/template-aliases-and-sfinae
|   // Clang 3.1 fails with headers of libstd++ 4.8.3 when using std::function
|   // because of this.
|   namespace test_template_alias_sfinae
|   {
| 
|     struct foo {};
| 
|     template<typename T>
|     using member = typename T::member_type;
| 
|     template<typename T>
|     void func(...) {}
| 
|     template<typename T>
|     void func(member<T>*) {}
| 
|     void test();
| 
|     void test() { func<foo>(0); }
| 
|   }
| 
| }  // namespace cxx11
| 
| #endif  // __cplusplus >= 201103L
| 
| 
| 
configure:17302: result: no
configure:16997: checking whether g++ supports C++11 features with +std=c++0x
configure:17293: g++ +std=c++0x -c   conftest.cpp >&5
./configure: line 1758: g++: command not found
configure:17293: $? = 127
configure: failed program was:
| /* confdefs.h */
| #define PACKAGE_NAME "openvswitch"
| #define PACKAGE_TARNAME "openvswitch"
| #define PACKAGE_VERSION "2.14.1"
| #define PACKAGE_STRING "openvswitch 2.14.1"
| #define PACKAGE_BUGREPORT "bugs@openvswitch.org"
| #define PACKAGE_URL ""
| #define PACKAGE "openvswitch"
| #define VERSION "2.14.1"
| #define STDC_HEADERS 1
| #define HAVE_SYS_TYPES_H 1
| #define HAVE_SYS_STAT_H 1
| #define HAVE_STDLIB_H 1
| #define HAVE_STRING_H 1
| #define HAVE_MEMORY_H 1
| #define HAVE_STRINGS_H 1
| #define HAVE_INTTYPES_H 1
| #define HAVE_STDINT_H 1
| #define HAVE_UNISTD_H 1
| #define __EXTENSIONS__ 1
| #define _ALL_SOURCE 1
| #define _GNU_SOURCE 1
| #define _POSIX_PTHREAD_SEMANTICS 1
| #define _TANDEM_SOURCE 1
| #define HAVE_DLFCN_H 1
| #define LT_OBJDIR ".libs/"
| #define HAVE_PTHREAD_SPIN_LOCK 1
| #define HAVE_DECL_STRERROR_R 1
| #define HAVE_STRERROR_R 1
| #define STRERROR_R_CHAR_P 1
| #define VSTUDIO_DDK 1
| #define HAVE_NETLINK 1
| #define HAVE_OPENSSL 1
| #define OPENSSL_SUPPORTS_SNI 1
| #define HAVE_LIBCAPNG 1
| #define HAVE_DECL_SYS_SIGLIST 1
| #define HAVE_DECL_MALLOC_TRIM 1
| #define HAVE_STRUCT_STAT_ST_MTIM_TV_NSEC 1
| #define HAVE_STRUCT_MMSGHDR_MSG_LEN 1
| #define HAVE_STRUCT_SOCKADDR_IN6_SIN6_SCOPE_ID 1
| #define HAVE_MLOCKALL 1
| #define HAVE_STRNLEN 1
| #define HAVE_GETLOADAVG 1
| #define HAVE_STATVFS 1
| #define HAVE_GETMNTENT_R 1
| #define HAVE_SENDMMSG 1
| #define HAVE_CLOCK_GETTIME 1
| #define HAVE_MNTENT_H 1
| #define HAVE_SYS_STATVFS_H 1
| #define HAVE_LINUX_TYPES_H 1
| #define HAVE_LINUX_IF_ETHER_H 1
| #define HAVE_LINUX_NET_NAMESPACE_H 1
| #define HAVE_STDATOMIC_H 1
| #define HAVE_BITS_FLOATN_COMMON_H 1
| #define HAVE_BACKTRACE 1
| #define HAVE_LINUX_PERF_EVENT_H 1
| #define HAVE_THREAD_LOCAL 1
| #define HAVE_GCC4_ATOMICS 1
| #define ATOMIC_ALWAYS_LOCK_FREE_1B 1
| #define ATOMIC_ALWAYS_LOCK_FREE_2B 1
| #define ATOMIC_ALWAYS_LOCK_FREE_4B 1
| #define ATOMIC_ALWAYS_LOCK_FREE_8B 1
| #define HAVE_GLIBC_PTHREAD_SETNAME_NP 1
| /* end confdefs.h.  */
| 
| 
| // If the compiler admits that it is not ready for C++11, why torture it?
| // Hopefully, this will speed up the test.
| 
| #ifndef __cplusplus
| 
| #error "This is not a C++ compiler"
| 
| #elif __cplusplus < 201103L
| 
| #error "This is not a C++11 compiler"
| 
| #else
| 
| namespace cxx11
| {
| 
|   namespace test_static_assert
|   {
| 
|     template <typename T>
|     struct check
|     {
|       static_assert(sizeof(int) <= sizeof(T), "not big enough");
|     };
| 
|   }
| 
|   namespace test_final_override
|   {
| 
|     struct Base
|     {
|       virtual void f() {}
|     };
| 
|     struct Derived : public Base
|     {
|       virtual void f() override {}
|     };
| 
|   }
| 
|   namespace test_double_right_angle_brackets
|   {
| 
|     template < typename T >
|     struct check {};
| 
|     typedef check<void> single_type;
|     typedef check<check<void>> double_type;
|     typedef check<check<check<void>>> triple_type;
|     typedef check<check<check<check<void>>>> quadruple_type;
| 
|   }
| 
|   namespace test_decltype
|   {
| 
|     int
|     f()
|     {
|       int a = 1;
|       decltype(a) b = 2;
|       return a + b;
|     }
| 
|   }
| 
|   namespace test_type_deduction
|   {
| 
|     template < typename T1, typename T2 >
|     struct is_same
|     {
|       static const bool value = false;
|     };
| 
|     template < typename T >
|     struct is_same<T, T>
|     {
|       static const bool value = true;
|     };
| 
|     template < typename T1, typename T2 >
|     auto
|     add(T1 a1, T2 a2) -> decltype(a1 + a2)
|     {
|       return a1 + a2;
|     }
| 
|     int
|     test(const int c, volatile int v)
|     {
|       static_assert(is_same<int, decltype(0)>::value == true, "");
|       static_assert(is_same<int, decltype(c)>::value == false, "");
|       static_assert(is_same<int, decltype(v)>::value == false, "");
|       auto ac = c;
|       auto av = v;
|       auto sumi = ac + av + 'x';
|       auto sumf = ac + av + 1.0;
|       static_assert(is_same<int, decltype(ac)>::value == true, "");
|       static_assert(is_same<int, decltype(av)>::value == true, "");
|       static_assert(is_same<int, decltype(sumi)>::value == true, "");
|       static_assert(is_same<int, decltype(sumf)>::value == false, "");
|       static_assert(is_same<int, decltype(add(c, v))>::value == true, "");
|       return (sumf > 0.0) ? sumi : add(c, v);
|     }
| 
|   }
| 
|   namespace test_noexcept
|   {
| 
|     int f() { return 0; }
|     int g() noexcept { return 0; }
| 
|     static_assert(noexcept(f()) == false, "");
|     static_assert(noexcept(g()) == true, "");
| 
|   }
| 
|   namespace test_constexpr
|   {
| 
|     template < typename CharT >
|     unsigned long constexpr
|     strlen_c_r(const CharT *const s, const unsigned long acc) noexcept
|     {
|       return *s ? strlen_c_r(s + 1, acc + 1) : acc;
|     }
| 
|     template < typename CharT >
|     unsigned long constexpr
|     strlen_c(const CharT *const s) noexcept
|     {
|       return strlen_c_r(s, 0UL);
|     }
| 
|     static_assert(strlen_c("") == 0UL, "");
|     static_assert(strlen_c("1") == 1UL, "");
|     static_assert(strlen_c("example") == 7UL, "");
|     static_assert(strlen_c("another\0example") == 7UL, "");
| 
|   }
| 
|   namespace test_rvalue_references
|   {
| 
|     template < int N >
|     struct answer
|     {
|       static constexpr int value = N;
|     };
| 
|     answer<1> f(int&)       { return answer<1>(); }
|     answer<2> f(const int&) { return answer<2>(); }
|     answer<3> f(int&&)      { return answer<3>(); }
| 
|     void
|     test()
|     {
|       int i = 0;
|       const int c = 0;
|       static_assert(decltype(f(i))::value == 1, "");
|       static_assert(decltype(f(c))::value == 2, "");
|       static_assert(decltype(f(0))::value == 3, "");
|     }
| 
|   }
| 
|   namespace test_uniform_initialization
|   {
| 
|     struct test
|     {
|       static const int zero {};
|       static const int one {1};
|     };
| 
|     static_assert(test::zero == 0, "");
|     static_assert(test::one == 1, "");
| 
|   }
| 
|   namespace test_lambdas
|   {
| 
|     void
|     test1()
|     {
|       auto lambda1 = [](){};
|       auto lambda2 = lambda1;
|       lambda1();
|       lambda2();
|     }
| 
|     int
|     test2()
|     {
|       auto a = [](int i, int j){ return i + j; }(1, 2);
|       auto b = []() -> int { return '0'; }();
|       auto c = [=](){ return a + b; }();
|       auto d = [&](){ return c; }();
|       auto e = [a, &b](int x) mutable {
|         const auto identity = [](int y){ return y; };
|         for (auto i = 0; i < a; ++i)
|           a += b--;
|         return x + identity(a + b);
|       }(0);
|       return a + b + c + d + e;
|     }
| 
|     int
|     test3()
|     {
|       const auto nullary = [](){ return 0; };
|       const auto unary = [](int x){ return x; };
|       using nullary_t = decltype(nullary);
|       using unary_t = decltype(unary);
|       const auto higher1st = [](nullary_t f){ return f(); };
|       const auto higher2nd = [unary](nullary_t f1){
|         return [unary, f1](unary_t f2){ return f2(unary(f1())); };
|       };
|       return higher1st(nullary) + higher2nd(nullary)(unary);
|     }
| 
|   }
| 
|   namespace test_variadic_templates
|   {
| 
|     template <int...>
|     struct sum;
| 
|     template <int N0, int... N1toN>
|     struct sum<N0, N1toN...>
|     {
|       static constexpr auto value = N0 + sum<N1toN...>::value;
|     };
| 
|     template <>
|     struct sum<>
|     {
|       static constexpr auto value = 0;
|     };
| 
|     static_assert(sum<>::value == 0, "");
|     static_assert(sum<1>::value == 1, "");
|     static_assert(sum<23>::value == 23, "");
|     static_assert(sum<1, 2>::value == 3, "");
|     static_assert(sum<5, 5, 11>::value == 21, "");
|     static_assert(sum<2, 3, 5, 7, 11, 13>::value == 41, "");
| 
|   }
| 
|   // http://stackoverflow.com/questions/13728184/template-aliases-and-sfinae
|   // Clang 3.1 fails with headers of libstd++ 4.8.3 when using std::function
|   // because of this.
|   namespace test_template_alias_sfinae
|   {
| 
|     struct foo {};
| 
|     template<typename T>
|     using member = typename T::member_type;
| 
|     template<typename T>
|     void func(...) {}
| 
|     template<typename T>
|     void func(member<T>*) {}
| 
|     void test();
| 
|     void test() { func<foo>(0); }
| 
|   }
| 
| }  // namespace cxx11
| 
| #endif  // __cplusplus >= 201103L
| 
| 
| 
configure:17302: result: no
configure:16997: checking whether g++ supports C++11 features with -h std=c++0x
configure:17293: g++ -h std=c++0x -c   conftest.cpp >&5
./configure: line 1758: g++: command not found
configure:17293: $? = 127
configure: failed program was:
| /* confdefs.h */
| #define PACKAGE_NAME "openvswitch"
| #define PACKAGE_TARNAME "openvswitch"
| #define PACKAGE_VERSION "2.14.1"
| #define PACKAGE_STRING "openvswitch 2.14.1"
| #define PACKAGE_BUGREPORT "bugs@openvswitch.org"
| #define PACKAGE_URL ""
| #define PACKAGE "openvswitch"
| #define VERSION "2.14.1"
| #define STDC_HEADERS 1
| #define HAVE_SYS_TYPES_H 1
| #define HAVE_SYS_STAT_H 1
| #define HAVE_STDLIB_H 1
| #define HAVE_STRING_H 1
| #define HAVE_MEMORY_H 1
| #define HAVE_STRINGS_H 1
| #define HAVE_INTTYPES_H 1
| #define HAVE_STDINT_H 1
| #define HAVE_UNISTD_H 1
| #define __EXTENSIONS__ 1
| #define _ALL_SOURCE 1
| #define _GNU_SOURCE 1
| #define _POSIX_PTHREAD_SEMANTICS 1
| #define _TANDEM_SOURCE 1
| #define HAVE_DLFCN_H 1
| #define LT_OBJDIR ".libs/"
| #define HAVE_PTHREAD_SPIN_LOCK 1
| #define HAVE_DECL_STRERROR_R 1
| #define HAVE_STRERROR_R 1
| #define STRERROR_R_CHAR_P 1
| #define VSTUDIO_DDK 1
| #define HAVE_NETLINK 1
| #define HAVE_OPENSSL 1
| #define OPENSSL_SUPPORTS_SNI 1
| #define HAVE_LIBCAPNG 1
| #define HAVE_DECL_SYS_SIGLIST 1
| #define HAVE_DECL_MALLOC_TRIM 1
| #define HAVE_STRUCT_STAT_ST_MTIM_TV_NSEC 1
| #define HAVE_STRUCT_MMSGHDR_MSG_LEN 1
| #define HAVE_STRUCT_SOCKADDR_IN6_SIN6_SCOPE_ID 1
| #define HAVE_MLOCKALL 1
| #define HAVE_STRNLEN 1
| #define HAVE_GETLOADAVG 1
| #define HAVE_STATVFS 1
| #define HAVE_GETMNTENT_R 1
| #define HAVE_SENDMMSG 1
| #define HAVE_CLOCK_GETTIME 1
| #define HAVE_MNTENT_H 1
| #define HAVE_SYS_STATVFS_H 1
| #define HAVE_LINUX_TYPES_H 1
| #define HAVE_LINUX_IF_ETHER_H 1
| #define HAVE_LINUX_NET_NAMESPACE_H 1
| #define HAVE_STDATOMIC_H 1
| #define HAVE_BITS_FLOATN_COMMON_H 1
| #define HAVE_BACKTRACE 1
| #define HAVE_LINUX_PERF_EVENT_H 1
| #define HAVE_THREAD_LOCAL 1
| #define HAVE_GCC4_ATOMICS 1
| #define ATOMIC_ALWAYS_LOCK_FREE_1B 1
| #define ATOMIC_ALWAYS_LOCK_FREE_2B 1
| #define ATOMIC_ALWAYS_LOCK_FREE_4B 1
| #define ATOMIC_ALWAYS_LOCK_FREE_8B 1
| #define HAVE_GLIBC_PTHREAD_SETNAME_NP 1
| /* end confdefs.h.  */
| 
| 
| // If the compiler admits that it is not ready for C++11, why torture it?
| // Hopefully, this will speed up the test.
| 
| #ifndef __cplusplus
| 
| #error "This is not a C++ compiler"
| 
| #elif __cplusplus < 201103L
| 
| #error "This is not a C++11 compiler"
| 
| #else
| 
| namespace cxx11
| {
| 
|   namespace test_static_assert
|   {
| 
|     template <typename T>
|     struct check
|     {
|       static_assert(sizeof(int) <= sizeof(T), "not big enough");
|     };
| 
|   }
| 
|   namespace test_final_override
|   {
| 
|     struct Base
|     {
|       virtual void f() {}
|     };
| 
|     struct Derived : public Base
|     {
|       virtual void f() override {}
|     };
| 
|   }
| 
|   namespace test_double_right_angle_brackets
|   {
| 
|     template < typename T >
|     struct check {};
| 
|     typedef check<void> single_type;
|     typedef check<check<void>> double_type;
|     typedef check<check<check<void>>> triple_type;
|     typedef check<check<check<check<void>>>> quadruple_type;
| 
|   }
| 
|   namespace test_decltype
|   {
| 
|     int
|     f()
|     {
|       int a = 1;
|       decltype(a) b = 2;
|       return a + b;
|     }
| 
|   }
| 
|   namespace test_type_deduction
|   {
| 
|     template < typename T1, typename T2 >
|     struct is_same
|     {
|       static const bool value = false;
|     };
| 
|     template < typename T >
|     struct is_same<T, T>
|     {
|       static const bool value = true;
|     };
| 
|     template < typename T1, typename T2 >
|     auto
|     add(T1 a1, T2 a2) -> decltype(a1 + a2)
|     {
|       return a1 + a2;
|     }
| 
|     int
|     test(const int c, volatile int v)
|     {
|       static_assert(is_same<int, decltype(0)>::value == true, "");
|       static_assert(is_same<int, decltype(c)>::value == false, "");
|       static_assert(is_same<int, decltype(v)>::value == false, "");
|       auto ac = c;
|       auto av = v;
|       auto sumi = ac + av + 'x';
|       auto sumf = ac + av + 1.0;
|       static_assert(is_same<int, decltype(ac)>::value == true, "");
|       static_assert(is_same<int, decltype(av)>::value == true, "");
|       static_assert(is_same<int, decltype(sumi)>::value == true, "");
|       static_assert(is_same<int, decltype(sumf)>::value == false, "");
|       static_assert(is_same<int, decltype(add(c, v))>::value == true, "");
|       return (sumf > 0.0) ? sumi : add(c, v);
|     }
| 
|   }
| 
|   namespace test_noexcept
|   {
| 
|     int f() { return 0; }
|     int g() noexcept { return 0; }
| 
|     static_assert(noexcept(f()) == false, "");
|     static_assert(noexcept(g()) == true, "");
| 
|   }
| 
|   namespace test_constexpr
|   {
| 
|     template < typename CharT >
|     unsigned long constexpr
|     strlen_c_r(const CharT *const s, const unsigned long acc) noexcept
|     {
|       return *s ? strlen_c_r(s + 1, acc + 1) : acc;
|     }
| 
|     template < typename CharT >
|     unsigned long constexpr
|     strlen_c(const CharT *const s) noexcept
|     {
|       return strlen_c_r(s, 0UL);
|     }
| 
|     static_assert(strlen_c("") == 0UL, "");
|     static_assert(strlen_c("1") == 1UL, "");
|     static_assert(strlen_c("example") == 7UL, "");
|     static_assert(strlen_c("another\0example") == 7UL, "");
| 
|   }
| 
|   namespace test_rvalue_references
|   {
| 
|     template < int N >
|     struct answer
|     {
|       static constexpr int value = N;
|     };
| 
|     answer<1> f(int&)       { return answer<1>(); }
|     answer<2> f(const int&) { return answer<2>(); }
|     answer<3> f(int&&)      { return answer<3>(); }
| 
|     void
|     test()
|     {
|       int i = 0;
|       const int c = 0;
|       static_assert(decltype(f(i))::value == 1, "");
|       static_assert(decltype(f(c))::value == 2, "");
|       static_assert(decltype(f(0))::value == 3, "");
|     }
| 
|   }
| 
|   namespace test_uniform_initialization
|   {
| 
|     struct test
|     {
|       static const int zero {};
|       static const int one {1};
|     };
| 
|     static_assert(test::zero == 0, "");
|     static_assert(test::one == 1, "");
| 
|   }
| 
|   namespace test_lambdas
|   {
| 
|     void
|     test1()
|     {
|       auto lambda1 = [](){};
|       auto lambda2 = lambda1;
|       lambda1();
|       lambda2();
|     }
| 
|     int
|     test2()
|     {
|       auto a = [](int i, int j){ return i + j; }(1, 2);
|       auto b = []() -> int { return '0'; }();
|       auto c = [=](){ return a + b; }();
|       auto d = [&](){ return c; }();
|       auto e = [a, &b](int x) mutable {
|         const auto identity = [](int y){ return y; };
|         for (auto i = 0; i < a; ++i)
|           a += b--;
|         return x + identity(a + b);
|       }(0);
|       return a + b + c + d + e;
|     }
| 
|     int
|     test3()
|     {
|       const auto nullary = [](){ return 0; };
|       const auto unary = [](int x){ return x; };
|       using nullary_t = decltype(nullary);
|       using unary_t = decltype(unary);
|       const auto higher1st = [](nullary_t f){ return f(); };
|       const auto higher2nd = [unary](nullary_t f1){
|         return [unary, f1](unary_t f2){ return f2(unary(f1())); };
|       };
|       return higher1st(nullary) + higher2nd(nullary)(unary);
|     }
| 
|   }
| 
|   namespace test_variadic_templates
|   {
| 
|     template <int...>
|     struct sum;
| 
|     template <int N0, int... N1toN>
|     struct sum<N0, N1toN...>
|     {
|       static constexpr auto value = N0 + sum<N1toN...>::value;
|     };
| 
|     template <>
|     struct sum<>
|     {
|       static constexpr auto value = 0;
|     };
| 
|     static_assert(sum<>::value == 0, "");
|     static_assert(sum<1>::value == 1, "");
|     static_assert(sum<23>::value == 23, "");
|     static_assert(sum<1, 2>::value == 3, "");
|     static_assert(sum<5, 5, 11>::value == 21, "");
|     static_assert(sum<2, 3, 5, 7, 11, 13>::value == 41, "");
| 
|   }
| 
|   // http://stackoverflow.com/questions/13728184/template-aliases-and-sfinae
|   // Clang 3.1 fails with headers of libstd++ 4.8.3 when using std::function
|   // because of this.
|   namespace test_template_alias_sfinae
|   {
| 
|     struct foo {};
| 
|     template<typename T>
|     using member = typename T::member_type;
| 
|     template<typename T>
|     void func(...) {}
| 
|     template<typename T>
|     void func(member<T>*) {}
| 
|     void test();
| 
|     void test() { func<foo>(0); }
| 
|   }
| 
| }  // namespace cxx11
| 
| #endif  // __cplusplus >= 201103L
| 
| 
| 
configure:17302: result: no
configure:17331: No compiler with C++11 support was found
configure:17379: checking for working posix_memalign
configure:17403: gcc -o conftest -g -O2   conftest.c -lpthread -lrt -lm  >&5
configure:17403: $? = 0
configure:17403: ./conftest
configure:17403: $? = 0
configure:17413: result: yes
configure:17421: checking for ub_ctx_create in -lunbound
configure:17446: gcc -o conftest -g -O2   conftest.c -lunbound  -lpthread -lrt -lm  >&5
/usr/bin/ld: cannot find -lunbound
collect2: error: ld returned 1 exit status
configure:17446: $? = 1
configure: failed program was:
| /* confdefs.h */
| #define PACKAGE_NAME "openvswitch"
| #define PACKAGE_TARNAME "openvswitch"
| #define PACKAGE_VERSION "2.14.1"
| #define PACKAGE_STRING "openvswitch 2.14.1"
| #define PACKAGE_BUGREPORT "bugs@openvswitch.org"
| #define PACKAGE_URL ""
| #define PACKAGE "openvswitch"
| #define VERSION "2.14.1"
| #define STDC_HEADERS 1
| #define HAVE_SYS_TYPES_H 1
| #define HAVE_SYS_STAT_H 1
| #define HAVE_STDLIB_H 1
| #define HAVE_STRING_H 1
| #define HAVE_MEMORY_H 1
| #define HAVE_STRINGS_H 1
| #define HAVE_INTTYPES_H 1
| #define HAVE_STDINT_H 1
| #define HAVE_UNISTD_H 1
| #define __EXTENSIONS__ 1
| #define _ALL_SOURCE 1
| #define _GNU_SOURCE 1
| #define _POSIX_PTHREAD_SEMANTICS 1
| #define _TANDEM_SOURCE 1
| #define HAVE_DLFCN_H 1
| #define LT_OBJDIR ".libs/"
| #define HAVE_PTHREAD_SPIN_LOCK 1
| #define HAVE_DECL_STRERROR_R 1
| #define HAVE_STRERROR_R 1
| #define STRERROR_R_CHAR_P 1
| #define VSTUDIO_DDK 1
| #define HAVE_NETLINK 1
| #define HAVE_OPENSSL 1
| #define OPENSSL_SUPPORTS_SNI 1
| #define HAVE_LIBCAPNG 1
| #define HAVE_DECL_SYS_SIGLIST 1
| #define HAVE_DECL_MALLOC_TRIM 1
| #define HAVE_STRUCT_STAT_ST_MTIM_TV_NSEC 1
| #define HAVE_STRUCT_MMSGHDR_MSG_LEN 1
| #define HAVE_STRUCT_SOCKADDR_IN6_SIN6_SCOPE_ID 1
| #define HAVE_MLOCKALL 1
| #define HAVE_STRNLEN 1
| #define HAVE_GETLOADAVG 1
| #define HAVE_STATVFS 1
| #define HAVE_GETMNTENT_R 1
| #define HAVE_SENDMMSG 1
| #define HAVE_CLOCK_GETTIME 1
| #define HAVE_MNTENT_H 1
| #define HAVE_SYS_STATVFS_H 1
| #define HAVE_LINUX_TYPES_H 1
| #define HAVE_LINUX_IF_ETHER_H 1
| #define HAVE_LINUX_NET_NAMESPACE_H 1
| #define HAVE_STDATOMIC_H 1
| #define HAVE_BITS_FLOATN_COMMON_H 1
| #define HAVE_BACKTRACE 1
| #define HAVE_LINUX_PERF_EVENT_H 1
| #define HAVE_THREAD_LOCAL 1
| #define HAVE_GCC4_ATOMICS 1
| #define ATOMIC_ALWAYS_LOCK_FREE_1B 1
| #define ATOMIC_ALWAYS_LOCK_FREE_2B 1
| #define ATOMIC_ALWAYS_LOCK_FREE_4B 1
| #define ATOMIC_ALWAYS_LOCK_FREE_8B 1
| #define HAVE_GLIBC_PTHREAD_SETNAME_NP 1
| #define HAVE_POSIX_MEMALIGN 1
| /* end confdefs.h.  */
| 
| /* Override any GCC internal prototype to avoid an error.
|    Use char because int might match the return type of a GCC
|    builtin and then its argument prototype would still apply.  */
| #ifdef __cplusplus
| extern "C"
| #endif
| char ub_ctx_create ();
| int
| main ()
| {
| return ub_ctx_create ();
|   ;
|   return 0;
| }
configure:17455: result: no
configure:17478: checking for unw_backtrace in -lunwind
configure:17503: gcc -o conftest -g -O2   conftest.c -lunwind  -lpthread -lrt -lm  >&5
/usr/bin/ld: cannot find -lunwind
collect2: error: ld returned 1 exit status
configure:17503: $? = 1
configure: failed program was:
| /* confdefs.h */
| #define PACKAGE_NAME "openvswitch"
| #define PACKAGE_TARNAME "openvswitch"
| #define PACKAGE_VERSION "2.14.1"
| #define PACKAGE_STRING "openvswitch 2.14.1"
| #define PACKAGE_BUGREPORT "bugs@openvswitch.org"
| #define PACKAGE_URL ""
| #define PACKAGE "openvswitch"
| #define VERSION "2.14.1"
| #define STDC_HEADERS 1
| #define HAVE_SYS_TYPES_H 1
| #define HAVE_SYS_STAT_H 1
| #define HAVE_STDLIB_H 1
| #define HAVE_STRING_H 1
| #define HAVE_MEMORY_H 1
| #define HAVE_STRINGS_H 1
| #define HAVE_INTTYPES_H 1
| #define HAVE_STDINT_H 1
| #define HAVE_UNISTD_H 1
| #define __EXTENSIONS__ 1
| #define _ALL_SOURCE 1
| #define _GNU_SOURCE 1
| #define _POSIX_PTHREAD_SEMANTICS 1
| #define _TANDEM_SOURCE 1
| #define HAVE_DLFCN_H 1
| #define LT_OBJDIR ".libs/"
| #define HAVE_PTHREAD_SPIN_LOCK 1
| #define HAVE_DECL_STRERROR_R 1
| #define HAVE_STRERROR_R 1
| #define STRERROR_R_CHAR_P 1
| #define VSTUDIO_DDK 1
| #define HAVE_NETLINK 1
| #define HAVE_OPENSSL 1
| #define OPENSSL_SUPPORTS_SNI 1
| #define HAVE_LIBCAPNG 1
| #define HAVE_DECL_SYS_SIGLIST 1
| #define HAVE_DECL_MALLOC_TRIM 1
| #define HAVE_STRUCT_STAT_ST_MTIM_TV_NSEC 1
| #define HAVE_STRUCT_MMSGHDR_MSG_LEN 1
| #define HAVE_STRUCT_SOCKADDR_IN6_SIN6_SCOPE_ID 1
| #define HAVE_MLOCKALL 1
| #define HAVE_STRNLEN 1
| #define HAVE_GETLOADAVG 1
| #define HAVE_STATVFS 1
| #define HAVE_GETMNTENT_R 1
| #define HAVE_SENDMMSG 1
| #define HAVE_CLOCK_GETTIME 1
| #define HAVE_MNTENT_H 1
| #define HAVE_SYS_STATVFS_H 1
| #define HAVE_LINUX_TYPES_H 1
| #define HAVE_LINUX_IF_ETHER_H 1
| #define HAVE_LINUX_NET_NAMESPACE_H 1
| #define HAVE_STDATOMIC_H 1
| #define HAVE_BITS_FLOATN_COMMON_H 1
| #define HAVE_BACKTRACE 1
| #define HAVE_LINUX_PERF_EVENT_H 1
| #define HAVE_THREAD_LOCAL 1
| #define HAVE_GCC4_ATOMICS 1
| #define ATOMIC_ALWAYS_LOCK_FREE_1B 1
| #define ATOMIC_ALWAYS_LOCK_FREE_2B 1
| #define ATOMIC_ALWAYS_LOCK_FREE_4B 1
| #define ATOMIC_ALWAYS_LOCK_FREE_8B 1
| #define HAVE_GLIBC_PTHREAD_SETNAME_NP 1
| #define HAVE_POSIX_MEMALIGN 1
| /* end confdefs.h.  */
| 
| /* Override any GCC internal prototype to avoid an error.
|    Use char because int might match the return type of a GCC
|    builtin and then its argument prototype would still apply.  */
| #ifdef __cplusplus
| extern "C"
| #endif
| char unw_backtrace ();
| int
| main ()
| {
| return unw_backtrace ();
|   ;
|   return 0;
| }
configure:17512: result: no
configure:17551: checking whether the preprocessor supports include_next
configure:17589: gcc -c -g -O2  -Iconftestd1b -Iconftestd2 conftest.c >&5
configure:17589: $? = 0
configure:17610: result: yes
configure:17631: checking whether system header files limit the line length
configure:17654: result: no
configure:17680: checking for stdio.h
configure:17680: gcc -c -g -O2  conftest.c >&5
configure:17680: $? = 0
configure:17680: result: yes
configure:17680: checking for string.h
configure:17680: result: yes
configure:17845: checking whether gcc accepts -Werror
configure:17856: gcc -c -g -O2  -Werror  conftest.c >&5
configure:17856: $? = 0
configure:17869: result: yes
configure:17878: checking whether gcc accepts -Wall
configure:17889: gcc -c -g -O2 -Werror -Wall  conftest.c >&5
configure:17889: $? = 0
configure:17902: result: yes
configure:17912: checking whether gcc accepts -Wextra
configure:17923: gcc -c -g -O2 -Werror -Wextra  conftest.c >&5
configure:17923: $? = 0
configure:17936: result: yes
configure:17946: checking whether gcc accepts -Wno-sign-compare
configure:17957: gcc -c -g -O2 -Werror -Wsign-compare  conftest.c >&5
configure:17957: $? = 0
configure:17970: result: yes
configure:17980: checking whether gcc accepts -Wpointer-arith
configure:17991: gcc -c -g -O2 -Werror -Wpointer-arith  conftest.c >&5
configure:17991: $? = 0
configure:18004: result: yes
configure:18014: checking whether gcc accepts -Wformat -Wformat-security
configure:18025: gcc -c -g -O2 -Werror -Wformat -Wformat-security  conftest.c >&5
configure:18025: $? = 0
configure:18038: result: yes
configure:18048: checking whether gcc accepts -Wswitch-enum
configure:18059: gcc -c -g -O2 -Werror -Wswitch-enum  conftest.c >&5
configure:18059: $? = 0
configure:18072: result: yes
configure:18082: checking whether gcc accepts -Wunused-parameter
configure:18093: gcc -c -g -O2 -Werror -Wunused-parameter  conftest.c >&5
configure:18093: $? = 0
configure:18106: result: yes
configure:18116: checking whether gcc accepts -Wbad-function-cast
configure:18127: gcc -c -g -O2 -Werror -Wbad-function-cast  conftest.c >&5
configure:18127: $? = 0
configure:18140: result: yes
configure:18150: checking whether gcc accepts -Wcast-align
configure:18161: gcc -c -g -O2 -Werror -Wcast-align  conftest.c >&5
configure:18161: $? = 0
configure:18174: result: yes
configure:18184: checking whether gcc accepts -Wstrict-prototypes
configure:18195: gcc -c -g -O2 -Werror -Wstrict-prototypes  conftest.c >&5
configure:18195: $? = 0
configure:18208: result: yes
configure:18218: checking whether gcc accepts -Wold-style-definition
configure:18229: gcc -c -g -O2 -Werror -Wold-style-definition  conftest.c >&5
configure:18229: $? = 0
configure:18242: result: yes
configure:18252: checking whether gcc accepts -Wmissing-prototypes
configure:18263: gcc -c -g -O2 -Werror -Wmissing-prototypes  conftest.c >&5
configure:18263: $? = 0
configure:18276: result: yes
configure:18286: checking whether gcc accepts -Wmissing-field-initializers
configure:18297: gcc -c -g -O2 -Werror -Wmissing-field-initializers  conftest.c >&5
configure:18297: $? = 0
configure:18310: result: yes
configure:18320: checking whether gcc accepts -Wthread-safety
configure:18331: gcc -c -g -O2 -Werror -Wthread-safety  conftest.c >&5
gcc: error: unrecognized command line option '-Wthread-safety'; did you mean '-fthread-jumps'?
configure:18331: $? = 1
configure: failed program was:
| /* confdefs.h */
| #define PACKAGE_NAME "openvswitch"
| #define PACKAGE_TARNAME "openvswitch"
| #define PACKAGE_VERSION "2.14.1"
| #define PACKAGE_STRING "openvswitch 2.14.1"
| #define PACKAGE_BUGREPORT "bugs@openvswitch.org"
| #define PACKAGE_URL ""
| #define PACKAGE "openvswitch"
| #define VERSION "2.14.1"
| #define STDC_HEADERS 1
| #define HAVE_SYS_TYPES_H 1
| #define HAVE_SYS_STAT_H 1
| #define HAVE_STDLIB_H 1
| #define HAVE_STRING_H 1
| #define HAVE_MEMORY_H 1
| #define HAVE_STRINGS_H 1
| #define HAVE_INTTYPES_H 1
| #define HAVE_STDINT_H 1
| #define HAVE_UNISTD_H 1
| #define __EXTENSIONS__ 1
| #define _ALL_SOURCE 1
| #define _GNU_SOURCE 1
| #define _POSIX_PTHREAD_SEMANTICS 1
| #define _TANDEM_SOURCE 1
| #define HAVE_DLFCN_H 1
| #define LT_OBJDIR ".libs/"
| #define HAVE_PTHREAD_SPIN_LOCK 1
| #define HAVE_DECL_STRERROR_R 1
| #define HAVE_STRERROR_R 1
| #define STRERROR_R_CHAR_P 1
| #define VSTUDIO_DDK 1
| #define HAVE_NETLINK 1
| #define HAVE_OPENSSL 1
| #define OPENSSL_SUPPORTS_SNI 1
| #define HAVE_LIBCAPNG 1
| #define HAVE_DECL_SYS_SIGLIST 1
| #define HAVE_DECL_MALLOC_TRIM 1
| #define HAVE_STRUCT_STAT_ST_MTIM_TV_NSEC 1
| #define HAVE_STRUCT_MMSGHDR_MSG_LEN 1
| #define HAVE_STRUCT_SOCKADDR_IN6_SIN6_SCOPE_ID 1
| #define HAVE_MLOCKALL 1
| #define HAVE_STRNLEN 1
| #define HAVE_GETLOADAVG 1
| #define HAVE_STATVFS 1
| #define HAVE_GETMNTENT_R 1
| #define HAVE_SENDMMSG 1
| #define HAVE_CLOCK_GETTIME 1
| #define HAVE_MNTENT_H 1
| #define HAVE_SYS_STATVFS_H 1
| #define HAVE_LINUX_TYPES_H 1
| #define HAVE_LINUX_IF_ETHER_H 1
| #define HAVE_LINUX_NET_NAMESPACE_H 1
| #define HAVE_STDATOMIC_H 1
| #define HAVE_BITS_FLOATN_COMMON_H 1
| #define HAVE_BACKTRACE 1
| #define HAVE_LINUX_PERF_EVENT_H 1
| #define HAVE_THREAD_LOCAL 1
| #define HAVE_GCC4_ATOMICS 1
| #define ATOMIC_ALWAYS_LOCK_FREE_1B 1
| #define ATOMIC_ALWAYS_LOCK_FREE_2B 1
| #define ATOMIC_ALWAYS_LOCK_FREE_4B 1
| #define ATOMIC_ALWAYS_LOCK_FREE_8B 1
| #define HAVE_GLIBC_PTHREAD_SETNAME_NP 1
| #define HAVE_POSIX_MEMALIGN 1
| #define HAVE_STDIO_H 1
| #define HAVE_STRING_H 1
| /* end confdefs.h.  */
| int x;
configure:18344: result: no
configure:18354: checking whether gcc accepts -fno-strict-aliasing
configure:18365: gcc -c -g -O2 -Werror -fno-strict-aliasing  conftest.c >&5
configure:18365: $? = 0
configure:18378: result: yes
configure:18388: checking whether gcc accepts -Wswitch-bool
configure:18399: gcc -c -g -O2 -Werror -Wswitch-bool  conftest.c >&5
configure:18399: $? = 0
configure:18412: result: yes
configure:18422: checking whether gcc accepts -Wlogical-not-parentheses
configure:18433: gcc -c -g -O2 -Werror -Wlogical-not-parentheses  conftest.c >&5
configure:18433: $? = 0
configure:18446: result: yes
configure:18456: checking whether gcc accepts -Wsizeof-array-argument
configure:18467: gcc -c -g -O2 -Werror -Wsizeof-array-argument  conftest.c >&5
configure:18467: $? = 0
configure:18480: result: yes
configure:18490: checking whether gcc accepts -Wbool-compare
configure:18501: gcc -c -g -O2 -Werror -Wbool-compare  conftest.c >&5
configure:18501: $? = 0
configure:18514: result: yes
configure:18524: checking whether gcc accepts -Wshift-negative-value
configure:18535: gcc -c -g -O2 -Werror -Wshift-negative-value  conftest.c >&5
configure:18535: $? = 0
configure:18548: result: yes
configure:18558: checking whether gcc accepts -Wduplicated-cond
configure:18569: gcc -c -g -O2 -Werror -Wduplicated-cond  conftest.c >&5
configure:18569: $? = 0
configure:18582: result: yes
configure:18592: checking whether gcc accepts -Qunused-arguments
configure:18603: gcc -c -g -O2 -Werror -Qunused-arguments  conftest.c >&5
gcc: error: unrecognized command line option '-Qunused-arguments'; did you mean '-Wunused-parameter'?
configure:18603: $? = 1
configure: failed program was:
| /* confdefs.h */
| #define PACKAGE_NAME "openvswitch"
| #define PACKAGE_TARNAME "openvswitch"
| #define PACKAGE_VERSION "2.14.1"
| #define PACKAGE_STRING "openvswitch 2.14.1"
| #define PACKAGE_BUGREPORT "bugs@openvswitch.org"
| #define PACKAGE_URL ""
| #define PACKAGE "openvswitch"
| #define VERSION "2.14.1"
| #define STDC_HEADERS 1
| #define HAVE_SYS_TYPES_H 1
| #define HAVE_SYS_STAT_H 1
| #define HAVE_STDLIB_H 1
| #define HAVE_STRING_H 1
| #define HAVE_MEMORY_H 1
| #define HAVE_STRINGS_H 1
| #define HAVE_INTTYPES_H 1
| #define HAVE_STDINT_H 1
| #define HAVE_UNISTD_H 1
| #define __EXTENSIONS__ 1
| #define _ALL_SOURCE 1
| #define _GNU_SOURCE 1
| #define _POSIX_PTHREAD_SEMANTICS 1
| #define _TANDEM_SOURCE 1
| #define HAVE_DLFCN_H 1
| #define LT_OBJDIR ".libs/"
| #define HAVE_PTHREAD_SPIN_LOCK 1
| #define HAVE_DECL_STRERROR_R 1
| #define HAVE_STRERROR_R 1
| #define STRERROR_R_CHAR_P 1
| #define VSTUDIO_DDK 1
| #define HAVE_NETLINK 1
| #define HAVE_OPENSSL 1
| #define OPENSSL_SUPPORTS_SNI 1
| #define HAVE_LIBCAPNG 1
| #define HAVE_DECL_SYS_SIGLIST 1
| #define HAVE_DECL_MALLOC_TRIM 1
| #define HAVE_STRUCT_STAT_ST_MTIM_TV_NSEC 1
| #define HAVE_STRUCT_MMSGHDR_MSG_LEN 1
| #define HAVE_STRUCT_SOCKADDR_IN6_SIN6_SCOPE_ID 1
| #define HAVE_MLOCKALL 1
| #define HAVE_STRNLEN 1
| #define HAVE_GETLOADAVG 1
| #define HAVE_STATVFS 1
| #define HAVE_GETMNTENT_R 1
| #define HAVE_SENDMMSG 1
| #define HAVE_CLOCK_GETTIME 1
| #define HAVE_MNTENT_H 1
| #define HAVE_SYS_STATVFS_H 1
| #define HAVE_LINUX_TYPES_H 1
| #define HAVE_LINUX_IF_ETHER_H 1
| #define HAVE_LINUX_NET_NAMESPACE_H 1
| #define HAVE_STDATOMIC_H 1
| #define HAVE_BITS_FLOATN_COMMON_H 1
| #define HAVE_BACKTRACE 1
| #define HAVE_LINUX_PERF_EVENT_H 1
| #define HAVE_THREAD_LOCAL 1
| #define HAVE_GCC4_ATOMICS 1
| #define ATOMIC_ALWAYS_LOCK_FREE_1B 1
| #define ATOMIC_ALWAYS_LOCK_FREE_2B 1
| #define ATOMIC_ALWAYS_LOCK_FREE_4B 1
| #define ATOMIC_ALWAYS_LOCK_FREE_8B 1
| #define HAVE_GLIBC_PTHREAD_SETNAME_NP 1
| #define HAVE_POSIX_MEMALIGN 1
| #define HAVE_STDIO_H 1
| #define HAVE_STRING_H 1
| /* end confdefs.h.  */
| int x;
configure:18616: result: no
configure:18626: checking whether gcc accepts -Wshadow
configure:18637: gcc -c -g -O2 -Werror -Wshadow  conftest.c >&5
configure:18637: $? = 0
configure:18650: result: yes
configure:18660: checking whether gcc accepts -Wmultistatement-macros
configure:18671: gcc -c -g -O2 -Werror -Wmultistatement-macros  conftest.c >&5
gcc: error: unrecognized command line option '-Wmultistatement-macros'; did you mean '-Wunused-macros'?
configure:18671: $? = 1
configure: failed program was:
| /* confdefs.h */
| #define PACKAGE_NAME "openvswitch"
| #define PACKAGE_TARNAME "openvswitch"
| #define PACKAGE_VERSION "2.14.1"
| #define PACKAGE_STRING "openvswitch 2.14.1"
| #define PACKAGE_BUGREPORT "bugs@openvswitch.org"
| #define PACKAGE_URL ""
| #define PACKAGE "openvswitch"
| #define VERSION "2.14.1"
| #define STDC_HEADERS 1
| #define HAVE_SYS_TYPES_H 1
| #define HAVE_SYS_STAT_H 1
| #define HAVE_STDLIB_H 1
| #define HAVE_STRING_H 1
| #define HAVE_MEMORY_H 1
| #define HAVE_STRINGS_H 1
| #define HAVE_INTTYPES_H 1
| #define HAVE_STDINT_H 1
| #define HAVE_UNISTD_H 1
| #define __EXTENSIONS__ 1
| #define _ALL_SOURCE 1
| #define _GNU_SOURCE 1
| #define _POSIX_PTHREAD_SEMANTICS 1
| #define _TANDEM_SOURCE 1
| #define HAVE_DLFCN_H 1
| #define LT_OBJDIR ".libs/"
| #define HAVE_PTHREAD_SPIN_LOCK 1
| #define HAVE_DECL_STRERROR_R 1
| #define HAVE_STRERROR_R 1
| #define STRERROR_R_CHAR_P 1
| #define VSTUDIO_DDK 1
| #define HAVE_NETLINK 1
| #define HAVE_OPENSSL 1
| #define OPENSSL_SUPPORTS_SNI 1
| #define HAVE_LIBCAPNG 1
| #define HAVE_DECL_SYS_SIGLIST 1
| #define HAVE_DECL_MALLOC_TRIM 1
| #define HAVE_STRUCT_STAT_ST_MTIM_TV_NSEC 1
| #define HAVE_STRUCT_MMSGHDR_MSG_LEN 1
| #define HAVE_STRUCT_SOCKADDR_IN6_SIN6_SCOPE_ID 1
| #define HAVE_MLOCKALL 1
| #define HAVE_STRNLEN 1
| #define HAVE_GETLOADAVG 1
| #define HAVE_STATVFS 1
| #define HAVE_GETMNTENT_R 1
| #define HAVE_SENDMMSG 1
| #define HAVE_CLOCK_GETTIME 1
| #define HAVE_MNTENT_H 1
| #define HAVE_SYS_STATVFS_H 1
| #define HAVE_LINUX_TYPES_H 1
| #define HAVE_LINUX_IF_ETHER_H 1
| #define HAVE_LINUX_NET_NAMESPACE_H 1
| #define HAVE_STDATOMIC_H 1
| #define HAVE_BITS_FLOATN_COMMON_H 1
| #define HAVE_BACKTRACE 1
| #define HAVE_LINUX_PERF_EVENT_H 1
| #define HAVE_THREAD_LOCAL 1
| #define HAVE_GCC4_ATOMICS 1
| #define ATOMIC_ALWAYS_LOCK_FREE_1B 1
| #define ATOMIC_ALWAYS_LOCK_FREE_2B 1
| #define ATOMIC_ALWAYS_LOCK_FREE_4B 1
| #define ATOMIC_ALWAYS_LOCK_FREE_8B 1
| #define HAVE_GLIBC_PTHREAD_SETNAME_NP 1
| #define HAVE_POSIX_MEMALIGN 1
| #define HAVE_STDIO_H 1
| #define HAVE_STRING_H 1
| /* end confdefs.h.  */
| int x;
configure:18684: result: no
configure:18694: checking whether gcc accepts -Wcast-align=strict
configure:18705: gcc -c -g -O2 -Werror -Wcast-align=strict  conftest.c >&5
gcc: error: unrecognized command line option '-Wcast-align=strict'; did you mean '-Wcast-align'?
configure:18705: $? = 1
configure: failed program was:
| /* confdefs.h */
| #define PACKAGE_NAME "openvswitch"
| #define PACKAGE_TARNAME "openvswitch"
| #define PACKAGE_VERSION "2.14.1"
| #define PACKAGE_STRING "openvswitch 2.14.1"
| #define PACKAGE_BUGREPORT "bugs@openvswitch.org"
| #define PACKAGE_URL ""
| #define PACKAGE "openvswitch"
| #define VERSION "2.14.1"
| #define STDC_HEADERS 1
| #define HAVE_SYS_TYPES_H 1
| #define HAVE_SYS_STAT_H 1
| #define HAVE_STDLIB_H 1
| #define HAVE_STRING_H 1
| #define HAVE_MEMORY_H 1
| #define HAVE_STRINGS_H 1
| #define HAVE_INTTYPES_H 1
| #define HAVE_STDINT_H 1
| #define HAVE_UNISTD_H 1
| #define __EXTENSIONS__ 1
| #define _ALL_SOURCE 1
| #define _GNU_SOURCE 1
| #define _POSIX_PTHREAD_SEMANTICS 1
| #define _TANDEM_SOURCE 1
| #define HAVE_DLFCN_H 1
| #define LT_OBJDIR ".libs/"
| #define HAVE_PTHREAD_SPIN_LOCK 1
| #define HAVE_DECL_STRERROR_R 1
| #define HAVE_STRERROR_R 1
| #define STRERROR_R_CHAR_P 1
| #define VSTUDIO_DDK 1
| #define HAVE_NETLINK 1
| #define HAVE_OPENSSL 1
| #define OPENSSL_SUPPORTS_SNI 1
| #define HAVE_LIBCAPNG 1
| #define HAVE_DECL_SYS_SIGLIST 1
| #define HAVE_DECL_MALLOC_TRIM 1
| #define HAVE_STRUCT_STAT_ST_MTIM_TV_NSEC 1
| #define HAVE_STRUCT_MMSGHDR_MSG_LEN 1
| #define HAVE_STRUCT_SOCKADDR_IN6_SIN6_SCOPE_ID 1
| #define HAVE_MLOCKALL 1
| #define HAVE_STRNLEN 1
| #define HAVE_GETLOADAVG 1
| #define HAVE_STATVFS 1
| #define HAVE_GETMNTENT_R 1
| #define HAVE_SENDMMSG 1
| #define HAVE_CLOCK_GETTIME 1
| #define HAVE_MNTENT_H 1
| #define HAVE_SYS_STATVFS_H 1
| #define HAVE_LINUX_TYPES_H 1
| #define HAVE_LINUX_IF_ETHER_H 1
| #define HAVE_LINUX_NET_NAMESPACE_H 1
| #define HAVE_STDATOMIC_H 1
| #define HAVE_BITS_FLOATN_COMMON_H 1
| #define HAVE_BACKTRACE 1
| #define HAVE_LINUX_PERF_EVENT_H 1
| #define HAVE_THREAD_LOCAL 1
| #define HAVE_GCC4_ATOMICS 1
| #define ATOMIC_ALWAYS_LOCK_FREE_1B 1
| #define ATOMIC_ALWAYS_LOCK_FREE_2B 1
| #define ATOMIC_ALWAYS_LOCK_FREE_4B 1
| #define ATOMIC_ALWAYS_LOCK_FREE_8B 1
| #define HAVE_GLIBC_PTHREAD_SETNAME_NP 1
| #define HAVE_POSIX_MEMALIGN 1
| #define HAVE_STDIO_H 1
| #define HAVE_STRING_H 1
| /* end confdefs.h.  */
| int x;
configure:18718: result: no
configure:18728: checking whether gcc accepts -Wno-null-pointer-arithmetic
configure:18739: gcc -c -g -O2 -Werror -Wnull-pointer-arithmetic  conftest.c >&5
gcc: error: unrecognized command line option '-Wnull-pointer-arithmetic'; did you mean '-Wno-pointer-arith'?
configure:18739: $? = 1
configure: failed program was:
| /* confdefs.h */
| #define PACKAGE_NAME "openvswitch"
| #define PACKAGE_TARNAME "openvswitch"
| #define PACKAGE_VERSION "2.14.1"
| #define PACKAGE_STRING "openvswitch 2.14.1"
| #define PACKAGE_BUGREPORT "bugs@openvswitch.org"
| #define PACKAGE_URL ""
| #define PACKAGE "openvswitch"
| #define VERSION "2.14.1"
| #define STDC_HEADERS 1
| #define HAVE_SYS_TYPES_H 1
| #define HAVE_SYS_STAT_H 1
| #define HAVE_STDLIB_H 1
| #define HAVE_STRING_H 1
| #define HAVE_MEMORY_H 1
| #define HAVE_STRINGS_H 1
| #define HAVE_INTTYPES_H 1
| #define HAVE_STDINT_H 1
| #define HAVE_UNISTD_H 1
| #define __EXTENSIONS__ 1
| #define _ALL_SOURCE 1
| #define _GNU_SOURCE 1
| #define _POSIX_PTHREAD_SEMANTICS 1
| #define _TANDEM_SOURCE 1
| #define HAVE_DLFCN_H 1
| #define LT_OBJDIR ".libs/"
| #define HAVE_PTHREAD_SPIN_LOCK 1
| #define HAVE_DECL_STRERROR_R 1
| #define HAVE_STRERROR_R 1
| #define STRERROR_R_CHAR_P 1
| #define VSTUDIO_DDK 1
| #define HAVE_NETLINK 1
| #define HAVE_OPENSSL 1
| #define OPENSSL_SUPPORTS_SNI 1
| #define HAVE_LIBCAPNG 1
| #define HAVE_DECL_SYS_SIGLIST 1
| #define HAVE_DECL_MALLOC_TRIM 1
| #define HAVE_STRUCT_STAT_ST_MTIM_TV_NSEC 1
| #define HAVE_STRUCT_MMSGHDR_MSG_LEN 1
| #define HAVE_STRUCT_SOCKADDR_IN6_SIN6_SCOPE_ID 1
| #define HAVE_MLOCKALL 1
| #define HAVE_STRNLEN 1
| #define HAVE_GETLOADAVG 1
| #define HAVE_STATVFS 1
| #define HAVE_GETMNTENT_R 1
| #define HAVE_SENDMMSG 1
| #define HAVE_CLOCK_GETTIME 1
| #define HAVE_MNTENT_H 1
| #define HAVE_SYS_STATVFS_H 1
| #define HAVE_LINUX_TYPES_H 1
| #define HAVE_LINUX_IF_ETHER_H 1
| #define HAVE_LINUX_NET_NAMESPACE_H 1
| #define HAVE_STDATOMIC_H 1
| #define HAVE_BITS_FLOATN_COMMON_H 1
| #define HAVE_BACKTRACE 1
| #define HAVE_LINUX_PERF_EVENT_H 1
| #define HAVE_THREAD_LOCAL 1
| #define HAVE_GCC4_ATOMICS 1
| #define ATOMIC_ALWAYS_LOCK_FREE_1B 1
| #define ATOMIC_ALWAYS_LOCK_FREE_2B 1
| #define ATOMIC_ALWAYS_LOCK_FREE_4B 1
| #define ATOMIC_ALWAYS_LOCK_FREE_8B 1
| #define HAVE_GLIBC_PTHREAD_SETNAME_NP 1
| #define HAVE_POSIX_MEMALIGN 1
| #define HAVE_STDIO_H 1
| #define HAVE_STRING_H 1
| /* end confdefs.h.  */
| int x;
configure:18752: result: no
configure:18762: checking whether gcc accepts -Warray-bounds-pointer-arithmetic
configure:18773: gcc -c -g -O2 -Werror -Warray-bounds-pointer-arithmetic  conftest.c >&5
gcc: error: unrecognized command line option '-Warray-bounds-pointer-arithmetic'; did you mean '--warn-no-pointer-arith'?
configure:18773: $? = 1
configure: failed program was:
| /* confdefs.h */
| #define PACKAGE_NAME "openvswitch"
| #define PACKAGE_TARNAME "openvswitch"
| #define PACKAGE_VERSION "2.14.1"
| #define PACKAGE_STRING "openvswitch 2.14.1"
| #define PACKAGE_BUGREPORT "bugs@openvswitch.org"
| #define PACKAGE_URL ""
| #define PACKAGE "openvswitch"
| #define VERSION "2.14.1"
| #define STDC_HEADERS 1
| #define HAVE_SYS_TYPES_H 1
| #define HAVE_SYS_STAT_H 1
| #define HAVE_STDLIB_H 1
| #define HAVE_STRING_H 1
| #define HAVE_MEMORY_H 1
| #define HAVE_STRINGS_H 1
| #define HAVE_INTTYPES_H 1
| #define HAVE_STDINT_H 1
| #define HAVE_UNISTD_H 1
| #define __EXTENSIONS__ 1
| #define _ALL_SOURCE 1
| #define _GNU_SOURCE 1
| #define _POSIX_PTHREAD_SEMANTICS 1
| #define _TANDEM_SOURCE 1
| #define HAVE_DLFCN_H 1
| #define LT_OBJDIR ".libs/"
| #define HAVE_PTHREAD_SPIN_LOCK 1
| #define HAVE_DECL_STRERROR_R 1
| #define HAVE_STRERROR_R 1
| #define STRERROR_R_CHAR_P 1
| #define VSTUDIO_DDK 1
| #define HAVE_NETLINK 1
| #define HAVE_OPENSSL 1
| #define OPENSSL_SUPPORTS_SNI 1
| #define HAVE_LIBCAPNG 1
| #define HAVE_DECL_SYS_SIGLIST 1
| #define HAVE_DECL_MALLOC_TRIM 1
| #define HAVE_STRUCT_STAT_ST_MTIM_TV_NSEC 1
| #define HAVE_STRUCT_MMSGHDR_MSG_LEN 1
| #define HAVE_STRUCT_SOCKADDR_IN6_SIN6_SCOPE_ID 1
| #define HAVE_MLOCKALL 1
| #define HAVE_STRNLEN 1
| #define HAVE_GETLOADAVG 1
| #define HAVE_STATVFS 1
| #define HAVE_GETMNTENT_R 1
| #define HAVE_SENDMMSG 1
| #define HAVE_CLOCK_GETTIME 1
| #define HAVE_MNTENT_H 1
| #define HAVE_SYS_STATVFS_H 1
| #define HAVE_LINUX_TYPES_H 1
| #define HAVE_LINUX_IF_ETHER_H 1
| #define HAVE_LINUX_NET_NAMESPACE_H 1
| #define HAVE_STDATOMIC_H 1
| #define HAVE_BITS_FLOATN_COMMON_H 1
| #define HAVE_BACKTRACE 1
| #define HAVE_LINUX_PERF_EVENT_H 1
| #define HAVE_THREAD_LOCAL 1
| #define HAVE_GCC4_ATOMICS 1
| #define ATOMIC_ALWAYS_LOCK_FREE_1B 1
| #define ATOMIC_ALWAYS_LOCK_FREE_2B 1
| #define ATOMIC_ALWAYS_LOCK_FREE_4B 1
| #define ATOMIC_ALWAYS_LOCK_FREE_8B 1
| #define HAVE_GLIBC_PTHREAD_SETNAME_NP 1
| #define HAVE_POSIX_MEMALIGN 1
| #define HAVE_STDIO_H 1
| #define HAVE_STRING_H 1
| /* end confdefs.h.  */
| int x;
configure:18786: result: no
configure:18796: checking whether gcc accepts -Wno-unused
configure:18807: gcc -c -g -O2 -Werror -Wunused  conftest.c >&5
configure:18807: $? = 0
configure:18820: result: yes
configure:18837: checking whether gcc accepts -Wno-unused-parameter
configure:18848: gcc -c -g -O2 -Werror -Wunused-parameter  conftest.c >&5
configure:18848: $? = 0
configure:18861: result: yes
configure:18878: checking whether gcc accepts -mavx512f
configure:18889: gcc -c -g -O2 -Werror -mavx512f  conftest.c >&5
configure:18889: $? = 0
configure:18902: result: yes
configure:18919: checking whether gcc accepts -mavx512f
configure:18943: result: yes
configure:18976: checking target hint for cgcc
configure:18990: result: x86_64
configure:19001: checking vector options for cgcc
configure:19005: result: -D__MMX__=1 -D__SSE2_MATH__=1 -D__SSE_MATH__=1 -D__SSE2__=1 -D__SSE__=1 
configure:19044: checking whether DPCLS Autovalidator is default implementation
configure:19047: result: no
configure:19055: checking binutils avx512 assembler checks passing
configure:19076: result: yes
configure:19151: checking for Linux build directory
configure:19154: result: /lib/modules/4.19.90-2102.2.0.0068.ctl2.x86_64/build
configure:19166: checking for Linux source directory
configure:19200: result: /lib/modules/4.19.90-2102.2.0.0068.ctl2.x86_64/build
configure:19203: checking for kernel version
configure:19215: result: 4.19.90
configure:19249: checking whether src_err, matches in /lib/modules/4.19.90-2102.2.0.0068.ctl2.x86_64/build/arch/x86/include/asm/checksum_32.h
configure:19263: result: no
configure:19279: checking whether rt6_get_cookie matches in /lib/modules/4.19.90-2102.2.0.0068.ctl2.x86_64/build/include/net/ip6_fib.h
configure:19286: result: yes
configure:19309: checking whether ipv6_stub has member dst_entry in /lib/modules/4.19.90-2102.2.0.0068.ctl2.x86_64/build/include/net/addrconf.h
configure:19316: result: yes
configure:19338: checking whether ipv6_dst_lookup.*net matches in /lib/modules/4.19.90-2102.2.0.0068.ctl2.x86_64/build/include/net/addrconf.h
configure:19345: result: yes
configure:19367: checking whether ipv6_dst_lookup_flow.*net matches in /lib/modules/4.19.90-2102.2.0.0068.ctl2.x86_64/build/include/net/addrconf.h
configure:19374: result: yes
configure:19396: checking whether ipv6_stub matches in /lib/modules/4.19.90-2102.2.0.0068.ctl2.x86_64/build/include/net/addrconf.h
configure:19403: result: yes
configure:19425: checking whether ipv6_dst_lookup_flow matches in /lib/modules/4.19.90-2102.2.0.0068.ctl2.x86_64/build/include/net/addrconf.h
configure:19432: result: yes
configure:19455: checking whether ERR_CAST matches in /lib/modules/4.19.90-2102.2.0.0068.ctl2.x86_64/build/include/linux/err.h
configure:19462: result: yes
configure:19484: checking whether IS_ERR_OR_NULL matches in /lib/modules/4.19.90-2102.2.0.0068.ctl2.x86_64/build/include/linux/err.h
configure:19491: result: yes
configure:19513: checking whether PTR_ERR_OR_ZERO matches in /lib/modules/4.19.90-2102.2.0.0068.ctl2.x86_64/build/include/linux/err.h
configure:19520: result: yes
configure:19543: checking whether static_branch_unlikely( matches in /lib/modules/4.19.90-2102.2.0.0068.ctl2.x86_64/build/include/linux/jump_label.h
configure:19550: result: yes
configure:19572: checking whether DEFINE_STATIC_KEY_FALSE matches in /lib/modules/4.19.90-2102.2.0.0068.ctl2.x86_64/build/include/linux/jump_label.h
configure:19579: result: yes
configure:19602: checking whether eth_hw_addr_random matches in /lib/modules/4.19.90-2102.2.0.0068.ctl2.x86_64/build/include/linux/etherdevice.h
configure:19609: result: yes
configure:19631: checking whether ether_addr_copy matches in /lib/modules/4.19.90-2102.2.0.0068.ctl2.x86_64/build/include/linux/etherdevice.h
configure:19638: result: yes
configure:19661: checking whether IFLA_GENEVE_TOS matches in /lib/modules/4.19.90-2102.2.0.0068.ctl2.x86_64/build/include/uapi/linux/if_link.h
configure:19668: result: yes
configure:19690: checking whether rtnl_link_stats64 matches in /lib/modules/4.19.90-2102.2.0.0068.ctl2.x86_64/build/include/uapi/linux/if_link.h
configure:19697: result: yes
configure:19719: checking whether rtnl_link_stats64 matches in /lib/modules/4.19.90-2102.2.0.0068.ctl2.x86_64/build/include/linux/if_link.h
configure:19733: result: no
configure:19748: checking whether vlan_set_encap_proto matches in /lib/modules/4.19.90-2102.2.0.0068.ctl2.x86_64/build/include/linux/if_vlan.h
configure:19755: result: yes
configure:19777: checking whether vlan_hwaccel_push_inside matches in /lib/modules/4.19.90-2102.2.0.0068.ctl2.x86_64/build/include/linux/if_vlan.h
configure:19784: result: yes
configure:19806: checking whether __vlan_hwaccel_clear_tag matches in /lib/modules/4.19.90-2102.2.0.0068.ctl2.x86_64/build/include/linux/if_vlan.h
configure:19820: result: no
configure:19836: checking whether ipv4_is_multicast matches in /lib/modules/4.19.90-2102.2.0.0068.ctl2.x86_64/build/include/linux/in.h
configure:19843: result: yes
configure:19865: checking whether proto_ports_offset matches in /lib/modules/4.19.90-2102.2.0.0068.ctl2.x86_64/build/include/linux/in.h
configure:19872: result: yes
configure:19894: checking whether __ip_select_ident.*dst_entry matches in /lib/modules/4.19.90-2102.2.0.0068.ctl2.x86_64/build/include/net/ip.h
configure:19908: result: no
configure:19923: checking whether __ip_select_ident.*net matches in /lib/modules/4.19.90-2102.2.0.0068.ctl2.x86_64/build/include/net/ip.h
configure:19930: result: yes
configure:19953: checking whether inet_get_local_port_range.*net matches in /lib/modules/4.19.90-2102.2.0.0068.ctl2.x86_64/build/include/net/ip.h
configure:19960: result: yes
configure:19982: checking whether ip_defrag.*net matches in /lib/modules/4.19.90-2102.2.0.0068.ctl2.x86_64/build/include/net/ip.h
configure:19989: result: yes
configure:20011: checking whether ip_do_fragment has parameter net in /lib/modules/4.19.90-2102.2.0.0068.ctl2.x86_64/build/include/net/ip.h
configure:20018: result: yes
configure:20040: checking whether ip_local_out has parameter net in /lib/modules/4.19.90-2102.2.0.0068.ctl2.x86_64/build/include/net/ip.h
configure:20047: result: yes
configure:20070: checking whether ip_skb_dst_mtu matches in /lib/modules/4.19.90-2102.2.0.0068.ctl2.x86_64/build/include/net/ip.h
configure:20077: result: yes
configure:20100: checking whether IPSKB_FRAG_PMTU matches in /lib/modules/4.19.90-2102.2.0.0068.ctl2.x86_64/build/include/net/ip.h
configure:20107: result: yes
configure:20129: checking whether __ip_tunnel_change_mtu matches in /lib/modules/4.19.90-2102.2.0.0068.ctl2.x86_64/build/include/net/ip_tunnels.h
configure:20136: result: yes
configure:20158: checking whether hashfn.*const matches in /lib/modules/4.19.90-2102.2.0.0068.ctl2.x86_64/build/include/net/inet_frag.h
configure:20172: result: no
configure:20187: checking whether last_in matches in /lib/modules/4.19.90-2102.2.0.0068.ctl2.x86_64/build/include/net/inet_frag.h
configure:20201: result: no
configure:20216: checking whether inet_frag_evicting matches in /lib/modules/4.19.90-2102.2.0.0068.ctl2.x86_64/build/include/net/inet_frag.h
configure:20230: result: no
configure:20245: checking whether inet_frag_evictor matches in /lib/modules/4.19.90-2102.2.0.0068.ctl2.x86_64/build/include/net/inet_frag.h
configure:20259: result: no
configure:20274: checking whether inet_frags has member frags_work in /lib/modules/4.19.90-2102.2.0.0068.ctl2.x86_64/build/include/net/inet_frag.h
configure:20288: result: no
configure:20303: checking whether inet_frags has member rwlock in /lib/modules/4.19.90-2102.2.0.0068.ctl2.x86_64/build/include/net/inet_frag.h
configure:20317: result: no
configure:20332: checking whether inet_frag_queue has member list_evictor in /lib/modules/4.19.90-2102.2.0.0068.ctl2.x86_64/build/include/net/inet_frag.h
configure:20346: result: no
configure:20361: checking whether inet_frag_lru_move matches in /lib/modules/4.19.90-2102.2.0.0068.ctl2.x86_64/build/include/net/inet_frag.h
configure:20375: result: no
configure:20390: checking whether sub_frag_mem_limit has parameter struct.netns_frags in /lib/modules/4.19.90-2102.2.0.0068.ctl2.x86_64/build/include/net/inet_frag.h
configure:20397: result: yes
configure:20419: checking whether void.*inet_frags_init matches in /lib/modules/4.19.90-2102.2.0.0068.ctl2.x86_64/build/include/net/inet_frag.h
configure:20433: result: no
configure:20448: checking whether vif matches in /lib/modules/4.19.90-2102.2.0.0068.ctl2.x86_64/build/include/net/inetpeer.h
configure:20455: result: yes
configure:20479: checking whether ip_tunnel_key has member label in /lib/modules/4.19.90-2102.2.0.0068.ctl2.x86_64/build/include/net/ip_tunnels.h
configure:20486: result: yes
configure:20489: checking whether iptunnel_pull_offloads matches in /lib/modules/4.19.90-2102.2.0.0068.ctl2.x86_64/build/include/net/ip_tunnels.h
configure:20496: result: yes
configure:20499: checking whether dst_cache matches in /lib/modules/4.19.90-2102.2.0.0068.ctl2.x86_64/build/include/net/dst_cache.h
configure:20506: result: yes
configure:20509: checking whether erspan_md2 matches in /lib/modules/4.19.90-2102.2.0.0068.ctl2.x86_64/build/include/net/erspan.h
configure:20516: result: yes
configure:20587: checking whether dst_cache matches in /lib/modules/4.19.90-2102.2.0.0068.ctl2.x86_64/build/include/net/dst_cache.h
configure:20594: result: yes
configure:20616: checking whether mpls_hdr matches in /lib/modules/4.19.90-2102.2.0.0068.ctl2.x86_64/build/include/net/mpls.h
configure:20623: result: yes
configure:20645: checking whether sock_create_kern.*net matches in /lib/modules/4.19.90-2102.2.0.0068.ctl2.x86_64/build/include/linux/net.h
configure:20652: result: yes
configure:20674: checking whether ndo_fill_metadata_dst matches in /lib/modules/4.19.90-2102.2.0.0068.ctl2.x86_64/build/include/linux/netdevice.h
configure:20681: result: yes
configure:20703: checking whether dev_disable_lro matches in /lib/modules/4.19.90-2102.2.0.0068.ctl2.x86_64/build/include/linux/netdevice.h
configure:20710: result: yes
configure:20732: checking whether dev_get_stats matches in /lib/modules/4.19.90-2102.2.0.0068.ctl2.x86_64/build/include/linux/netdevice.h
configure:20739: result: yes
configure:20761: checking whether dev_get_by_index_rcu matches in /lib/modules/4.19.90-2102.2.0.0068.ctl2.x86_64/build/include/linux/netdevice.h
configure:20768: result: yes
configure:20790: checking whether dev_recursion_level matches in /lib/modules/4.19.90-2102.2.0.0068.ctl2.x86_64/build/include/linux/netdevice.h
configure:20797: result: yes
configure:20819: checking whether __skb_gso_segment matches in /lib/modules/4.19.90-2102.2.0.0068.ctl2.x86_64/build/include/linux/netdevice.h
configure:20826: result: yes
configure:20848: checking whether skb_gso_error_unwind matches in /lib/modules/4.19.90-2102.2.0.0068.ctl2.x86_64/build/include/linux/netdevice.h
configure:20855: result: yes
configure:20877: checking whether can_checksum_protocol matches in /lib/modules/4.19.90-2102.2.0.0068.ctl2.x86_64/build/include/linux/netdevice.h
configure:20884: result: yes
configure:20906: checking whether ndo_get_iflink matches in /lib/modules/4.19.90-2102.2.0.0068.ctl2.x86_64/build/include/linux/netdevice.h
configure:20913: result: yes
configure:20935: checking whether ndo_features_check matches in /lib/modules/4.19.90-2102.2.0.0068.ctl2.x86_64/build/include/linux/netdevice.h
configure:20942: result: yes
configure:20964: checking whether ndo_add_vxlan_port matches in /lib/modules/4.19.90-2102.2.0.0068.ctl2.x86_64/build/include/linux/netdevice.h
configure:20978: result: no
configure:20993: checking whether ndo_add_geneve_port matches in /lib/modules/4.19.90-2102.2.0.0068.ctl2.x86_64/build/include/linux/netdevice.h
configure:21007: result: no
configure:21022: checking whether ndo_udp_tunnel_add matches in /lib/modules/4.19.90-2102.2.0.0068.ctl2.x86_64/build/include/linux/netdevice.h
configure:21029: result: yes
configure:21051: checking whether netdev_features_t matches in /lib/modules/4.19.90-2102.2.0.0068.ctl2.x86_64/build/include/linux/netdevice.h
configure:21058: result: yes
configure:21080: checking whether pcpu_sw_netstats.*tstats matches in /lib/modules/4.19.90-2102.2.0.0068.ctl2.x86_64/build/include/linux/netdevice.h
configure:21087: result: yes
configure:21109: checking whether netif_needs_gso.*net_device matches in /lib/modules/4.19.90-2102.2.0.0068.ctl2.x86_64/build/include/linux/netdevice.h
configure:21123: result: no
configure:21138: checking whether skb_csum_hwoffload_help matches in /lib/modules/4.19.90-2102.2.0.0068.ctl2.x86_64/build/include/linux/netdevice.h
configure:21145: result: yes
configure:21167: checking whether udp_offload matches in /lib/modules/4.19.90-2102.2.0.0068.ctl2.x86_64/build/include/linux/netdevice.h
configure:21181: result: no
configure:21196: checking whether udp_offload.*uoff matches in /lib/modules/4.19.90-2102.2.0.0068.ctl2.x86_64/build/include/linux/netdevice.h
configure:21210: result: no
configure:21225: checking whether gro_remcsum matches in /lib/modules/4.19.90-2102.2.0.0068.ctl2.x86_64/build/include/linux/netdevice.h
configure:21232: result: yes
configure:21254: checking whether IFF_PHONY_HEADROOM matches in /lib/modules/4.19.90-2102.2.0.0068.ctl2.x86_64/build/include/linux/netdevice.h
configure:21261: result: yes
configure:21283: checking whether net_device_ops has member extended in /lib/modules/4.19.90-2102.2.0.0068.ctl2.x86_64/build/include/linux/netdevice.h
configure:21297: result: no
configure:21312: checking whether netdev_master_upper_dev_link has parameter upper_priv in /lib/modules/4.19.90-2102.2.0.0068.ctl2.x86_64/build/include/linux/netdevice.h
configure:21319: result: yes
configure:21341: checking whether netdev_master_upper_dev_link_rh matches in /lib/modules/4.19.90-2102.2.0.0068.ctl2.x86_64/build/include/linux/netdevice.h
configure:21355: result: no
configure:21371: checking whether net_device has member max_mtu in /lib/modules/4.19.90-2102.2.0.0068.ctl2.x86_64/build/include/linux/netdevice.h
configure:21378: result: yes
configure:21400: checking whether net_device_ops_extended has member ndo_change_mtu in /lib/modules/4.19.90-2102.2.0.0068.ctl2.x86_64/build/include/linux/netdevice.h
configure:21414: result: no
configure:21429: checking whether dev_change_flags has parameter extack in /lib/modules/4.19.90-2102.2.0.0068.ctl2.x86_64/build/include/linux/netdevice.h
configure:21443: result: no
configure:21459: checking whether nf_hook_state matches in /lib/modules/4.19.90-2102.2.0.0068.ctl2.x86_64/build/include/linux/netfilter.h
configure:21466: result: yes
configure:21488: checking whether nf_hook_state has member struct net  in /lib/modules/4.19.90-2102.2.0.0068.ctl2.x86_64/build/include/linux/netfilter.h
configure:21495: result: yes
configure:21517: checking whether nf_register_net_hook matches in /lib/modules/4.19.90-2102.2.0.0068.ctl2.x86_64/build/include/linux/netfilter.h
configure:21524: result: yes
configure:21546: checking whether nf_hookfn.*nf_hook_ops matches in /lib/modules/4.19.90-2102.2.0.0068.ctl2.x86_64/build/include/linux/netfilter.h
configure:21560: result: no
configure:21575: checking whether nf_hookfn has parameter priv in /lib/modules/4.19.90-2102.2.0.0068.ctl2.x86_64/build/include/linux/netfilter.h
configure:21582: result: yes
configure:21604: checking whether nf_hook_ops has member owner in /lib/modules/4.19.90-2102.2.0.0068.ctl2.x86_64/build/include/linux/netfilter.h
configure:21618: result: no
configure:21633: checking whether NFPROTO_INET matches in /lib/modules/4.19.90-2102.2.0.0068.ctl2.x86_64/build/include/linux/netfilter.h
configure:21647: result: no
configure:21662: checking whether CONFIG_NF_NAT_NEEDED matches in /lib/modules/4.19.90-2102.2.0.0068.ctl2.x86_64/build/include/linux/netfilter.h
configure:21669: result: yes
configure:21693: checking whether nf_ipv6_ops has member fragment.*sock in /lib/modules/4.19.90-2102.2.0.0068.ctl2.x86_64/build/include/linux/netfilter_ipv6.h
configure:21700: result: yes
configure:21723: checking whether nf_conn has member struct timer_list[ \t]*timeout in /lib/modules/4.19.90-2102.2.0.0068.ctl2.x86_64/build/include/net/netfilter/nf_conntrack.h
configure:21737: result: no
configure:21752: checking whether nf_ct_delete( matches in /lib/modules/4.19.90-2102.2.0.0068.ctl2.x86_64/build/include/net/netfilter/nf_conntrack.h
configure:21759: result: yes
configure:21782: checking whether nf_ct_tmpl_alloc has parameter nf_conntrack_zone in /lib/modules/4.19.90-2102.2.0.0068.ctl2.x86_64/build/include/net/netfilter/nf_conntrack.h
configure:21789: result: yes
configure:21811: checking whether nf_ct_get_tuplepr has parameter struct.net in /lib/modules/4.19.90-2102.2.0.0068.ctl2.x86_64/build/include/net/netfilter/nf_conntrack.h
configure:21818: result: yes
configure:21840: checking whether nf_ct_set matches in /lib/modules/4.19.90-2102.2.0.0068.ctl2.x86_64/build/include/net/netfilter/nf_conntrack.h
configure:21847: result: yes
configure:21869: checking whether nf_ct_is_untracked matches in /lib/modules/4.19.90-2102.2.0.0068.ctl2.x86_64/build/include/net/netfilter/nf_conntrack.h
configure:21883: result: no
configure:21898: checking whether nf_ct_invert_tuplepr matches in /lib/modules/4.19.90-2102.2.0.0068.ctl2.x86_64/build/include/net/netfilter/nf_conntrack.h
configure:21905: result: yes
configure:21927: checking whether nf_ct_zone_init matches in /lib/modules/4.19.90-2102.2.0.0068.ctl2.x86_64/build/include/net/netfilter/nf_conntrack_zones.h
configure:21934: result: yes
configure:21956: checking whether net_ns_get matches in /lib/modules/4.19.90-2102.2.0.0068.ctl2.x86_64/build/include/net/netfilter/nf_conntrack_l3proto.h
configure:21979: result: file not found
configure:21985: checking whether nf_connlabels_get matches in /lib/modules/4.19.90-2102.2.0.0068.ctl2.x86_64/build/include/net/netfilter/nf_conntrack_labels.h
configure:21992: result: yes
configure:22014: checking whether nf_connlabels_get has parameter int bit in /lib/modules/4.19.90-2102.2.0.0068.ctl2.x86_64/build/include/net/netfilter/nf_conntrack_labels.h
configure:22021: result: yes
configure:22043: checking whether nf_conn_labels has member words in /lib/modules/4.19.90-2102.2.0.0068.ctl2.x86_64/build/include/net/netfilter/nf_conntrack_labels.h
configure:22057: result: no
configure:22072: checking whether nf_ct_nat_ext_add matches in /lib/modules/4.19.90-2102.2.0.0068.ctl2.x86_64/build/include/net/netfilter/nf_nat.h
configure:22079: result: yes
configure:22101: checking whether nf_nat_alloc_null_binding matches in /lib/modules/4.19.90-2102.2.0.0068.ctl2.x86_64/build/include/net/netfilter/nf_nat.h
configure:22108: result: yes
configure:22130: checking whether nf_nat_range2 matches in /lib/modules/4.19.90-2102.2.0.0068.ctl2.x86_64/build/include/net/netfilter/nf_nat.h
configure:22137: result: yes
configure:22159: checking whether nf_nat_packet matches in /lib/modules/4.19.90-2102.2.0.0068.ctl2.x86_64/build/include/net/netfilter/nf_nat.h
configure:22173: result: no
configure:22188: checking whether nf_ct_seq_adjust matches in /lib/modules/4.19.90-2102.2.0.0068.ctl2.x86_64/build/include/net/netfilter/nf_conntrack_seqadj.h
configure:22195: result: yes
configure:22217: checking whether nf_conncount_gc_list matches in /lib/modules/4.19.90-2102.2.0.0068.ctl2.x86_64/build/include/net/netfilter/nf_conntrack_count.h
configure:22224: result: yes
configure:22227: checking whether int nf_conncount_add matches in /lib/modules/4.19.90-2102.2.0.0068.ctl2.x86_64/build/include/net/netfilter/nf_conntrack_count.h
configure:22234: result: yes
configure:22276: checking whether nf_ct_set_timeout matches in /lib/modules/4.19.90-2102.2.0.0068.ctl2.x86_64/build/include/net/netfilter/nf_conntrack_timeout.h
configure:22290: result: no
configure:22305: checking whether struct nf_ct_timeout matches in /lib/modules/4.19.90-2102.2.0.0068.ctl2.x86_64/build/include/net/netfilter/nf_conntrack_timeout.h
configure:22312: result: yes
configure:22334: checking whether \(*nf_ct_timeout_find_get_hook\) has parameter net in /lib/modules/4.19.90-2102.2.0.0068.ctl2.x86_64/build/include/net/netfilter/nf_conntrack_timeout.h
configure:22341: result: yes
configure:22364: checking whether prandom_u32[\(] matches in /lib/modules/4.19.90-2102.2.0.0068.ctl2.x86_64/build/include/linux/random.h
configure:22378: result: no
configure:22393: checking whether prandom_u32_max matches in /lib/modules/4.19.90-2102.2.0.0068.ctl2.x86_64/build/include/linux/random.h
configure:22407: result: no
configure:22422: checking whether prandom_u32[\(] matches in /lib/modules/4.19.90-2102.2.0.0068.ctl2.x86_64/build/include/linux/prandom.h
configure:22429: result: yes
configure:22451: checking whether prandom_u32_max matches in /lib/modules/4.19.90-2102.2.0.0068.ctl2.x86_64/build/include/linux/prandom.h
configure:22458: result: yes
configure:22481: checking whether get_link_net matches in /lib/modules/4.19.90-2102.2.0.0068.ctl2.x86_64/build/include/net/rtnetlink.h
configure:22488: result: yes
configure:22510: checking whether name_assign_type matches in /lib/modules/4.19.90-2102.2.0.0068.ctl2.x86_64/build/include/net/rtnetlink.h
configure:22517: result: yes
configure:22539: checking whether rtnl_create_link.*src_net matches in /lib/modules/4.19.90-2102.2.0.0068.ctl2.x86_64/build/include/net/rtnetlink.h
configure:22553: result: no
configure:22568: checking whether possible_net_t matches in /lib/modules/4.19.90-2102.2.0.0068.ctl2.x86_64/build/include/net/net_namespace.h
configure:22575: result: yes
configure:22598: checking whether rcu_read_lock_held matches in /lib/modules/4.19.90-2102.2.0.0068.ctl2.x86_64/build/include/linux/rcupdate.h
configure:22605: result: yes
configure:22683: checking whether lockdep_rtnl_is_held matches in /lib/modules/4.19.90-2102.2.0.0068.ctl2.x86_64/build/include/linux/rtnetlink.h
configure:22690: result: yes
configure:22712: checking whether net_rwsem matches in /lib/modules/4.19.90-2102.2.0.0068.ctl2.x86_64/build/include/linux/rtnetlink.h
configure:22719: result: yes
configure:22741: checking whether rtnl_create_link has parameter extack in /lib/modules/4.19.90-2102.2.0.0068.ctl2.x86_64/build/include/net/rtnetlink.h
configure:22755: result: no
configure:22770: checking whether nf_reset_ct matches in /lib/modules/4.19.90-2102.2.0.0068.ctl2.x86_64/build/include/linux/skbuff.h
configure:22784: result: no
configure:22805: checking whether [^@]proto_data_valid matches in /lib/modules/4.19.90-2102.2.0.0068.ctl2.x86_64/build/include/linux/skbuff.h
configure:22819: result: no
configure:22834: checking whether skb_checksum_start_offset matches in /lib/modules/4.19.90-2102.2.0.0068.ctl2.x86_64/build/include/linux/skbuff.h
configure:22841: result: yes
configure:22863: checking whether inner_protocol matches in /lib/modules/4.19.90-2102.2.0.0068.ctl2.x86_64/build/include/linux/skbuff.h
configure:22870: result: yes
configure:22892: checking whether inner_protocol_type matches in /lib/modules/4.19.90-2102.2.0.0068.ctl2.x86_64/build/include/linux/skbuff.h
configure:22899: result: yes
configure:22921: checking whether skb_inner_transport_offset matches in /lib/modules/4.19.90-2102.2.0.0068.ctl2.x86_64/build/include/linux/skbuff.h
configure:22928: result: yes
configure:22950: checking whether kfree_skb_list matches in /lib/modules/4.19.90-2102.2.0.0068.ctl2.x86_64/build/include/linux/skbuff.h
configure:22957: result: yes
configure:22979: checking whether rxhash matches in /lib/modules/4.19.90-2102.2.0.0068.ctl2.x86_64/build/include/linux/skbuff.h
configure:22993: result: no
configure:23008: checking whether u16.*rxhash matches in /lib/modules/4.19.90-2102.2.0.0068.ctl2.x86_64/build/include/linux/skbuff.h
configure:23022: result: no
configure:23037: checking whether skb_dst( matches in /lib/modules/4.19.90-2102.2.0.0068.ctl2.x86_64/build/include/linux/skbuff.h
configure:23044: result: yes
configure:23066: checking whether skb_copy_from_linear_data_offset matches in /lib/modules/4.19.90-2102.2.0.0068.ctl2.x86_64/build/include/linux/skbuff.h
configure:23073: result: yes
configure:23095: checking whether skb_reset_tail_pointer matches in /lib/modules/4.19.90-2102.2.0.0068.ctl2.x86_64/build/include/linux/skbuff.h
configure:23102: result: yes
configure:23124: checking whether skb_cow_head matches in /lib/modules/4.19.90-2102.2.0.0068.ctl2.x86_64/build/include/linux/skbuff.h
configure:23131: result: yes
configure:23153: checking whether skb_warn_if_lro matches in /lib/modules/4.19.90-2102.2.0.0068.ctl2.x86_64/build/include/linux/skbuff.h
configure:23160: result: yes
configure:23182: checking whether consume_skb matches in /lib/modules/4.19.90-2102.2.0.0068.ctl2.x86_64/build/include/linux/skbuff.h
configure:23189: result: yes
configure:23211: checking whether skb_frag_page matches in /lib/modules/4.19.90-2102.2.0.0068.ctl2.x86_64/build/include/linux/skbuff.h
configure:23218: result: yes
configure:23240: checking whether skb_has_frag_list matches in /lib/modules/4.19.90-2102.2.0.0068.ctl2.x86_64/build/include/linux/skbuff.h
configure:23247: result: yes
configure:23269: checking whether __skb_fill_page_desc matches in /lib/modules/4.19.90-2102.2.0.0068.ctl2.x86_64/build/include/linux/skbuff.h
configure:23276: result: yes
configure:23298: checking whether skb_reset_mac_len matches in /lib/modules/4.19.90-2102.2.0.0068.ctl2.x86_64/build/include/linux/skbuff.h
configure:23305: result: yes
configure:23327: checking whether skb_unclone matches in /lib/modules/4.19.90-2102.2.0.0068.ctl2.x86_64/build/include/linux/skbuff.h
configure:23334: result: yes
configure:23356: checking whether skb_orphan_frags matches in /lib/modules/4.19.90-2102.2.0.0068.ctl2.x86_64/build/include/linux/skbuff.h
configure:23363: result: yes
configure:23385: checking whether skb_get_hash( matches in /lib/modules/4.19.90-2102.2.0.0068.ctl2.x86_64/build/include/linux/skbuff.h
configure:23392: result: yes
configure:23414: checking whether skb_clear_hash matches in /lib/modules/4.19.90-2102.2.0.0068.ctl2.x86_64/build/include/linux/skbuff.h
configure:23421: result: yes
configure:23443: checking whether int.skb_zerocopy( matches in /lib/modules/4.19.90-2102.2.0.0068.ctl2.x86_64/build/include/linux/skbuff.h
configure:23450: result: yes
configure:23472: checking whether u8.*l4_rxhash matches in /lib/modules/4.19.90-2102.2.0.0068.ctl2.x86_64/build/include/linux/skbuff.h
configure:23486: result: no
configure:23501: checking whether skb_ensure_writable matches in /lib/modules/4.19.90-2102.2.0.0068.ctl2.x86_64/build/include/linux/skbuff.h
configure:23508: result: yes
configure:23530: checking whether skb_vlan_pop matches in /lib/modules/4.19.90-2102.2.0.0068.ctl2.x86_64/build/include/linux/skbuff.h
configure:23537: result: yes
configure:23559: checking whether __skb_vlan_pop matches in /lib/modules/4.19.90-2102.2.0.0068.ctl2.x86_64/build/include/linux/skbuff.h
configure:23566: result: yes
configure:23588: checking whether skb_vlan_push matches in /lib/modules/4.19.90-2102.2.0.0068.ctl2.x86_64/build/include/linux/skbuff.h
configure:23595: result: yes
configure:23617: checking whether skb_clear_hash_if_not_l4 matches in /lib/modules/4.19.90-2102.2.0.0068.ctl2.x86_64/build/include/linux/skbuff.h
configure:23624: result: yes
configure:23646: checking whether skb_postpush_rcsum matches in /lib/modules/4.19.90-2102.2.0.0068.ctl2.x86_64/build/include/linux/skbuff.h
configure:23653: result: yes
configure:23675: checking whether lco_csum matches in /lib/modules/4.19.90-2102.2.0.0068.ctl2.x86_64/build/include/linux/skbuff.h
configure:23682: result: yes
configure:23704: checking whether skb_nfct matches in /lib/modules/4.19.90-2102.2.0.0068.ctl2.x86_64/build/include/linux/skbuff.h
configure:23711: result: yes
configure:23733: checking whether skb_put_zero matches in /lib/modules/4.19.90-2102.2.0.0068.ctl2.x86_64/build/include/linux/skbuff.h
configure:23740: result: yes
configure:23763: checking whether __wsum matches in /lib/modules/4.19.90-2102.2.0.0068.ctl2.x86_64/build/include/linux/types.h
configure:23777: result: no
configure:23792: checking whether __wsum matches in /lib/modules/4.19.90-2102.2.0.0068.ctl2.x86_64/build/include/uapi/linux/types.h
configure:23799: result: yes
configure:23822: checking whether csum_replace4 matches in /lib/modules/4.19.90-2102.2.0.0068.ctl2.x86_64/build/include/net/checksum.h
configure:23829: result: yes
configure:23851: checking whether csum_unfold matches in /lib/modules/4.19.90-2102.2.0.0068.ctl2.x86_64/build/include/net/checksum.h
configure:23858: result: yes
configure:23881: checking whether dst_discard_sk matches in /lib/modules/4.19.90-2102.2.0.0068.ctl2.x86_64/build/include/net/dst.h
configure:23895: result: no
configure:23910: checking whether __skb_dst_copy matches in /lib/modules/4.19.90-2102.2.0.0068.ctl2.x86_64/build/include/net/dst.h
configure:23917: result: yes
configure:23940: checking whether genl_has_listeners matches in /lib/modules/4.19.90-2102.2.0.0068.ctl2.x86_64/build/include/net/genetlink.h
configure:23947: result: yes
configure:23969: checking whether mcgrp_offset matches in /lib/modules/4.19.90-2102.2.0.0068.ctl2.x86_64/build/include/net/genetlink.h
configure:23976: result: yes
configure:23998: checking whether parallel_ops matches in /lib/modules/4.19.90-2102.2.0.0068.ctl2.x86_64/build/include/net/genetlink.h
configure:24005: result: yes
configure:24027: checking whether netlink_has_listeners(net->genl_sock matches in /lib/modules/4.19.90-2102.2.0.0068.ctl2.x86_64/build/include/net/genetlink.h
configure:24034: result: yes
configure:24056: checking whether genlmsg_parse matches in /lib/modules/4.19.90-2102.2.0.0068.ctl2.x86_64/build/include/net/genetlink.h
configure:24063: result: yes
configure:24085: checking whether genl_notify.*family matches in /lib/modules/4.19.90-2102.2.0.0068.ctl2.x86_64/build/include/net/genetlink.h
configure:24092: result: yes
configure:24114: checking whether genl_validate_flags matches in /lib/modules/4.19.90-2102.2.0.0068.ctl2.x86_64/build/include/net/genetlink.h
configure:24128: result: no
configure:24143: checking whether genl_notify has parameter net in /lib/modules/4.19.90-2102.2.0.0068.ctl2.x86_64/build/include/net/genetlink.h
configure:24157: result: no
configure:24174: checking whether genl_multicast_group has member id in /lib/modules/4.19.90-2102.2.0.0068.ctl2.x86_64/build/include/net/genetlink.h
configure:24188: result: no
configure:24203: checking whether geneve_hdr matches in /lib/modules/4.19.90-2102.2.0.0068.ctl2.x86_64/build/include/net/geneve.h
configure:24217: result: no
configure:24233: checking whether gre_cisco_register matches in /lib/modules/4.19.90-2102.2.0.0068.ctl2.x86_64/build/include/net/gre.h
configure:24247: result: no
configure:24262: checking whether gre_handle_offloads matches in /lib/modules/4.19.90-2102.2.0.0068.ctl2.x86_64/build/include/net/gre.h
configure:24276: result: no
configure:24291: checking whether IP6_FH_F_SKIP_RH matches in /lib/modules/4.19.90-2102.2.0.0068.ctl2.x86_64/build/include/net/ipv6.h
configure:24298: result: yes
configure:24320: checking whether ip6_local_out_sk matches in /lib/modules/4.19.90-2102.2.0.0068.ctl2.x86_64/build/include/net/ipv6.h
configure:24334: result: no
configure:24349: checking whether __ipv6_addr_jhash matches in /lib/modules/4.19.90-2102.2.0.0068.ctl2.x86_64/build/include/net/ipv6.h
configure:24356: result: yes
configure:24378: checking whether rt6i.*u.dst matches in /lib/modules/4.19.90-2102.2.0.0068.ctl2.x86_64/build/include/net/ip6_fib.h
configure:24392: result: no
configure:24407: checking whether ip6_frag.*sock matches in /lib/modules/4.19.90-2102.2.0.0068.ctl2.x86_64/build/include/net/ip6_route.h
configure:24414: result: yes
configure:24437: checking whether nla_put_64bit matches in /lib/modules/4.19.90-2102.2.0.0068.ctl2.x86_64/build/include/net/netlink.h
configure:24444: result: yes
configure:24466: checking whether nla_get_be16 matches in /lib/modules/4.19.90-2102.2.0.0068.ctl2.x86_64/build/include/net/netlink.h
configure:24473: result: yes
configure:24495: checking whether nla_put_be16 matches in /lib/modules/4.19.90-2102.2.0.0068.ctl2.x86_64/build/include/net/netlink.h
configure:24502: result: yes
configure:24524: checking whether nla_put_be32 matches in /lib/modules/4.19.90-2102.2.0.0068.ctl2.x86_64/build/include/net/netlink.h
configure:24531: result: yes
configure:24553: checking whether nla_put_be64 matches in /lib/modules/4.19.90-2102.2.0.0068.ctl2.x86_64/build/include/net/netlink.h
configure:24560: result: yes
configure:24582: checking whether nla_put_in_addr matches in /lib/modules/4.19.90-2102.2.0.0068.ctl2.x86_64/build/include/net/netlink.h
configure:24589: result: yes
configure:24611: checking whether nla_find_nested matches in /lib/modules/4.19.90-2102.2.0.0068.ctl2.x86_64/build/include/net/netlink.h
configure:24618: result: yes
configure:24640: checking whether nla_is_last matches in /lib/modules/4.19.90-2102.2.0.0068.ctl2.x86_64/build/include/net/netlink.h
configure:24647: result: yes
configure:24669: checking whether nla_nest_start_noflag matches in /lib/modules/4.19.90-2102.2.0.0068.ctl2.x86_64/build/include/net/netlink.h
configure:24683: result: no
configure:24698: checking whether void.*netlink_set_err matches in /lib/modules/4.19.90-2102.2.0.0068.ctl2.x86_64/build/include/linux/netlink.h
configure:24712: result: no
configure:24727: checking whether nla_parse has parameter netlink_ext_ack in /lib/modules/4.19.90-2102.2.0.0068.ctl2.x86_64/build/include/net/netlink.h
configure:24734: result: yes
configure:24757: checking whether sctp_compute_cksum matches in /lib/modules/4.19.90-2102.2.0.0068.ctl2.x86_64/build/include/net/sctp/checksum.h
configure:24764: result: yes
configure:24787: checking whether vlan_insert_tag_set_proto matches in /lib/modules/4.19.90-2102.2.0.0068.ctl2.x86_64/build/include/linux/if_vlan.h
configure:24794: result: yes
configure:24816: checking whether __vlan_insert_tag matches in /lib/modules/4.19.90-2102.2.0.0068.ctl2.x86_64/build/include/linux/if_vlan.h
configure:24823: result: yes
configure:24845: checking whether vlan_get_protocol matches in /lib/modules/4.19.90-2102.2.0.0068.ctl2.x86_64/build/include/linux/if_vlan.h
configure:24852: result: yes
configure:24874: checking whether skb_vlan_tagged matches in /lib/modules/4.19.90-2102.2.0.0068.ctl2.x86_64/build/include/linux/if_vlan.h
configure:24881: result: yes
configure:24903: checking whether eth_type_vlan matches in /lib/modules/4.19.90-2102.2.0.0068.ctl2.x86_64/build/include/linux/if_vlan.h
configure:24910: result: yes
configure:24933: checking whether metadata_dst_alloc has parameter metadata_type in /lib/modules/4.19.90-2102.2.0.0068.ctl2.x86_64/build/include/net/dst_metadata.h
configure:24940: result: yes
configure:24963: checking whether u64_stats_fetch_begin_irq matches in /lib/modules/4.19.90-2102.2.0.0068.ctl2.x86_64/build/include/linux/u64_stats_sync.h
configure:24970: result: yes
configure:24993: checking whether struct vxlan_metadata matches in /lib/modules/4.19.90-2102.2.0.0068.ctl2.x86_64/build/include/net/vxlan.h
configure:25000: result: yes
configure:25022: checking whether udp_flow_src_port matches in /lib/modules/4.19.90-2102.2.0.0068.ctl2.x86_64/build/include/net/udp.h
configure:25029: result: yes
configure:25032: checking whether inet_get_local_port_range(net matches in /lib/modules/4.19.90-2102.2.0.0068.ctl2.x86_64/build/include/net/udp.h
configure:25039: result: yes
configure:25077: checking whether udp_v4_check matches in /lib/modules/4.19.90-2102.2.0.0068.ctl2.x86_64/build/include/net/udp.h
configure:25084: result: yes
configure:25106: checking whether udp_tunnel_gro_complete matches in /lib/modules/4.19.90-2102.2.0.0068.ctl2.x86_64/build/include/net/udp_tunnel.h
configure:25113: result: yes
configure:25135: checking whether sk_buff.*udp_tunnel_handle_offloads matches in /lib/modules/4.19.90-2102.2.0.0068.ctl2.x86_64/build/include/net/udp_tunnel.h
configure:25149: result: no
configure:25164: checking whether udp_tunnel_sock_cfg has member gro_receive in /lib/modules/4.19.90-2102.2.0.0068.ctl2.x86_64/build/include/net/udp_tunnel.h
configure:25171: result: yes
configure:25194: checking whether ignore_df matches in /lib/modules/4.19.90-2102.2.0.0068.ctl2.x86_64/build/include/linux/skbuff.h
configure:25201: result: yes
configure:25223: checking whether NET_NAME_UNKNOWN matches in /lib/modules/4.19.90-2102.2.0.0068.ctl2.x86_64/build/include/uapi/linux/netdevice.h
configure:25230: result: yes
configure:25253: checking whether sk_no_check_tx matches in /lib/modules/4.19.90-2102.2.0.0068.ctl2.x86_64/build/include/net/sock.h
configure:25260: result: yes
configure:25282: checking whether no_check6_tx matches in /lib/modules/4.19.90-2102.2.0.0068.ctl2.x86_64/build/include/linux/udp.h
configure:25289: result: yes
configure:25311: checking whether udp_add_offload has parameter net in /lib/modules/4.19.90-2102.2.0.0068.ctl2.x86_64/build/include/net/protocol.h
configure:25325: result: no
configure:25340: checking whether nf_defrag_ipv6_enable has parameter net in /lib/modules/4.19.90-2102.2.0.0068.ctl2.x86_64/build/include/net/netfilter/ipv6/nf_defrag_ipv6.h
configure:25347: result: yes
configure:25369: checking whether family_list matches in /lib/modules/4.19.90-2102.2.0.0068.ctl2.x86_64/build/include/net/genetlink.h
configure:25383: result: no
configure:25398: checking whether net_device has member needs_free_netdev in /lib/modules/4.19.90-2102.2.0.0068.ctl2.x86_64/build/include/linux/netdevice.h
configure:25405: result: yes
configure:25427: checking whether vxlan_dev has member cfg in /lib/modules/4.19.90-2102.2.0.0068.ctl2.x86_64/build/include/net/vxlan.h
configure:25434: result: yes
configure:25456: checking whether nf_conntrack_helper_put matches in /lib/modules/4.19.90-2102.2.0.0068.ctl2.x86_64/build/include/net/netfilter/nf_conntrack_helper.h
configure:25463: result: yes
configure:25485: checking whether nf_nat_helper_try_module_get matches in /lib/modules/4.19.90-2102.2.0.0068.ctl2.x86_64/build/include/net/netfilter/nf_conntrack_helper.h
configure:25499: result: no
configure:25514: checking whether nf_nat_helper_put matches in /lib/modules/4.19.90-2102.2.0.0068.ctl2.x86_64/build/include/net/netfilter/nf_conntrack_helper.h
configure:25528: result: no
configure:25543: checking whether [[:space:]]SKB_GSO_UDP[[:space:]] matches in /lib/modules/4.19.90-2102.2.0.0068.ctl2.x86_64/build/include/linux/skbuff.h
configure:25550: result: yes
configure:25572: checking whether DST_NOCACHE matches in /lib/modules/4.19.90-2102.2.0.0068.ctl2.x86_64/build/include/net/dst.h
configure:25586: result: no
configure:25601: checking whether rtnl_link_ops has member extack in /lib/modules/4.19.90-2102.2.0.0068.ctl2.x86_64/build/include/net/rtnetlink.h
configure:25608: result: yes
configure:25630: checking whether nf_hook_ops has member list in /lib/modules/4.19.90-2102.2.0.0068.ctl2.x86_64/build/include/linux/netfilter.h
configure:25644: result: no
configure:25659: checking whether IP_CT_UNTRACKED matches in /lib/modules/4.19.90-2102.2.0.0068.ctl2.x86_64/build/include/uapi/linux/netfilter/nf_conntrack_common.h
configure:25666: result: yes
configure:25688: checking whether netdev_master_upper_dev_link has parameter extack in /lib/modules/4.19.90-2102.2.0.0068.ctl2.x86_64/build/include/linux/netdevice.h
configure:25695: result: yes
configure:25717: checking whether __LINUX_COMPILER_TYPES_H matches in /lib/modules/4.19.90-2102.2.0.0068.ctl2.x86_64/build/include/linux/compiler_types.h
configure:25724: result: yes
configure:25746: checking whether ktime_get_ts64 matches in /lib/modules/4.19.90-2102.2.0.0068.ctl2.x86_64/build/include/linux/timekeeping.h
configure:25753: result: yes
configure:25775: checking whether EXPORT_SYMBOL_GPL(peernet2id_alloc) matches in /lib/modules/4.19.90-2102.2.0.0068.ctl2.x86_64/build/include/net/net_namespace.h
configure:25789: result: no
configure:25804: checking whether ktime_get_ns matches in /lib/modules/4.19.90-2102.2.0.0068.ctl2.x86_64/build/include/linux/timekeeping.h
configure:25811: result: yes
configure:25833: checking whether frag_percpu_counter_batch matches in /lib/modules/4.19.90-2102.2.0.0068.ctl2.x86_64/build/include/net/inet_frag.h
configure:25847: result: no
configure:25862: checking whether null_compute_pseudo matches in /lib/modules/4.19.90-2102.2.0.0068.ctl2.x86_64/build/include/linux/skbuff.h
configure:25869: result: yes
configure:25891: checking whether __skb_checksum_convert matches in /lib/modules/4.19.90-2102.2.0.0068.ctl2.x86_64/build/include/linux/skbuff.h
configure:25898: result: yes
configure:25920: checking whether net_device has member max_mtu in /lib/modules/4.19.90-2102.2.0.0068.ctl2.x86_64/build/include/linux/netdevice.h
configure:25927: result: yes
configure:25949: checking whether __ip6_tnl_parm has member erspan_ver in /lib/modules/4.19.90-2102.2.0.0068.ctl2.x86_64/build/include/net/ip6_tunnel.h
configure:25956: result: yes
configure:25978: checking whether SKB_GSO_IPXIP6 matches in /lib/modules/4.19.90-2102.2.0.0068.ctl2.x86_64/build/include/linux/skbuff.h
configure:25985: result: yes
configure:26007: checking whether ip6_make_flowlabel has parameter fl6 in /lib/modules/4.19.90-2102.2.0.0068.ctl2.x86_64/build/include/net/ipv6.h
configure:26014: result: yes
configure:26036: checking whether netns_sysctl_ipv6 has member auto_flowlabels in /lib/modules/4.19.90-2102.2.0.0068.ctl2.x86_64/build/include/net/ipv6.h
configure:26050: result: no
configure:26065: checking whether netif_keep_dst matches in /lib/modules/4.19.90-2102.2.0.0068.ctl2.x86_64/build/include/linux/netdevice.h
configure:26072: result: yes
configure:26094: checking whether net_device_ops has member ndo_get_iflink in /lib/modules/4.19.90-2102.2.0.0068.ctl2.x86_64/build/include/linux/netdevice.h
configure:26101: result: yes
configure:26123: checking whether skb_set_inner_ipproto matches in /lib/modules/4.19.90-2102.2.0.0068.ctl2.x86_64/build/include/linux/skbuff.h
configure:26130: result: yes
configure:26152: checking whether tunnel_encap_types matches in /lib/modules/4.19.90-2102.2.0.0068.ctl2.x86_64/build/include/uapi/linux/if_tunnel.h
configure:26159: result: yes
configure:26181: checking whether IFLA_IPTUN_ENCAP_TYPE matches in /lib/modules/4.19.90-2102.2.0.0068.ctl2.x86_64/build/include/uapi/linux/if_tunnel.h
configure:26188: result: yes
configure:26210: checking whether IFLA_IPTUN_COLLECT_METADATA matches in /lib/modules/4.19.90-2102.2.0.0068.ctl2.x86_64/build/include/uapi/linux/if_tunnel.h
configure:26217: result: yes
configure:26239: checking whether IFLA_GRE_ENCAP_DPORT matches in /lib/modules/4.19.90-2102.2.0.0068.ctl2.x86_64/build/include/uapi/linux/if_tunnel.h
configure:26246: result: yes
configure:26268: checking whether IFLA_GRE_COLLECT_METADATA matches in /lib/modules/4.19.90-2102.2.0.0068.ctl2.x86_64/build/include/uapi/linux/if_tunnel.h
configure:26275: result: yes
configure:26297: checking whether IFLA_GRE_IGNORE_DF matches in /lib/modules/4.19.90-2102.2.0.0068.ctl2.x86_64/build/include/uapi/linux/if_tunnel.h
configure:26304: result: yes
configure:26326: checking whether IFLA_GRE_FWMARK matches in /lib/modules/4.19.90-2102.2.0.0068.ctl2.x86_64/build/include/uapi/linux/if_tunnel.h
configure:26333: result: yes
configure:26355: checking whether IFLA_GRE_ERSPAN_INDEX matches in /lib/modules/4.19.90-2102.2.0.0068.ctl2.x86_64/build/include/uapi/linux/if_tunnel.h
configure:26362: result: yes
configure:26384: checking whether IFLA_GRE_ERSPAN_HWID matches in /lib/modules/4.19.90-2102.2.0.0068.ctl2.x86_64/build/include/uapi/linux/if_tunnel.h
configure:26391: result: yes
configure:26413: checking whether IFLA_IPTUN_FWMARK matches in /lib/modules/4.19.90-2102.2.0.0068.ctl2.x86_64/build/include/uapi/linux/if_tunnel.h
configure:26420: result: yes
configure:26442: checking whether sk_buff has member csum_valid in /lib/modules/4.19.90-2102.2.0.0068.ctl2.x86_64/build/include/linux/skbuff.h
configure:26449: result: yes
configure:26471: checking whether sk_buff has member vlan_present in /lib/modules/4.19.90-2102.2.0.0068.ctl2.x86_64/build/include/linux/skbuff.h
configure:26485: result: no
configure:26500: checking whether skb_checksum_simple_validate matches in /lib/modules/4.19.90-2102.2.0.0068.ctl2.x86_64/build/include/linux/skbuff.h
configure:26507: result: yes
configure:26529: checking whether void.*ndo_get_stats64 matches in /lib/modules/4.19.90-2102.2.0.0068.ctl2.x86_64/build/include/linux/netdevice.h
configure:26536: result: yes
configure:26558: checking whether init_timer_deferrable matches in /lib/modules/4.19.90-2102.2.0.0068.ctl2.x86_64/build/include/linux/timer.h
configure:26572: result: no
configure:26587: checking whether ip_tunnel_info_opts_set has parameter flags in /lib/modules/4.19.90-2102.2.0.0068.ctl2.x86_64/build/include/net/ip_tunnels.h
configure:26594: result: yes
configure:26616: checking whether inet_frags has member rnd in /lib/modules/4.19.90-2102.2.0.0068.ctl2.x86_64/build/include/net/inet_frag.h
configure:26630: result: no
configure:26645: checking whether __LINUX_OVERFLOW_H matches in /lib/modules/4.19.90-2102.2.0.0068.ctl2.x86_64/build/include/linux/overflow.h
configure:26652: result: yes
configure:26674: checking whether struct_size matches in /lib/modules/4.19.90-2102.2.0.0068.ctl2.x86_64/build/include/linux/overflow.h
configure:26681: result: yes
configure:26703: checking whether kvmalloc_array matches in /lib/modules/4.19.90-2102.2.0.0068.ctl2.x86_64/build/include/linux/mm.h
configure:26710: result: yes
configure:26732: checking whether kvmalloc_node matches in /lib/modules/4.19.90-2102.2.0.0068.ctl2.x86_64/build/include/linux/mm.h
configure:26739: result: yes
configure:26761: checking whether nf_conntrack_l3proto matches in /lib/modules/4.19.90-2102.2.0.0068.ctl2.x86_64/build/include/net/netfilter/nf_conntrack_l3proto.h
configure:26784: result: file not found
configure:26790: checking whether nf_conntrack_in has parameter nf_hook_state in /lib/modules/4.19.90-2102.2.0.0068.ctl2.x86_64/build/include/net/netfilter/nf_conntrack_core.h
configure:26804: result: no
configure:26819: checking whether IP6_DEFRAG_CONNTRACK_IN matches in /lib/modules/4.19.90-2102.2.0.0068.ctl2.x86_64/build/include/net/ipv6_frag.h
configure:26826: result: yes
configure:26848: checking whether nf_ct_helper_ext_add has parameter nf_conntrack_helper in /lib/modules/4.19.90-2102.2.0.0068.ctl2.x86_64/build/include/net/netfilter/nf_conntrack_helper.h
configure:26862: result: no
configure:26877: checking whether gre_calc_hlen matches in /lib/modules/4.19.90-2102.2.0.0068.ctl2.x86_64/build/include/net/gre.h
configure:26884: result: yes
configure:26906: checking whether ip_gre_calc_hlen matches in /lib/modules/4.19.90-2102.2.0.0068.ctl2.x86_64/build/include/net/gre.h
configure:26920: result: no
configure:26935: checking whether rb_link_node_rcu matches in /lib/modules/4.19.90-2102.2.0.0068.ctl2.x86_64/build/include/linux/rbtree.h
configure:26942: result: yes
configure:26964: checking whether bool confirm_neigh matches in /lib/modules/4.19.90-2102.2.0.0068.ctl2.x86_64/build/include/net/dst_ops.h
configure:26971: result: yes
configure:26993: checking whether fqdir matches in /lib/modules/4.19.90-2102.2.0.0068.ctl2.x86_64/build/include/net/inet_frag.h
configure:27007: result: no
configure:27022: checking whether genl_ops has member policy in /lib/modules/4.19.90-2102.2.0.0068.ctl2.x86_64/build/include/net/genetlink.h
configure:27029: result: yes
configure:27051: checking whether nla_parse_deprecated_strict matches in /lib/modules/4.19.90-2102.2.0.0068.ctl2.x86_64/build/include/net/netlink.h
configure:27065: result: no
configure:27080: checking whether validate has member extack in /lib/modules/4.19.90-2102.2.0.0068.ctl2.x86_64/build/include/net/rtnetlink.h
configure:27087: result: yes
configure:27109: checking whether __skb_set_hash matches in /lib/modules/4.19.90-2102.2.0.0068.ctl2.x86_64/build/include/linux/skbuff.h
configure:27116: result: yes
configure:27138: checking whether sw_hash matches in /lib/modules/4.19.90-2102.2.0.0068.ctl2.x86_64/build/include/linux/skbuff.h
configure:27145: result: yes
configure:27167: checking whether skb_get_hash_raw matches in /lib/modules/4.19.90-2102.2.0.0068.ctl2.x86_64/build/include/linux/skbuff.h
configure:27174: result: yes
configure:27228: gcc -c -g -O2 -DHAVE_AVX512F -DHAVE_LD_AVX512_GOOD  conftest.c >&5
configure:27228: $? = 0
configure:27250: gcc -c -g -O2 -DHAVE_AVX512F -DHAVE_LD_AVX512_GOOD  conftest.c >&5
conftest.c: In function 'main':
conftest.c:75:17: error: 'TCA_ACT_FLAGS' undeclared (first use in this function); did you mean 'TCA_BPF_FLAGS'?
         int x = TCA_ACT_FLAGS;
                 ^~~~~~~~~~~~~
                 TCA_BPF_FLAGS
conftest.c:75:17: note: each undeclared identifier is reported only once for each function it appears in
configure:27250: $? = 1
configure: failed program was:
| /* confdefs.h */
| #define PACKAGE_NAME "openvswitch"
| #define PACKAGE_TARNAME "openvswitch"
| #define PACKAGE_VERSION "2.14.1"
| #define PACKAGE_STRING "openvswitch 2.14.1"
| #define PACKAGE_BUGREPORT "bugs@openvswitch.org"
| #define PACKAGE_URL ""
| #define PACKAGE "openvswitch"
| #define VERSION "2.14.1"
| #define STDC_HEADERS 1
| #define HAVE_SYS_TYPES_H 1
| #define HAVE_SYS_STAT_H 1
| #define HAVE_STDLIB_H 1
| #define HAVE_STRING_H 1
| #define HAVE_MEMORY_H 1
| #define HAVE_STRINGS_H 1
| #define HAVE_INTTYPES_H 1
| #define HAVE_STDINT_H 1
| #define HAVE_UNISTD_H 1
| #define __EXTENSIONS__ 1
| #define _ALL_SOURCE 1
| #define _GNU_SOURCE 1
| #define _POSIX_PTHREAD_SEMANTICS 1
| #define _TANDEM_SOURCE 1
| #define HAVE_DLFCN_H 1
| #define LT_OBJDIR ".libs/"
| #define HAVE_PTHREAD_SPIN_LOCK 1
| #define HAVE_DECL_STRERROR_R 1
| #define HAVE_STRERROR_R 1
| #define STRERROR_R_CHAR_P 1
| #define VSTUDIO_DDK 1
| #define HAVE_NETLINK 1
| #define HAVE_OPENSSL 1
| #define OPENSSL_SUPPORTS_SNI 1
| #define HAVE_LIBCAPNG 1
| #define HAVE_DECL_SYS_SIGLIST 1
| #define HAVE_DECL_MALLOC_TRIM 1
| #define HAVE_STRUCT_STAT_ST_MTIM_TV_NSEC 1
| #define HAVE_STRUCT_MMSGHDR_MSG_LEN 1
| #define HAVE_STRUCT_SOCKADDR_IN6_SIN6_SCOPE_ID 1
| #define HAVE_MLOCKALL 1
| #define HAVE_STRNLEN 1
| #define HAVE_GETLOADAVG 1
| #define HAVE_STATVFS 1
| #define HAVE_GETMNTENT_R 1
| #define HAVE_SENDMMSG 1
| #define HAVE_CLOCK_GETTIME 1
| #define HAVE_MNTENT_H 1
| #define HAVE_SYS_STATVFS_H 1
| #define HAVE_LINUX_TYPES_H 1
| #define HAVE_LINUX_IF_ETHER_H 1
| #define HAVE_LINUX_NET_NAMESPACE_H 1
| #define HAVE_STDATOMIC_H 1
| #define HAVE_BITS_FLOATN_COMMON_H 1
| #define HAVE_BACKTRACE 1
| #define HAVE_LINUX_PERF_EVENT_H 1
| #define HAVE_THREAD_LOCAL 1
| #define HAVE_GCC4_ATOMICS 1
| #define ATOMIC_ALWAYS_LOCK_FREE_1B 1
| #define ATOMIC_ALWAYS_LOCK_FREE_2B 1
| #define ATOMIC_ALWAYS_LOCK_FREE_4B 1
| #define ATOMIC_ALWAYS_LOCK_FREE_8B 1
| #define HAVE_GLIBC_PTHREAD_SETNAME_NP 1
| #define HAVE_POSIX_MEMALIGN 1
| #define HAVE_STDIO_H 1
| #define HAVE_STRING_H 1
| #define HAVE_NLA_BITFIELD32 1
| /* end confdefs.h.  */
| 
|     #include <linux/pkt_cls.h>
| int
| main ()
| {
| 
|         int x = TCA_ACT_FLAGS;
| 
|   ;
|   return 0;
| }
configure:27257: checking for struct tcf_t.firstuse
configure:27257: gcc -c -g -O2 -DHAVE_AVX512F -DHAVE_LD_AVX512_GOOD  conftest.c >&5
configure:27257: $? = 0
configure:27257: result: yes
configure:27283: gcc -c -g -O2 -DHAVE_AVX512F -DHAVE_LD_AVX512_GOOD  conftest.c >&5
configure:27283: $? = 0
configure:27304: gcc -c -g -O2 -DHAVE_AVX512F -DHAVE_LD_AVX512_GOOD  conftest.c >&5
conftest.c:72:14: fatal error: linux/tc_act/tc_mpls.h: No such file or directory
     #include <linux/tc_act/tc_mpls.h>
              ^~~~~~~~~~~~~~~~~~~~~~~~
compilation terminated.
configure:27304: $? = 1
configure: failed program was:
| /* confdefs.h */
| #define PACKAGE_NAME "openvswitch"
| #define PACKAGE_TARNAME "openvswitch"
| #define PACKAGE_VERSION "2.14.1"
| #define PACKAGE_STRING "openvswitch 2.14.1"
| #define PACKAGE_BUGREPORT "bugs@openvswitch.org"
| #define PACKAGE_URL ""
| #define PACKAGE "openvswitch"
| #define VERSION "2.14.1"
| #define STDC_HEADERS 1
| #define HAVE_SYS_TYPES_H 1
| #define HAVE_SYS_STAT_H 1
| #define HAVE_STDLIB_H 1
| #define HAVE_STRING_H 1
| #define HAVE_MEMORY_H 1
| #define HAVE_STRINGS_H 1
| #define HAVE_INTTYPES_H 1
| #define HAVE_STDINT_H 1
| #define HAVE_UNISTD_H 1
| #define __EXTENSIONS__ 1
| #define _ALL_SOURCE 1
| #define _GNU_SOURCE 1
| #define _POSIX_PTHREAD_SEMANTICS 1
| #define _TANDEM_SOURCE 1
| #define HAVE_DLFCN_H 1
| #define LT_OBJDIR ".libs/"
| #define HAVE_PTHREAD_SPIN_LOCK 1
| #define HAVE_DECL_STRERROR_R 1
| #define HAVE_STRERROR_R 1
| #define STRERROR_R_CHAR_P 1
| #define VSTUDIO_DDK 1
| #define HAVE_NETLINK 1
| #define HAVE_OPENSSL 1
| #define OPENSSL_SUPPORTS_SNI 1
| #define HAVE_LIBCAPNG 1
| #define HAVE_DECL_SYS_SIGLIST 1
| #define HAVE_DECL_MALLOC_TRIM 1
| #define HAVE_STRUCT_STAT_ST_MTIM_TV_NSEC 1
| #define HAVE_STRUCT_MMSGHDR_MSG_LEN 1
| #define HAVE_STRUCT_SOCKADDR_IN6_SIN6_SCOPE_ID 1
| #define HAVE_MLOCKALL 1
| #define HAVE_STRNLEN 1
| #define HAVE_GETLOADAVG 1
| #define HAVE_STATVFS 1
| #define HAVE_GETMNTENT_R 1
| #define HAVE_SENDMMSG 1
| #define HAVE_CLOCK_GETTIME 1
| #define HAVE_MNTENT_H 1
| #define HAVE_SYS_STATVFS_H 1
| #define HAVE_LINUX_TYPES_H 1
| #define HAVE_LINUX_IF_ETHER_H 1
| #define HAVE_LINUX_NET_NAMESPACE_H 1
| #define HAVE_STDATOMIC_H 1
| #define HAVE_BITS_FLOATN_COMMON_H 1
| #define HAVE_BACKTRACE 1
| #define HAVE_LINUX_PERF_EVENT_H 1
| #define HAVE_THREAD_LOCAL 1
| #define HAVE_GCC4_ATOMICS 1
| #define ATOMIC_ALWAYS_LOCK_FREE_1B 1
| #define ATOMIC_ALWAYS_LOCK_FREE_2B 1
| #define ATOMIC_ALWAYS_LOCK_FREE_4B 1
| #define ATOMIC_ALWAYS_LOCK_FREE_8B 1
| #define HAVE_GLIBC_PTHREAD_SETNAME_NP 1
| #define HAVE_POSIX_MEMALIGN 1
| #define HAVE_STDIO_H 1
| #define HAVE_STRING_H 1
| #define HAVE_NLA_BITFIELD32 1
| #define HAVE_STRUCT_TCF_T_FIRSTUSE 1
| #define HAVE_TCA_VLAN_PUSH_VLAN_PRIORITY 1
| /* end confdefs.h.  */
| 
|     #include <linux/tc_act/tc_mpls.h>
| int
| main ()
| {
| 
|         int x = TCA_MPLS_TTL;
| 
|   ;
|   return 0;
| }
configure:27325: gcc -c -g -O2 -DHAVE_AVX512F -DHAVE_LD_AVX512_GOOD  conftest.c >&5
configure:27325: $? = 0
configure:27346: gcc -c -g -O2 -DHAVE_AVX512F -DHAVE_LD_AVX512_GOOD  conftest.c >&5
configure:27346: $? = 0
configure:27367: gcc -c -g -O2 -DHAVE_AVX512F -DHAVE_LD_AVX512_GOOD  conftest.c >&5
configure:27367: $? = 0
configure:27392: gcc -c -g -O2 -DHAVE_AVX512F -DHAVE_LD_AVX512_GOOD  conftest.c >&5
configure:27392: $? = 0
configure:27414: gcc -c -g -O2 -DHAVE_AVX512F -DHAVE_LD_AVX512_GOOD  conftest.c >&5
configure:27414: $? = 0
configure:27429: checking whether dpdk is enabled
configure:27432: result: no
configure:28267: gcc -c -g -O2 -DHAVE_AVX512F -DHAVE_LD_AVX512_GOOD  conftest.c >&5
conftest.c:76:1: note: #pragma message: Checking for pragma message
 _Pragma("message(\"Checking for pragma message\")")
 ^~~~~~~
configure:28267: $? = 0
configure:28319: checking whether make supports nested variables
configure:28336: result: yes
configure:28449: checking that generated files are newer than configure
configure:28455: result: done
configure:28598: creating ./config.status

## ---------------------- ##
## Running config.status. ##
## ---------------------- ##

This file was extended by openvswitch config.status 2.14.1, which was
generated by GNU Autoconf 2.69.  Invocation command line was

  CONFIG_FILES    = 
  CONFIG_HEADERS  = 
  CONFIG_LINKS    = 
  CONFIG_COMMANDS = 
  $ ./config.status 

on testovs

config.status:1334: creating lib/stdio.h
config.status:1334: creating lib/string.h
config.status:1334: creating ovsdb/libovsdb.sym
config.status:1334: creating ofproto/libofproto.sym
config.status:1334: creating lib/libsflow.sym
config.status:1334: creating lib/libopenvswitch.sym
config.status:1334: creating vtep/libvtep.sym
config.status:1334: creating Makefile
config.status:1334: creating datapath/Makefile
config.status:1334: creating datapath/linux/Kbuild
config.status:1334: creating datapath/linux/Makefile
config.status:1334: creating datapath/linux/Makefile.main
config.status:1334: creating tests/atlocal
config.status:1334: creating lib/libopenvswitch.pc
config.status:1334: creating lib/libsflow.pc
config.status:1334: creating ofproto/libofproto.pc
config.status:1334: creating ovsdb/libovsdb.pc
config.status:1334: creating include/openvswitch/version.h
config.status:1334: creating config.h
config.status:1515: config.h is unchanged
config.status:1563: executing tests/atconfig commands
config.status:1563: executing depfiles commands
config.status:1663: cd .       && sed -e '/# am--include-marker/d' Makefile         | make -f - am--depfiles
make: Nothing to be done for 'am--depfiles'.
config.status:1668: $? = 0
config.status:1563: executing libtool commands
config.status:1563: executing include/openflow/openflow.h.stamp commands
config.status:1563: executing utilities/bugtool/dummy commands
config.status:1563: executing ipsec/dummy commands

## ---------------- ##
## Cache variables. ##
## ---------------- ##

ac_cv_build=x86_64-pc-linux-gnu
ac_cv_c_bigendian=no
ac_cv_c_compiler_gnu=yes
ac_cv_cxx_compiler_gnu=no
ac_cv_env_CCC_set=
ac_cv_env_CCC_value=
ac_cv_env_CC_set=
ac_cv_env_CC_value=
ac_cv_env_CFLAGS_set=
ac_cv_env_CFLAGS_value=
ac_cv_env_CPPFLAGS_set=
ac_cv_env_CPPFLAGS_value=
ac_cv_env_CPP_set=
ac_cv_env_CPP_value=
ac_cv_env_CXXCPP_set=
ac_cv_env_CXXCPP_value=
ac_cv_env_CXXFLAGS_set=
ac_cv_env_CXXFLAGS_value=
ac_cv_env_CXX_set=
ac_cv_env_CXX_value=
ac_cv_env_DPDK_CFLAGS_set=
ac_cv_env_DPDK_CFLAGS_value=
ac_cv_env_DPDK_LIBS_set=
ac_cv_env_DPDK_LIBS_value=
ac_cv_env_KARCH_set=
ac_cv_env_KARCH_value=
ac_cv_env_LDFLAGS_set=
ac_cv_env_LDFLAGS_value=
ac_cv_env_LIBS_set=
ac_cv_env_LIBS_value=
ac_cv_env_LT_SYS_LIBRARY_PATH_set=
ac_cv_env_LT_SYS_LIBRARY_PATH_value=
ac_cv_env_PKG_CONFIG_LIBDIR_set=
ac_cv_env_PKG_CONFIG_LIBDIR_value=
ac_cv_env_PKG_CONFIG_PATH_set=
ac_cv_env_PKG_CONFIG_PATH_value=
ac_cv_env_PKG_CONFIG_set=
ac_cv_env_PKG_CONFIG_value=
ac_cv_env_PYTHON3_set=
ac_cv_env_PYTHON3_value=
ac_cv_env_SPHINXBUILD_set=
ac_cv_env_SPHINXBUILD_value=
ac_cv_env_build_alias_set=
ac_cv_env_build_alias_value=
ac_cv_env_host_alias_set=
ac_cv_env_host_alias_value=
ac_cv_env_target_alias_set=
ac_cv_env_target_alias_value=
ac_cv_func_clock_gettime=yes
ac_cv_func_getloadavg=yes
ac_cv_func_getmntent_r=yes
ac_cv_func_mlockall=yes
ac_cv_func_pthread_set_name_np=no
ac_cv_func_pthread_spin_lock=yes
ac_cv_func_sendmmsg=yes
ac_cv_func_statvfs=yes
ac_cv_func_strerror_r=yes
ac_cv_func_strerror_r_char_p=yes
ac_cv_func_strnlen=yes
ac_cv_have_decl_SSL_set_tlsext_host_name=yes
ac_cv_have_decl_malloc_trim=yes
ac_cv_have_decl_strerror_r=yes
ac_cv_have_decl_sys_siglist=yes
ac_cv_header_bits_floatn_common_h=yes
ac_cv_header_dlfcn_h=yes
ac_cv_header_inttypes_h=yes
ac_cv_header_linux_if_ether_h=yes
ac_cv_header_linux_net_namespace_h=yes
ac_cv_header_linux_netlink_h=yes
ac_cv_header_linux_perf_event_h=yes
ac_cv_header_linux_types_h=yes
ac_cv_header_memory_h=yes
ac_cv_header_minix_config_h=no
ac_cv_header_mntent_h=yes
ac_cv_header_net_if_dl_h=no
ac_cv_header_net_if_mib_h=no
ac_cv_header_stdatomic_h=yes
ac_cv_header_stdc=yes
ac_cv_header_stdint_h=yes
ac_cv_header_stdio_h=yes
ac_cv_header_stdlib_h=yes
ac_cv_header_string_h=yes
ac_cv_header_strings_h=yes
ac_cv_header_sys_stat_h=yes
ac_cv_header_sys_statvfs_h=yes
ac_cv_header_sys_types_h=yes
ac_cv_header_unistd_h=yes
ac_cv_header_valgrind_valgrind_h=no
ac_cv_header_windows_h=no
ac_cv_host=x86_64-pc-linux-gnu
ac_cv_lib_cap_ng_capng_clear=yes
ac_cv_lib_socket_connect=no
ac_cv_lib_unbound_ub_ctx_create=no
ac_cv_lib_unwind_unw_backtrace=no
ac_cv_member_struct_ifreq_ifr_flagshigh=no
ac_cv_member_struct_mmsghdr_msg_len=yes
ac_cv_member_struct_sockaddr_in6_sin6_scope_id=yes
ac_cv_member_struct_stat_st_mtim_tv_nsec=yes
ac_cv_member_struct_stat_st_mtimensec=no
ac_cv_member_struct_tcf_t_firstuse=yes
ac_cv_objext=o
ac_cv_path_EGREP='/usr/bin/grep -E'
ac_cv_path_FGREP='/usr/bin/grep -F'
ac_cv_path_GREP=/usr/bin/grep
ac_cv_path_PKG_CONFIG=/usr/bin/pkg-config
ac_cv_path_SED=/usr/bin/sed
ac_cv_path_ac_pt_PKG_CONFIG=/usr/bin/pkg-config
ac_cv_path_install='/usr/bin/install -c'
ac_cv_path_lt_DD=/usr/bin/dd
ac_cv_path_mkdir=/usr/bin/mkdir
ac_cv_prog_AWK=gawk
ac_cv_prog_CPP='gcc -E'
ac_cv_prog_ac_ct_AR=ar
ac_cv_prog_ac_ct_CC=gcc
ac_cv_prog_ac_ct_OBJDUMP=objdump
ac_cv_prog_ac_ct_RANLIB=ranlib
ac_cv_prog_ac_ct_STRIP=strip
ac_cv_prog_cc_c89=
ac_cv_prog_cc_c99=
ac_cv_prog_cc_g=yes
ac_cv_prog_cxx_g=no
ac_cv_prog_make_make_set=yes
ac_cv_safe_to_define___extensions__=yes
ac_cv_search___atomic_load_8=no
ac_cv_search_aio_write='none required'
ac_cv_search_backtrace='none required'
ac_cv_search_clock_gettime='none required'
ac_cv_search_gethostbyname='none required'
ac_cv_search_pow=-lm
ac_cv_search_pthread_rwlock_tryrdlock=-lpthread
ac_cv_search_pthread_rwlockattr_destroy='none required'
ac_cv_search_pthread_spin_lock='none required'
ac_cv_search_timer_create=-lrt
ac_cv_sparse_target=x86_64
ac_cv_sys_file_offset_bits=no
ac_cv_sys_largefile_CC=no
am_cv_CC_dependencies_compiler_type=gcc3
am_cv_CXX_dependencies_compiler_type=none
am_cv_make_support_nested_variables=yes
am_cv_prog_cc_c_o=yes
am_cv_prog_tar_pax=gnutar
ax_cv_cxx_compile_cxx11=no
ax_cv_cxx_compile_cxx11__h_std_cpp0x=no
ax_cv_cxx_compile_cxx11__h_std_cpp11=no
ax_cv_cxx_compile_cxx11__std_cpp0x=no
ax_cv_cxx_compile_cxx11__std_cpp11=no
ax_cv_cxx_compile_cxx11__std_gnupp0x=no
ax_cv_cxx_compile_cxx11__std_gnupp11=no
ax_cv_cxx_compile_cxx11_pstd_cpp0x=no
ax_cv_cxx_compile_cxx11_pstd_cpp11=no
ax_cv_func_posix_memalign_works=yes
cl_cv_x64=no
gl_cv_have_include_next=yes
gl_cv_next_stdio_h='<stdio.h>'
gl_cv_next_string_h='<string.h>'
gl_cv_pragma_columns=no
lt_cv_ar_at_file=@
lt_cv_deplibs_check_method=pass_all
lt_cv_file_magic_cmd='$MAGIC_CMD'
lt_cv_file_magic_test_file=
lt_cv_ld_reload_flag=-r
lt_cv_nm_interface='BSD nm'
lt_cv_objdir=.libs
lt_cv_path_LD=/usr/bin/ld
lt_cv_path_NM='/usr/bin/nm -B'
lt_cv_path_mainfest_tool=no
lt_cv_prog_compiler_c_o=yes
lt_cv_prog_compiler_pic='-fPIC -DPIC'
lt_cv_prog_compiler_pic_works=yes
lt_cv_prog_compiler_rtti_exceptions=no
lt_cv_prog_compiler_static_works=yes
lt_cv_prog_gnu_ld=yes
lt_cv_sharedlib_from_linklib_cmd='printf %s\n'
lt_cv_shlibpath_overrides_runpath=no
lt_cv_sys_global_symbol_pipe='sed -n -e '\''s/^.*[	 ]\([ABCDGIRSTW][ABCDGIRSTW]*\)[	 ][	 ]*\([_A-Za-z][_A-Za-z0-9]*\)$/\1 \2 \2/p'\'' | sed '\''/ __gnu_lto/d'\'''
lt_cv_sys_global_symbol_to_c_name_address='sed -n -e '\''s/^: \(.*\) .*$/  {"\1", (void *) 0},/p'\'' -e '\''s/^[ABCDGIRSTW][ABCDGIRSTW]* .* \(.*\)$/  {"\1", (void *) \&\1},/p'\'''
lt_cv_sys_global_symbol_to_c_name_address_lib_prefix='sed -n -e '\''s/^: \(.*\) .*$/  {"\1", (void *) 0},/p'\'' -e '\''s/^[ABCDGIRSTW][ABCDGIRSTW]* .* \(lib.*\)$/  {"\1", (void *) \&\1},/p'\'' -e '\''s/^[ABCDGIRSTW][ABCDGIRSTW]* .* \(.*\)$/  {"lib\1", (void *) \&\1},/p'\'''
lt_cv_sys_global_symbol_to_cdecl='sed -n -e '\''s/^T .* \(.*\)$/extern int \1();/p'\'' -e '\''s/^[ABCDGIRSTW][ABCDGIRSTW]* .* \(.*\)$/extern char \1;/p'\'''
lt_cv_sys_global_symbol_to_import=
lt_cv_sys_max_cmd_len=1572864
lt_cv_to_host_file_cmd=func_convert_file_noop
lt_cv_to_tool_file_cmd=func_convert_file_noop
lt_cv_truncate_bin='/usr/bin/dd bs=4096 count=1'
ovs_cv__Qunused_arguments=no
ovs_cv__Wall=yes
ovs_cv__Warray_bounds_pointer_arithmetic=no
ovs_cv__Wbad_function_cast=yes
ovs_cv__Wbool_compare=yes
ovs_cv__Wcast_align=yes
ovs_cv__Wcast_align_strict=no
ovs_cv__Wduplicated_cond=yes
ovs_cv__Werror=yes
ovs_cv__Wextra=yes
ovs_cv__Wformat_Wformat_security=yes
ovs_cv__Wlogical_not_parentheses=yes
ovs_cv__Wmissing_field_initializers=yes
ovs_cv__Wmissing_prototypes=yes
ovs_cv__Wmultistatement_macros=no
ovs_cv__Wno_null_pointer_arithmetic=no
ovs_cv__Wno_sign_compare=yes
ovs_cv__Wno_unused=yes
ovs_cv__Wno_unused_parameter=yes
ovs_cv__Wold_style_definition=yes
ovs_cv__Wpointer_arith=yes
ovs_cv__Wshadow=yes
ovs_cv__Wshift_negative_value=yes
ovs_cv__Wsizeof_array_argument=yes
ovs_cv__Wstrict_prototypes=yes
ovs_cv__Wswitch_bool=yes
ovs_cv__Wswitch_enum=yes
ovs_cv__Wthread_safety=no
ovs_cv__Wunused_parameter=yes
ovs_cv__fno_strict_aliasing=yes
ovs_cv__mavx512f=yes
ovs_cv_atomic_always_lock_free_1=1
ovs_cv_atomic_always_lock_free_2=1
ovs_cv_atomic_always_lock_free_4=1
ovs_cv_atomic_always_lock_free_8=1
ovs_cv_binutils_avx512_good=yes
ovs_cv_dot=no
ovs_cv_flake8=no
ovs_cv_gcc4_atomics=yes
ovs_cv_groff=yes
ovs_cv_linux=true
ovs_cv_pthread_setname_np=glibc
ovs_cv_python3=/usr/bin/python3
ovs_cv_strtok_r_bug=no
ovs_cv_thread_local=yes
ovs_cv_xsversion=none

## ----------------- ##
## Output variables. ##
## ----------------- ##

ACLOCAL='${SHELL} /root/ovsgw/openvswitch-2.14.1/build-aux/missing aclocal-1.16'
AMDEPBACKSLASH='\'
AMDEP_FALSE='#'
AMDEP_TRUE=''
AMTAR='$${TAR-tar}'
AM_BACKSLASH='\'
AM_DEFAULT_V='$(AM_DEFAULT_VERBOSITY)'
AM_DEFAULT_VERBOSITY='1'
AM_V='$(V)'
AR='ar'
AUTOCONF='${SHELL} /root/ovsgw/openvswitch-2.14.1/build-aux/missing autoconf'
AUTOHEADER='${SHELL} /root/ovsgw/openvswitch-2.14.1/build-aux/missing autoheader'
AUTOM4TE='${SHELL} /root/ovsgw/openvswitch-2.14.1/build-aux/missing autom4te'
AUTOMAKE='${SHELL} /root/ovsgw/openvswitch-2.14.1/build-aux/missing automake-1.16'
AWK='gawk'
CAPNG_LDADD='-lcap-ng'
CC='$(if $(C:0=),env REAL_CC="gcc" CHECK="$(SPARSE) $(SPARSE_WERROR) -I $(top_srcdir)/include/sparse $(SPARSEFLAGS) $(SPARSE_EXTRA_INCLUDES) " cgcc $(CGCCFLAGS),gcc)'
CCDEPMODE='depmode=gcc3'
CFLAGS='-g -O2 -DHAVE_AVX512F -DHAVE_LD_AVX512_GOOD'
CGCCFLAGS='-target=x86_64 -target=host_os_specs -D__MMX__=1 -D__SSE2_MATH__=1 -D__SSE_MATH__=1 -D__SSE2__=1 -D__SSE__=1 '
CPP='gcc -E'
CPPFLAGS=''
CXX='g++'
CXXCPP=''
CXXDEPMODE='depmode=none'
CXXFLAGS=''
CYGPATH_W='echo'
DBDIR='${sysconfdir}/${PACKAGE}'
DEFS='-DHAVE_CONFIG_H'
DEPDIR='.deps'
DLLTOOL='false'
DPDK_CFLAGS=''
DPDK_LIBS=''
DPDK_NETDEV_FALSE=''
DPDK_NETDEV_TRUE='#'
DPDK_vswitchd_LDFLAGS=''
DSYMUTIL=''
DUMPBIN=''
ECHO_C=''
ECHO_N='-n'
ECHO_T=''
EGREP='/usr/bin/grep -E'
ENABLE_SPARSE_BY_DEFAULT_FALSE=''
ENABLE_SPARSE_BY_DEFAULT_TRUE='#'
EXEEXT=''
FGREP='/usr/bin/grep -F'
FLAKE8_WERROR='-'
GREP='/usr/bin/grep'
HAVE_AF_XDP_FALSE=''
HAVE_AF_XDP_TRUE='#'
HAVE_AVX512F_FALSE='#'
HAVE_AVX512F_TRUE=''
HAVE_CXX11='0'
HAVE_CXX_FALSE=''
HAVE_CXX_TRUE='#'
HAVE_DOT_FALSE=''
HAVE_DOT_TRUE='#'
HAVE_FLAKE8_FALSE=''
HAVE_FLAKE8_TRUE='#'
HAVE_GROFF_FALSE='#'
HAVE_GROFF_TRUE=''
HAVE_IF_DL_FALSE=''
HAVE_IF_DL_TRUE='#'
HAVE_LD_AVX512_GOOD_FALSE='#'
HAVE_LD_AVX512_GOOD_TRUE=''
HAVE_LIBCAPNG='yes'
HAVE_LIBCAPNG_FALSE='#'
HAVE_LIBCAPNG_TRUE=''
HAVE_NETLINK_FALSE='#'
HAVE_NETLINK_TRUE=''
HAVE_OPENSSL='yes'
HAVE_OPENSSL_FALSE='#'
HAVE_OPENSSL_TRUE=''
HAVE_POSIX_AIO_FALSE='#'
HAVE_POSIX_AIO_TRUE=''
HAVE_SPHINX_FALSE=''
HAVE_SPHINX_TRUE='#'
HAVE_UNBOUND='no'
HAVE_UNBOUND_FALSE=''
HAVE_UNBOUND_TRUE='#'
HAVE_UNWIND='no'
HAVE_UNWIND_FALSE=''
HAVE_UNWIND_TRUE='#'
HAVE_WNO_UNUSED_FALSE='#'
HAVE_WNO_UNUSED_PARAMETER_FALSE='#'
HAVE_WNO_UNUSED_PARAMETER_TRUE=''
HAVE_WNO_UNUSED_TRUE=''
INCLUDE_NEXT='include_next'
INCLUDE_NEXT_AS_FIRST_DIRECTIVE='include_next'
INSTALL_DATA='${INSTALL} -m 644'
INSTALL_PROGRAM='${INSTALL}'
INSTALL_SCRIPT='${INSTALL}'
INSTALL_STRIP_PROGRAM='$(install_sh) -c -s'
KARCH=''
KBUILD='/lib/modules/4.19.90-2102.2.0.0068.ctl2.x86_64/build'
LD='/usr/bin/ld -m elf_x86_64'
LDFLAGS=''
LIBBPF_LDADD=''
LIBOBJS=''
LIBS='-lpthread -lrt -lm '
LIBTOOL='$(SHELL) $(top_builddir)/libtool'
LINUX_ENABLED_FALSE='#'
LINUX_ENABLED_TRUE=''
LINUX_FALSE='#'
LINUX_TRUE=''
LIPO=''
LN_S='ln -s'
LOGDIR='${localstatedir}/log/${PACKAGE}'
LTLIBOBJS=''
LT_AGE='0'
LT_CURRENT='0'
LT_REVISION='0'
LT_SYS_LIBRARY_PATH=''
MAKEINFO='${SHELL} /root/ovsgw/openvswitch-2.14.1/build-aux/missing makeinfo'
MANIFEST_TOOL=':'
MKDIR_P='/usr/bin/mkdir -p'
MSVC64_LDFLAGS=''
MSVC_CFLAGS=''
MSVC_PLATFORM='x86'
NDEBUG_FALSE=''
NDEBUG_TRUE='#'
NEXT_AS_FIRST_DIRECTIVE_STDIO_H='<stdio.h>'
NEXT_AS_FIRST_DIRECTIVE_STRING_H='<string.h>'
NEXT_STDIO_H='<stdio.h>'
NEXT_STRING_H='<string.h>'
NM='/usr/bin/nm -B'
NMEDIT=''
OBJDUMP='objdump'
OBJEXT='o'
OPENSSL_SUPPORTS_SNI='yes'
OTOOL64=''
OTOOL=''
OVS_CFLAGS=''
OVS_CTAGS_IDENTIFIERS_LIST='OVS_LOCKABLE OVS_NO_THREAD_SAFETY_ANALYSIS OVS_REQ_RDLOCK+ OVS_ACQ_RDLOCK+ OVS_REQ_WRLOCK+ OVS_ACQ_WRLOCK+ OVS_REQUIRES+ OVS_ACQUIRES+ OVS_TRY_WRLOCK+ OVS_TRY_RDLOCK+ OVS_TRY_LOCK+ OVS_GUARDED_BY+ OVS_EXCLUDED+ OVS_RELEASES+ OVS_ACQ_BEFORE+ OVS_ACQ_AFTER+'
OVS_LDFLAGS=''
OVS_LTINFO='-release 2.14 -version-info 0:1'
PACKAGE='openvswitch'
PACKAGE_BUGREPORT='bugs@openvswitch.org'
PACKAGE_NAME='openvswitch'
PACKAGE_STRING='openvswitch 2.14.1'
PACKAGE_TARNAME='openvswitch'
PACKAGE_URL=''
PACKAGE_VERSION='2.14.1'
PATH_SEPARATOR=':'
PKG_CONFIG='/usr/bin/pkg-config'
PKG_CONFIG_LIBDIR=''
PKG_CONFIG_PATH=''
PKIDIR='${localstatedir}/lib/openvswitch/pki'
PRAGMA_COLUMNS=''
PRAGMA_SYSTEM_HEADER='#pragma GCC system_header'
PTHREAD_INCLUDES=''
PTHREAD_LDFLAGS=''
PTHREAD_LIBS=''
PTHREAD_WIN32_DIR_DLL=''
PTHREAD_WIN32_DIR_DLL_WIN_FORM=''
PYTHON3='/usr/bin/python3'
RANLIB='ranlib'
RUNDIR='${localstatedir}/run/openvswitch'
SED='/usr/bin/sed'
SET_MAKE=''
SHELL='/bin/sh'
SPARSE='sparse'
SPARSEFLAGS='-m64'
SPARSE_EXTRA_INCLUDES='-I /usr/local/include '
SPARSE_WERROR=''
SPHINXBUILD='none'
SSL_DIR=''
SSL_INCLUDES=''
SSL_LDFLAGS=''
SSL_LIBS='-lssl -lcrypto '
STRIP='strip'
VERSION='2.14.1'
VSTUDIO_CONFIG=''
VSTUDIO_DDK_FALSE=''
VSTUDIO_DDK_TRUE='#'
VSTUDIO_WIN10_FALSE='#'
VSTUDIO_WIN10_TRUE=''
VSTUDIO_WIN8_1_FALSE='#'
VSTUDIO_WIN8_1_TRUE=''
VSTUDIO_WIN8_FALSE='#'
VSTUDIO_WIN8_TRUE=''
WARNING_FLAGS=' -Wall -Wextra -Wno-sign-compare -Wpointer-arith -Wformat -Wformat-security -Wswitch-enum -Wunused-parameter -Wbad-function-cast -Wcast-align -Wstrict-prototypes -Wold-style-definition -Wmissing-prototypes -Wmissing-field-initializers -fno-strict-aliasing -Wswitch-bool -Wlogical-not-parentheses -Wsizeof-array-argument -Wbool-compare -Wshift-negative-value -Wduplicated-cond -Wshadow'
WIN32_FALSE=''
WIN32_TRUE='#'
ac_ct_AR='ar'
ac_ct_CC='gcc'
ac_ct_CXX=''
ac_ct_DUMPBIN=''
am__EXEEXT_FALSE=''
am__EXEEXT_TRUE='#'
am__fastdepCC_FALSE='#'
am__fastdepCC_TRUE=''
am__fastdepCXX_FALSE=''
am__fastdepCXX_TRUE='#'
am__include='include'
am__isrc=''
am__leading_dot='.'
am__nodep='_no'
am__quote=''
am__tar='tar --format=posix -chf - "$$tardir"'
am__untar='tar -xf -'
bindir='${exec_prefix}/bin'
build='x86_64-pc-linux-gnu'
build_alias=''
build_cpu='x86_64'
build_os='linux-gnu'
build_vendor='pc'
datadir='${datarootdir}'
datarootdir='${prefix}/share'
docdir='${datarootdir}/doc/${PACKAGE_TARNAME}'
dvidir='${docdir}'
exec_prefix='${prefix}'
host='x86_64-pc-linux-gnu'
host_alias=''
host_cpu='x86_64'
host_os='linux-gnu'
host_vendor='pc'
htmldir='${docdir}'
includedir='${prefix}/include'
infodir='${datarootdir}/info'
install_sh='${SHELL} /root/ovsgw/openvswitch-2.14.1/build-aux/install-sh'
libdir='${exec_prefix}/lib'
libexecdir='${exec_prefix}/libexec'
localedir='${datarootdir}/locale'
localstatedir='${prefix}/var'
mandir='${datarootdir}/man'
mkdir_p='$(MKDIR_P)'
oldincludedir='/usr/include'
pdfdir='${docdir}'
prefix='/usr/local'
program_transform_name='s,x,x,'
psdir='${docdir}'
sbindir='${exec_prefix}/sbin'
sharedstatedir='${prefix}/com'
sysconfdir='${prefix}/etc'
target_alias=''

## ----------- ##
## confdefs.h. ##
## ----------- ##

/* confdefs.h */
#define PACKAGE_NAME "openvswitch"
#define PACKAGE_TARNAME "openvswitch"
#define PACKAGE_VERSION "2.14.1"
#define PACKAGE_STRING "openvswitch 2.14.1"
#define PACKAGE_BUGREPORT "bugs@openvswitch.org"
#define PACKAGE_URL ""
#define PACKAGE "openvswitch"
#define VERSION "2.14.1"
#define STDC_HEADERS 1
#define HAVE_SYS_TYPES_H 1
#define HAVE_SYS_STAT_H 1
#define HAVE_STDLIB_H 1
#define HAVE_STRING_H 1
#define HAVE_MEMORY_H 1
#define HAVE_STRINGS_H 1
#define HAVE_INTTYPES_H 1
#define HAVE_STDINT_H 1
#define HAVE_UNISTD_H 1
#define __EXTENSIONS__ 1
#define _ALL_SOURCE 1
#define _GNU_SOURCE 1
#define _POSIX_PTHREAD_SEMANTICS 1
#define _TANDEM_SOURCE 1
#define HAVE_DLFCN_H 1
#define LT_OBJDIR ".libs/"
#define HAVE_PTHREAD_SPIN_LOCK 1
#define HAVE_DECL_STRERROR_R 1
#define HAVE_STRERROR_R 1
#define STRERROR_R_CHAR_P 1
#define VSTUDIO_DDK 1
#define HAVE_NETLINK 1
#define HAVE_OPENSSL 1
#define OPENSSL_SUPPORTS_SNI 1
#define HAVE_LIBCAPNG 1
#define HAVE_DECL_SYS_SIGLIST 1
#define HAVE_DECL_MALLOC_TRIM 1
#define HAVE_STRUCT_STAT_ST_MTIM_TV_NSEC 1
#define HAVE_STRUCT_MMSGHDR_MSG_LEN 1
#define HAVE_STRUCT_SOCKADDR_IN6_SIN6_SCOPE_ID 1
#define HAVE_MLOCKALL 1
#define HAVE_STRNLEN 1
#define HAVE_GETLOADAVG 1
#define HAVE_STATVFS 1
#define HAVE_GETMNTENT_R 1
#define HAVE_SENDMMSG 1
#define HAVE_CLOCK_GETTIME 1
#define HAVE_MNTENT_H 1
#define HAVE_SYS_STATVFS_H 1
#define HAVE_LINUX_TYPES_H 1
#define HAVE_LINUX_IF_ETHER_H 1
#define HAVE_LINUX_NET_NAMESPACE_H 1
#define HAVE_STDATOMIC_H 1
#define HAVE_BITS_FLOATN_COMMON_H 1
#define HAVE_BACKTRACE 1
#define HAVE_LINUX_PERF_EVENT_H 1
#define HAVE_THREAD_LOCAL 1
#define HAVE_GCC4_ATOMICS 1
#define ATOMIC_ALWAYS_LOCK_FREE_1B 1
#define ATOMIC_ALWAYS_LOCK_FREE_2B 1
#define ATOMIC_ALWAYS_LOCK_FREE_4B 1
#define ATOMIC_ALWAYS_LOCK_FREE_8B 1
#define HAVE_GLIBC_PTHREAD_SETNAME_NP 1
#define HAVE_POSIX_MEMALIGN 1
#define HAVE_STDIO_H 1
#define HAVE_STRING_H 1
#define HAVE_NLA_BITFIELD32 1
#define HAVE_STRUCT_TCF_T_FIRSTUSE 1
#define HAVE_TCA_VLAN_PUSH_VLAN_PRIORITY 1
#define HAVE_TCA_TUNNEL_KEY_ENC_TTL 1
#define HAVE_TCA_PEDIT_KEY_EX_HDR_TYPE_UDP 1
#define HAVE_TCA_SKBEDIT_FLAGS 1
#define HAVE_SCTP_CONNTRACK_HEARTBEATS 1
#define HAVE_VIRTIO_TYPES 1
#define HAVE_PRAGMA_MESSAGE 1

configure: exit 0
